SPACAR Student  version 14-May-2018 (0061/DP/C300/D120/E60/I12/O25).
(c) Structural Dynamics, Acoustics & ControlUniversity of Twente &
    Department of Engineering MechanicsDelft University of Technology

================================================================================
 Kinematic data

  
 PLBEAM 1   1  2  3  4
 PLBEAM 2   3  4  5  6
 PLBEAM 3   5  6  7  8
 PLBEAM 4   7  8  9 10
 PLBEAM 5   9 10 11 12
 PLBEAM 6  11 12 13 14
 PLBEAM 7  13 14 15 16
 PLBEAM 8  15 16 17 18
 PLBEAM 9  17 18 19 20
 PLBEAM 10 19 20 21 22
  
 % Initial nodal position of the beam
 X    1  0.0000  +0.0000
 X    3  0.0500  +0.0000
 X    5  0.1000  +0.0000
 X    7  0.1500  +0.0000
 X    9  0.2000  +0.0000
 X   11  0.2500  +0.0000
 X   13  0.3000  +0.0000
 X   15  0.3500  +0.0000
 X   17  0.4000  +0.0000
 X   19  0.4500  +0.0000
 X   21  0.5000  +0.0000
  
 FIX 2
 INPUTX 1
  
 DYNE  1 1 3
 DYNE  2 2 3
 DYNE  3 2 3
 DYNE  4 2 3
 DYNE  5 2 3
 DYNE  6 2 3
 DYNE  7 2 3
 DYNE  8 2 3
 DYNE  9 2 3
 DYNE 10 2 3
  
 END

 Elements used in this model:
    No  Type         Element nodes          Deformation parameters (with type)    Max.def.par.
   --- -------- ----------------------- ----------------------------------------------- -----
     1 Plbeam     1   2   3   4          11-M   1-O  12-M                                   3
     2 Plbeam     3   4   5   6           2-O  13-M  14-M                                   3
     3 Plbeam     5   6   7   8           3-O  15-M  16-M                                   3
     4 Plbeam     7   8   9  10           4-O  17-M  18-M                                   3
     5 Plbeam     9  10  11  12           5-O  19-M  20-M                                   3
     6 Plbeam    11  12  13  14           6-O  21-M  22-M                                   3
     7 Plbeam    13  14  15  16           7-O  23-M  24-M                                   3
     8 Plbeam    15  16  17  18           8-O  25-M  26-M                                   3
     9 Plbeam    17  18  19  20           9-O  27-M  28-M                                   3
    10 Plbeam    19  20  21  22          10-O  29-M  30-M                                   3
   --- -------- ----------------------- ----------------------------------------------- -----

 Bending-linked elongation calculated for beam(s):   1   2   3   4   5   6   7   8   9  10

 Nodal point information
  Node   Pos.pars (with type)    Values
  ---- ----------------------- -----------------------------------------------
     1  32-M  33-M                 0.00000     0.00000                        
     2   1-O                       0.00000                                    
     3   2-C   3-C                 0.05000     0.00000                        
     4   4-C                       0.00000                                    
     5   5-C   6-C                 0.10000     0.00000                        
     6   7-C                       0.00000                                    
     7   8-C   9-C                 0.15000     0.00000                        
     8  10-C                       0.00000                                    
     9  11-C  12-C                 0.20000     0.00000                        
    10  13-C                       0.00000                                    
    11  14-C  15-C                 0.25000     0.00000                        
    12  16-C                       0.00000                                    
    13  17-C  18-C                 0.30000     0.00000                        
    14  19-C                       0.00000                                    
    15  20-C  21-C                 0.35000     0.00000                        
    16  22-C                       0.00000                                    
    17  23-C  24-C                 0.40000     0.00000                        
    18  25-C                       0.00000                                    
    19  26-C  27-C                 0.45000     0.00000                        
    20  28-C                       0.00000                                    
    21  29-C  30-C                 0.50000     0.00000                        
    22  31-C                       0.00000                                    
  ---- ----------------------- -----------------------------------------------

 Degree of freedom information:
   DOF PosPar DefPar Type     
   --- ------ ------ ---------
     1     32        Input    
     2     33        Input    
     3            11 -Dynamic 
     4            12 -Dynamic 
     5            13 -Dynamic 
     6            14 -Dynamic 
     7            15 -Dynamic 
     8            16 -Dynamic 
     9            17 -Dynamic 
    10            18 -Dynamic 
    11            19 -Dynamic 
    12            20 -Dynamic 
    13            21 -Dynamic 
    14            22 -Dynamic 
    15            23 -Dynamic 
    16            24 -Dynamic 
    17            25 -Dynamic 
    18            26 -Dynamic 
    19            27 -Dynamic 
    20            28 -Dynamic 
    21            29 -Dynamic 
    22            30 -Dynamic 
   --- ------ ------ ---------
 Condition number of Dcc:  0.5425E+03

 Zero order transfer function position parameters
  0.00000E+00  5.00000E-02  0.00000E+00  0.00000E+00  1.00000E-01  0.00000E+00
  0.00000E+00  1.50000E-01  0.00000E+00  0.00000E+00  2.00000E-01  0.00000E+00
  0.00000E+00  2.50000E-01  0.00000E+00  0.00000E+00  3.00000E-01  0.00000E+00
  0.00000E+00  3.50000E-01  0.00000E+00  0.00000E+00  4.00000E-01  0.00000E+00
  0.00000E+00  4.50000E-01  0.00000E+00  0.00000E+00  5.00000E-01  0.00000E+00
  0.00000E+00  0.00000E+00  0.00000E+00

 Zero order transfer function deformation parameters
  0.00000E+00  0.00000E+00  0.00000E+00  0.00000E+00  0.00000E+00  0.00000E+00
  0.00000E+00  0.00000E+00  0.00000E+00  0.00000E+00  0.00000E+00  0.00000E+00
  0.00000E+00  0.00000E+00  0.00000E+00  0.00000E+00  0.00000E+00  0.00000E+00
  0.00000E+00  0.00000E+00  0.00000E+00  0.00000E+00  0.00000E+00  0.00000E+00
  0.00000E+00  0.00000E+00  0.00000E+00  0.00000E+00  0.00000E+00  0.00000E+00

================================================================================
 Dynamic data

 HALT
  
 EM  1 0.001532   0.00000000002393
 EM  2 0.001532   0.00000000002393
 EM  3 0.001532   0.00000000002393
 EM  4 0.001532   0.00000000002393
 EM  5 0.001532   0.00000000002393
 EM  6 0.001532   0.00000000002393
 EM  7 0.001532   0.00000000002393
 EM  8 0.001532   0.00000000002393
 EM  9 0.001532   0.00000000002393
 EM 10 0.001532   0.00000000002393
  
 ESTIFF  1 39300  0.000614
 ESTIFF  2 39300  0.000614
 ESTIFF  3 39300  0.000614
 ESTIFF  4 39300  0.000614
 ESTIFF  5 39300  0.000614
 ESTIFF  6 39300  0.000614
 ESTIFF  7 39300  0.000614
 ESTIFF  8 39300  0.000614
 ESTIFF  9 39300  0.000614
 ESTIFF 10 39300  0.000614
  
 EDAMP  1 0.000001 0.0000001
 EDAMP  2 0.000001 0.0000001
 EDAMP  3 0.000001 0.0000001
 EDAMP  4 0.000001 0.0000001
 EDAMP  5 0.000001 0.0000001
 EDAMP  6 0.000001 0.0000001
 EDAMP  7 0.000001 0.0000001
 EDAMP  8 0.000001 0.0000001
 EDAMP  9 0.000001 0.0000001
 EDAMP  10 0.000001 0.0000001
  
 INPUTX 1 1 0 2 0
  
 TIMESTEP 5 20000
 USERSIG circ_pot3
 USERSIG circ_pot3
  
 %STARTDE 1 1 0 0
 STARTDE 1 1 0 0
 STARTDE 1 3 0 0
 STARTDE 2 2 0 0
 STARTDE 2 3 0 0
 STARTDE 3 2 0 0
 STARTDE 3 3 0 0
 STARTDE 4 2 0 0
 STARTDE 4 3 0 0
 STARTDE 5 2 0 0
 STARTDE 5 3 0 0
 STARTDE 6 2 0 0
 STARTDE 6 3 0 0
 STARTDE 7 2 0 0
 STARTDE 7 3 0 0
 STARTDE 8 2 0 0
 STARTDE 8 3 0 0
 STARTDE 9 2 0 0
 STARTDE 9 3 0 0
 STARTDE 10 2 0 0
 STARTDE 10 3 0 0
  
 END

 NEO =   10, NEMM =   10, NEM =   30, NEC =   30.

 NXO =    1, NXC =   31, NXMM =   33, NXM =   33.
 WITHOUT EULER ELEMENTS, ACCORDING TO THE GRAPHICAL USER INTERFACE
 NX  =   33, NEO  =   10, NXO =    1, NDOF=   22.
 GRAVITY:   0.00000E+00  0.00000E+00  0.00000E+00

 Element data (showing only non-zero values):
    No Type     (K) Stiffness, (D) Damping, (M) Element mass, (S) Pre-stress
   --- -------- -------------------------------------------------------------
     1 Plbeam   K    0.78600E+06    0.49120E+01    0              0          
                D    0.20000E-04    0.80000E-03    0              0          
                M    0.15320E-02
     2 Plbeam   K    0.78600E+06    0.49120E+01    0              0          
                D    0.20000E-04    0.80000E-03    0              0          
                M    0.15320E-02
     3 Plbeam   K    0.78600E+06    0.49120E+01    0              0          
                D    0.20000E-04    0.80000E-03    0              0          
                M    0.15320E-02
     4 Plbeam   K    0.78600E+06    0.49120E+01    0              0          
                D    0.20000E-04    0.80000E-03    0              0          
                M    0.15320E-02
     5 Plbeam   K    0.78600E+06    0.49120E+01    0              0          
                D    0.20000E-04    0.80000E-03    0              0          
                M    0.15320E-02
     6 Plbeam   K    0.78600E+06    0.49120E+01    0              0          
                D    0.20000E-04    0.80000E-03    0              0          
                M    0.15320E-02
     7 Plbeam   K    0.78600E+06    0.49120E+01    0              0          
                D    0.20000E-04    0.80000E-03    0              0          
                M    0.15320E-02
     8 Plbeam   K    0.78600E+06    0.49120E+01    0              0          
                D    0.20000E-04    0.80000E-03    0              0          
                M    0.15320E-02
     9 Plbeam   K    0.78600E+06    0.49120E+01    0              0          
                D    0.20000E-04    0.80000E-03    0              0          
                M    0.15320E-02
    10 Plbeam   K    0.78600E+06    0.49120E+01    0              0          
                D    0.20000E-04    0.80000E-03    0              0          
                M    0.15320E-02
   --- -------- -------------------------------------------------------------

 Nodal point forces
  Node  Pos.par / value pairs
  ---- ------------------------------------------------------------------------
     1  32:  0            33:  0                                              
     2   1:  0                                                                
     3   2:  0             3:  0                                              
     4   4:  0                                                                
     5   5:  0             6:  0                                              
     6   7:  0                                                                
     7   8:  0             9:  0                                              
     8  10:  0                                                                
     9  11:  0            12:  0                                              
    10  13:  0                                                                
    11  14:  0            15:  0                                              
    12  16:  0                                                                
    13  17:  0            18:  0                                              
    14  19:  0                                                                
    15  20:  0            21:  0                                              
    16  22:  0                                                                
    17  23:  0            24:  0                                              
    18  25:  0                                                                
    19  26:  0            27:  0                                              
    20  28:  0                                                                
    21  29:  0            30:  0                                              
    22  31:  0                                                                
  ---- ------------------------------------------------------------------------

 Nodal point mass
  Node  Value 1           2           3           4           5           6   
  ---- -----------------------------------------------------------------------
     1  0           0           0           0           0           0         
     2  0.5983E-12  0           0           0           0           0         
     3  0           0           0           0           0           0         
     4  0.1197E-11  0           0           0           0           0         
     5  0           0           0           0           0           0         
     6  0.1196E-11  0           0           0           0           0         
     7  0           0           0           0           0           0         
     8  0.1197E-11  0           0           0           0           0         
     9  0           0           0           0           0           0         
    10  0.1197E-11  0           0           0           0           0         
    11  0           0           0           0           0           0         
    12  0.1196E-11  0           0           0           0           0         
    13  0           0           0           0           0           0         
    14  0.1196E-11  0           0           0           0           0         
    15  0           0           0           0           0           0         
    16  0.1197E-11  0           0           0           0           0         
    17  0           0           0           0           0           0         
    18  0.1197E-11  0           0           0           0           0         
    19  0           0           0           0           0           0         
    20  0.1196E-11  0           0           0           0           0         
    21  0           0           0           0           0           0         
    22  0.5982E-12  0           0           0           0           0         
  ---- -----------------------------------------------------------------------

 Nodal point gyro
  Node  Value 1           2           3           4           5   
  ---- -----------------------------------------------------------
     1  0           0           0           0           0         
     2  0           0           0           0           0         
     3  0           0           0           0           0         
     4  0           0           0           0           0         
     5  0           0           0           0           0         
     6  0           0           0           0           0         
     7  0           0           0           0           0         
     8  0           0           0           0           0         
     9  0           0           0           0           0         
    10  0           0           0           0           0         
    11  0           0           0           0           0         
    12  0           0           0           0           0         
    13  0           0           0           0           0         
    14  0           0           0           0           0         
    15  0           0           0           0           0         
    16  0           0           0           0           0         
    17  0           0           0           0           0         
    18  0           0           0           0           0         
    19  0           0           0           0           0         
    20  0           0           0           0           0         
    21  0           0           0           0           0         
    22  0           0           0           0           0         
  ---- -----------------------------------------------------------

 Total mass of the system =   0.7660000E-03
================================================================================

 Zero order transfer function position parameters
  0.00000E+00  5.00000E-02  0.00000E+00  0.00000E+00  1.00000E-01  0.00000E+00
  0.00000E+00  1.50000E-01  0.00000E+00  0.00000E+00  2.00000E-01  0.00000E+00
  0.00000E+00  2.50000E-01  0.00000E+00  0.00000E+00  3.00000E-01  0.00000E+00
  0.00000E+00  3.50000E-01  0.00000E+00  0.00000E+00  4.00000E-01  0.00000E+00
  0.00000E+00  4.50000E-01  0.00000E+00  0.00000E+00  5.00000E-01  0.00000E+00
  0.00000E+00  0.00000E+00  0.00000E+00

 Zero order transfer function deformation parameters
  0.00000E+00  0.00000E+00  0.00000E+00  0.00000E+00  0.00000E+00  0.00000E+00
  0.00000E+00  0.00000E+00  0.00000E+00  0.00000E+00  0.00000E+00  0.00000E+00
  0.00000E+00  0.00000E+00  0.00000E+00  0.00000E+00  0.00000E+00  0.00000E+00
  0.00000E+00  0.00000E+00  0.00000E+00  0.00000E+00  0.00000E+00  0.00000E+00
  0.00000E+00  0.00000E+00  0.00000E+00  0.00000E+00  0.00000E+00  0.00000E+00

================================================================================
 Starting integration method "Shampine-Gordon"
 With tolerances: Absolute  0.100E-04 and relative  0.100E-03.
