SPACAR Student  version 14-May-2018 (0061/DP/C300/D120/E60/I12/O25).
(c) Structural Dynamics, Acoustics & ControlUniversity of Twente &
    Department of Engineering MechanicsDelft University of Technology

================================================================================
 Kinematic data

 PLBEAM 1 1 2 3 4
 PLBEAM 2 5 6 7 8
 PLBEAM 3 7 8 9 10
 #PLBEAM 4 9 10 11 12
  
 X 1 0. 0.
 X 3 0.5 0
 X 5 0.5 0.5
 X 7 1 0
 X 9 1.5 -0.5
 #X 11 2 -1
  
 FIX 1 2
 FIX 5
 FIX 9 1
 INPUTX 1 1
 DYNX 3 2
 DYNX 6
 DYNX 7
 DYNX 8
 DYNX 9 2
 DYNX 10
 DYNE 1 1 2 3
 RLSE 2 1 2 3
 RLSE 3 1 2 3
  
 END

 Elements used in this model:
    No  Type         Element nodes          Deformation parameters (with type)    Max.def.par.
   --- -------- ----------------------- ----------------------------------------------- -----
     1 Plbeam     1   2   3   4           1-M   2-M   3-M                                   3
     2 Plbeam     5   6   7   8           4-C   5-C   6-C                                   3
     3 Plbeam     7   8   9  10           7-C   8-C   9-C                                   3
   --- -------- ----------------------- ----------------------------------------------- -----

 Bending-linked elongation calculated for beam(s):   1   2   3

 Nodal point information
  Node   Pos.pars (with type)    Values
  ---- ----------------------- -----------------------------------------------
     1   8-M   1-O                 0.00000     0.00000                        
     2   5-C                       0.00000                                    
     3   6-C   9-M                 0.50000     0.00000                        
     4   7-C                       0.00000                                    
     5   2-O   3-O                 0.50000     0.50000                        
     6  10-M                       0.00000                                    
     7  11-M  12-M                 1.00000     0.00000                        
     8  13-M                       0.00000                                    
     9   4-O  14-M                 1.50000    -0.50000                        
    10  15-M                       0.00000                                    
  ---- ----------------------- -----------------------------------------------

 Degree of freedom information:
   DOF PosPar DefPar Type     
   --- ------ ------ ---------
     1      8        Input    
     2      9        -Dynamic 
     3     10        -Dynamic 
     4     11        -Dynamic 
     5     12        -Dynamic 
     6     13        -Dynamic 
     7     14        -Dynamic 
     8     15        -Dynamic 
     9             1 -Dynamic 
    10             2 -Dynamic 
    11             3 -Dynamic 
   --- ------ ------ ---------
 Condition number of Dcc:  0.2000E+01

 Zero order transfer function position parameters
  0.00000E+00  5.00000E-01  5.00000E-01  1.50000E+00  0.00000E+00  5.00000E-01
  0.00000E+00  0.00000E+00  0.00000E+00  0.00000E+00  1.00000E+00  0.00000E+00
  0.00000E+00 -5.00000E-01  0.00000E+00

 Zero order transfer function deformation parameters
  0.00000E+00  0.00000E+00  0.00000E+00  4.35788E-34  5.55112E-17 -5.55112E-17
  4.35788E-34  5.55112E-17 -5.55112E-17
================================================================================
 Dynamic data

 HALT
  
 EM 1 0.2225
 EM 2 0.2225
 EM 3 0.2225
 #EM 4 0.2225
  
 ESTIFF 1 13.35 13.35
 ESTIFF 2 13.35 13.35
 ESTIFF 3 13.35 13.35
 #ESTIFF 4 13.35 13.35
  
 INPUTX 1 1 0 1 0
 TIMESTEP 2 100
 STARTDE 1 1 0 0
 STARTDE 1 2 0 0
 STARTDE 1 3 0 0
 STARTDX 3 2 0 0
  
 END

 NEO =    0, NEMM =    0, NEM =    3, NEC =    9.

 NXO =    4, NXC =    7, NXMM =    8, NXM =   15.
 WITHOUT EULER ELEMENTS, ACCORDING TO THE GRAPHICAL USER INTERFACE
 NX  =   15, NEO  =    0, NXO =    4, NDOF=   11.
 GRAVITY:   0.00000E+00  0.00000E+00  0.00000E+00

 Element data (showing only non-zero values):
    No Type     (K) Stiffness, (D) Damping, (M) Element mass, (S) Pre-stress
   --- -------- -------------------------------------------------------------
     1 Plbeam   K    0.26700E+02    0.10680E+03    0              0          
                M    0.22250E+00
     2 Plbeam   K    0.18880E+02    0.37760E+02    0              0          
                M    0.22250E+00
     3 Plbeam   K    0.18880E+02    0.37760E+02    0              0          
                M    0.22250E+00
   --- -------- -------------------------------------------------------------

 Nodal point forces
  Node  Pos.par / value pairs
  ---- ------------------------------------------------------------------------
     1   8:  0             1:  0                                              
     2   5:  0                                                                
     3   6:  0             9:  0                                              
     4   7:  0                                                                
     5   2:  0             3:  0                                              
     6  10:  0                                                                
     7  11:  0            12:  0                                              
     8  13:  0                                                                
     9   4:  0            14:  0                                              
    10  15:  0                                                                
  ---- ------------------------------------------------------------------------

 Nodal point mass
  Node  Value 1           2           3           4           5           6   
  ---- -----------------------------------------------------------------------
     1  0           0           0           0           0           0         
     2  0           0           0           0           0           0         
     3  0           0           0           0           0           0         
     4  0           0           0           0           0           0         
     5  0           0           0           0           0           0         
     6  0           0           0           0           0           0         
     7  0           0           0           0           0           0         
     8  0           0           0           0           0           0         
     9  0           0           0           0           0           0         
    10  0           0           0           0           0           0         
  ---- -----------------------------------------------------------------------

 Nodal point gyro
  Node  Value 1           2           3           4           5   
  ---- -----------------------------------------------------------
     1  0           0           0           0           0         
     2  0           0           0           0           0         
     3  0           0           0           0           0         
     4  0           0           0           0           0         
     5  0           0           0           0           0         
     6  0           0           0           0           0         
     7  0           0           0           0           0         
     8  0           0           0           0           0         
     9  0           0           0           0           0         
    10  0           0           0           0           0         
  ---- -----------------------------------------------------------

 Total mass of the system =   0.4259125E+00
================================================================================

 Zero order transfer function position parameters
  0.00000E+00  5.00000E-01  5.00000E-01  1.50000E+00  0.00000E+00  5.00000E-01
  0.00000E+00  0.00000E+00  0.00000E+00  0.00000E+00  1.00000E+00  0.00000E+00
  0.00000E+00 -5.00000E-01  0.00000E+00

 Zero order transfer function deformation parameters
  0.00000E+00  0.00000E+00  0.00000E+00  4.35788E-34  5.55112E-17 -5.55112E-17
  4.35788E-34  5.55112E-17 -5.55112E-17
================================================================================
 Starting integration method "Shampine-Gordon"
 With tolerances: Absolute  0.100E-04 and relative  0.100E-03.
 Time =       0.00000000  total FE          0  delta fe     0
 Time =       0.02000000  total FE          4  delta fe     4
 Time =       0.04000000  total FE          7  delta fe     3
 Time =       0.06000000  total FE          8  delta fe     1
 Time =       0.08000000  total FE         11  delta fe     3
 Time =       0.10000000  total FE         12  delta fe     1
 Time =       0.12000000  total FE         13  delta fe     1
 Time =       0.14000000  total FE         14  delta fe     1
 Time =       0.16000000  total FE         56  delta fe    42
 Time =       0.18000000  total FE         92  delta fe    36
 Time =       0.20000000  total FE        126  delta fe    34
 Time =       0.22000000  total FE        156  delta fe    30
 Time =       0.24000000  total FE        189  delta fe    33
 Time =       0.26000000  total FE        220  delta fe    31
 Time =       0.28000000  total FE        250  delta fe    30
 Time =       0.30000000  total FE        282  delta fe    32
 Time =       0.32000000  total FE        310  delta fe    28
 Time =       0.34000000  total FE        344  delta fe    34
 Time =       0.36000000  total FE        383  delta fe    39
 Time =       0.38000000  total FE        409  delta fe    26
 Time =       0.40000000  total FE        444  delta fe    35
 Time =       0.42000000  total FE        477  delta fe    33
 Time =       0.44000000  total FE        506  delta fe    29
 Time =       0.46000000  total FE        539  delta fe    33
 Time =       0.48000000  total FE        566  delta fe    27
 Time =       0.50000000  total FE        597  delta fe    31
 Time =       0.52000000  total FE        629  delta fe    32
 Time =       0.54000000  total FE        658  delta fe    29
 Time =       0.56000000  total FE        690  delta fe    32
 Time =       0.58000000  total FE        721  delta fe    31
 Time =       0.60000000  total FE        755  delta fe    34
 Time =       0.62000000  total FE        788  delta fe    33
 Time =       0.64000000  total FE        822  delta fe    34
 Time =       0.66000000  total FE        858  delta fe    36
 Time =       0.68000000  total FE        892  delta fe    34
 Time =       0.70000000  total FE        923  delta fe    31
 Time =       0.72000000  total FE        958  delta fe    35
 Time =       0.74000000  total FE        994  delta fe    36
 Time =       0.76000000  total FE       1030  delta fe    36
 Time =       0.78000000  total FE       1063  delta fe    33
 Time =       0.80000000  total FE       1094  delta fe    31
 Time =       0.82000000  total FE       1127  delta fe    33
 Time =       0.84000000  total FE       1156  delta fe    29
 Time =       0.86000000  total FE       1184  delta fe    28
 Time =       0.88000000  total FE       1226  delta fe    42
 Time =       0.90000000  total FE       1266  delta fe    40
 Time =       0.92000000  total FE       1305  delta fe    39
 Time =       0.94000000  total FE       1343  delta fe    38
 Time =       0.96000000  total FE       1376  delta fe    33
 Time =       0.98000000  total FE       1404  delta fe    28
 Time =       1.00000000  total FE       1437  delta fe    33
 Time =       1.02000000  total FE       1466  delta fe    29
 Time =       1.04000000  total FE       1498  delta fe    32
 Time =       1.06000000  total FE       1529  delta fe    31
 Time =       1.08000000  total FE       1564  delta fe    35
 Time =       1.10000000  total FE       1593  delta fe    29
 Time =       1.12000000  total FE       1623  delta fe    30
 Time =       1.14000000  total FE       1659  delta fe    36
 Time =       1.16000000  total FE       1688  delta fe    29
 Time =       1.18000000  total FE       1729  delta fe    41
 Time =       1.20000000  total FE       1763  delta fe    34
 Time =       1.22000000  total FE       1802  delta fe    39
 Time =       1.24000000  total FE       1835  delta fe    33
 Time =       1.26000000  total FE       1864  delta fe    29
 Time =       1.28000000  total FE       1894  delta fe    30
 Time =       1.30000000  total FE       1926  delta fe    32
 Time =       1.32000000  total FE       1957  delta fe    31
 Time =       1.34000000  total FE       1990  delta fe    33
 Time =       1.36000000  total FE       2020  delta fe    30
 Time =       1.38000000  total FE       2057  delta fe    37
 Time =       1.40000000  total FE       2087  delta fe    30
 Time =       1.42000000  total FE       2118  delta fe    31
 Time =       1.44000000  total FE       2149  delta fe    31
 Time =       1.46000000  total FE       2180  delta fe    31
 Time =       1.48000000  total FE       2212  delta fe    32
 Time =       1.50000000  total FE       2247  delta fe    35
 Time =       1.52000000  total FE       2282  delta fe    35
 Time =       1.54000000  total FE       2313  delta fe    31
 Time =       1.56000000  total FE       2343  delta fe    30
 Time =       1.58000000  total FE       2374  delta fe    31
 Time =       1.60000000  total FE       2403  delta fe    29
 Time =       1.62000000  total FE       2433  delta fe    30
 Time =       1.64000000  total FE       2470  delta fe    37
 Time =       1.66000000  total FE       2497  delta fe    27
 Time =       1.68000000  total FE       2527  delta fe    30
 Time =       1.70000000  total FE       2569  delta fe    42
 Time =       1.72000000  total FE       2608  delta fe    39
 Time =       1.74000000  total FE       2658  delta fe    50
 Time =       1.76000000  total FE       2689  delta fe    31
 Time =       1.78000000  total FE       2720  delta fe    31
 Time =       1.80000000  total FE       2749  delta fe    29
 Time =       1.82000000  total FE       2782  delta fe    33
 Time =       1.84000000  total FE       2810  delta fe    28
 Time =       1.86000000  total FE       2843  delta fe    33
 Time =       1.88000000  total FE       2872  delta fe    29
 Time =       1.90000000  total FE       2905  delta fe    33
 Time =       1.92000000  total FE       2939  delta fe    34
 Time =       1.94000000  total FE       2971  delta fe    32
 Time =       1.96000000  total FE       3001  delta fe    30
 Time =       1.98000000  total FE       3028  delta fe    27
 Time =       2.00000000  total FE       3061  delta fe    33
================================================================================
