SPACAR Student  version 14-May-2018 (0061/DP/C300/D120/E60/I12/O25).
(c) Structural Dynamics, Acoustics & ControlUniversity of Twente &
    Department of Engineering MechanicsDelft University of Technology

================================================================================
 Kinematic data

 PLBEAM 1 1 2 7 8
 PLBEAM 2 5 6 7 8
 PLBEAM 3 7 8 9 10
 #PLBEAM 4 9 10 11 12
  
 X 1 0. 0.
 #X 3 0.5 0
 X 5 0.5 0.5
 X 7 1 0
 X 9 1.5 -0.5
 #X 11 2 -1
  
 FIX 1 2
 FIX 5
 FIX 9
 INPUTX 1 1
  
 #DYNX 3 2
 DYNX 6
 DYNX 7
 DYNX 8
 #DYNX 9 2
 DYNX 10
 DYNX 2
 RLSE 1 1 2 3
 RLSE 2 1 2 3
 RLSE 3 1 2 3
  
 END

 Elements used in this model:
    No  Type         Element nodes          Deformation parameters (with type)    Max.def.par.
   --- -------- ----------------------- ----------------------------------------------- -----
     1 Plbeam     1   2   7   8           1-C   2-C   3-C                                   3
     2 Plbeam     5   6   7   8           4-C   5-C   6-C                                   3
     3 Plbeam     7   8   9  10           7-C   8-C   9-C                                   3
   --- -------- ----------------------- ----------------------------------------------- -----

 Bending-linked elongation calculated for beam(s):   1   2   3

 Nodal point information
  Node   Pos.pars (with type)    Values
  ---- ----------------------- -----------------------------------------------
     1   6-M   1-O                 0.00000     0.00000                        
     2   7-M                       0.00000                                    
     5   2-O   3-O                 0.50000     0.50000                        
     6   8-M                       0.00000                                    
     7   9-M  10-M                 1.00000     0.00000                        
     8  11-M                       0.00000                                    
     9   4-O   5-O                 1.50000    -0.50000                        
    10  12-M                       0.00000                                    
  ---- ----------------------- -----------------------------------------------

 Degree of freedom information:
   DOF PosPar DefPar Type     
   --- ------ ------ ---------
     1      6        Input    
     2      7        -Dynamic 
     3      8        -Dynamic 
     4      9        -Dynamic 
     5     10        -Dynamic 
     6     11        -Dynamic 
     7     12        -Dynamic 
   --- ------ ------ ---------

 Zero order transfer function position parameters
  0.00000E+00  5.00000E-01  5.00000E-01  1.50000E+00 -5.00000E-01  0.00000E+00
  0.00000E+00  0.00000E+00  1.00000E+00  0.00000E+00  0.00000E+00  0.00000E+00


 Zero order transfer function deformation parameters
  0.00000E+00  0.00000E+00  0.00000E+00  4.35788E-34  5.55112E-17 -5.55112E-17
  4.35788E-34  5.55112E-17 -5.55112E-17
================================================================================
 Dynamic data

 HALT
  
 EM 1 0.5
 EM 2 0.2225
 EM 3 0.2225
 #EM 4 0.2225
  
 ESTIFF 1 13.35 13.35
 ESTIFF 2 13.35 13.35
 ESTIFF 3 13.35 13.35
 #ESTIFF 4 13.35 13.35
  
 INPUTX 1 1 0 1 0
 TIMESTEP 2 100
 STARTDE 1 1 0 0
* Invalid deformation parameter   1
 STARTDE 1 2 0 0
* Invalid deformation parameter   2
 STARTDE 1 3 0 0
 #STARTDX 3 2 0 0
  
* Invalid deformation parameter   3
 END

 NEO =    0, NEMM =    0, NEM =    0, NEC =    9.

 NXO =    5, NXC =    5, NXMM =    6, NXM =   12.
 WITHOUT EULER ELEMENTS, ACCORDING TO THE GRAPHICAL USER INTERFACE
 NX  =   12, NEO  =    0, NXO =    5, NDOF=    7.
 GRAVITY:   0.00000E+00  0.00000E+00  0.00000E+00

 Element data (showing only non-zero values):
    No Type     (K) Stiffness, (D) Damping, (M) Element mass, (S) Pre-stress
   --- -------- -------------------------------------------------------------
     1 Plbeam   K    0.13350E+02    0.13350E+02    0              0          
                M    0.50000E+00
     2 Plbeam   K    0.18880E+02    0.37760E+02    0              0          
                M    0.22250E+00
     3 Plbeam   K    0.18880E+02    0.37760E+02    0              0          
                M    0.22250E+00
   --- -------- -------------------------------------------------------------

 Nodal point forces
  Node  Pos.par / value pairs
  ---- ------------------------------------------------------------------------
     1   6:  0             1:  0                                              
     2   7:  0                                                                
     5   2:  0             3:  0                                              
     6   8:  0                                                                
     7   9:  0            10:  0                                              
     8  11:  0                                                                
     9   4:  0             5:  0                                              
    10  12:  0                                                                
  ---- ------------------------------------------------------------------------

 Nodal point mass
  Node  Value 1           2           3           4           5           6   
  ---- -----------------------------------------------------------------------
     1  0           0           0           0           0           0         
     2  0           0           0           0           0           0         
     5  0           0           0           0           0           0         
     6  0           0           0           0           0           0         
     7  0           0           0           0           0           0         
     8  0           0           0           0           0           0         
     9  0           0           0           0           0           0         
    10  0           0           0           0           0           0         
  ---- -----------------------------------------------------------------------

 Nodal point gyro
  Node  Value 1           2           3           4           5   
  ---- -----------------------------------------------------------
     1  0           0           0           0           0         
     2  0           0           0           0           0         
     5  0           0           0           0           0         
     6  0           0           0           0           0         
     7  0           0           0           0           0         
     8  0           0           0           0           0         
     9  0           0           0           0           0         
    10  0           0           0           0           0         
  ---- -----------------------------------------------------------

 Total mass of the system =   0.8146625E+00
================================================================================

 Zero order transfer function position parameters
  0.00000E+00  5.00000E-01  5.00000E-01  1.50000E+00 -5.00000E-01  0.00000E+00
  0.00000E+00  0.00000E+00  1.00000E+00  0.00000E+00  0.00000E+00  0.00000E+00


 Zero order transfer function deformation parameters
  0.00000E+00  0.00000E+00  0.00000E+00  4.35788E-34  5.55112E-17 -5.55112E-17
  4.35788E-34  5.55112E-17 -5.55112E-17
================================================================================
 Starting integration method "Shampine-Gordon"
 With tolerances: Absolute  0.100E-04 and relative  0.100E-03.
 Time =       0.00000000  total FE          0  delta fe     0
 Time =       0.02000000  total FE         44  delta fe    44
 Time =       0.04000000  total FE         75  delta fe    31
 Time =       0.06000000  total FE        110  delta fe    35
 Time =       0.08000000  total FE        145  delta fe    35
 Time =       0.10000000  total FE        173  delta fe    28
 Time =       0.12000000  total FE        205  delta fe    32
 Time =       0.14000000  total FE        236  delta fe    31
 Time =       0.16000000  total FE        265  delta fe    29
 Time =       0.18000000  total FE        297  delta fe    32
 Time =       0.20000000  total FE        328  delta fe    31
 Time =       0.22000000  total FE        361  delta fe    33
 Time =       0.24000000  total FE        392  delta fe    31
 Time =       0.26000000  total FE        425  delta fe    33
 Time =       0.28000000  total FE        458  delta fe    33
 Time =       0.30000000  total FE        491  delta fe    33
 Time =       0.32000000  total FE        524  delta fe    33
 Time =       0.34000000  total FE        558  delta fe    34
 Time =       0.36000000  total FE        591  delta fe    33
 Time =       0.38000000  total FE        624  delta fe    33
 Time =       0.40000000  total FE        657  delta fe    33
 Time =       0.42000000  total FE        690  delta fe    33
 Time =       0.44000000  total FE        723  delta fe    33
 Time =       0.46000000  total FE        756  delta fe    33
 Time =       0.48000000  total FE        798  delta fe    42
 Time =       0.50000000  total FE        831  delta fe    33
 Time =       0.52000000  total FE        866  delta fe    35
 Time =       0.54000000  total FE        899  delta fe    33
 Time =       0.56000000  total FE        931  delta fe    32
 Time =       0.58000000  total FE        969  delta fe    38
 Time =       0.60000000  total FE       1000  delta fe    31
 Time =       0.62000000  total FE       1033  delta fe    33
 Time =       0.64000000  total FE       1066  delta fe    33
 Time =       0.66000000  total FE       1099  delta fe    33
 Time =       0.68000000  total FE       1133  delta fe    34
 Time =       0.70000000  total FE       1169  delta fe    36
 Time =       0.72000000  total FE       1198  delta fe    29
 Time =       0.74000000  total FE       1233  delta fe    35
 Time =       0.76000000  total FE       1273  delta fe    40
 Time =       0.78000000  total FE       1311  delta fe    38
 Time =       0.80000000  total FE       1347  delta fe    36
 Time =       0.82000000  total FE       1381  delta fe    34
 Time =       0.84000000  total FE       1415  delta fe    34
 Time =       0.86000000  total FE       1453  delta fe    38
 Time =       0.88000000  total FE       1491  delta fe    38
 Time =       0.90000000  total FE       1526  delta fe    35
 Time =       0.92000000  total FE       1561  delta fe    35
 Time =       0.94000000  total FE       1596  delta fe    35
 Time =       0.96000000  total FE       1633  delta fe    37
 Time =       0.98000000  total FE       1668  delta fe    35
 Time =       1.00000000  total FE       1704  delta fe    36
 Time =       1.02000000  total FE       1740  delta fe    36
 Time =       1.04000000  total FE       1775  delta fe    35
 Time =       1.06000000  total FE       1817  delta fe    42
 Time =       1.08000000  total FE       1870  delta fe    53
 ERROR IN DRIVER, IFLAG=  4

 Time =       1.10000000  total FE       1979  delta fe   109
 ERROR IN DRIVER, IFLAG=  4

 ERROR IN DRIVER, IFLAG=  4

 ERROR IN DRIVER, IFLAG=  4

 ERROR IN DRIVER, IFLAG=  4

 ERROR IN DRIVER, IFLAG=  4

 ERROR IN DRIVER, IFLAG=  4

 ERROR IN DRIVER, IFLAG=  4

 ERROR IN DRIVER, IFLAG=  4

 ERROR IN DRIVER, IFLAG=  4

 ERROR IN DRIVER, IFLAG=  4

 Time =       1.12000000  total FE       3005  delta fe  1026
 ERROR IN DRIVER, IFLAG=  6

 Time =       1.14000000  total FE       3006  delta fe     1
 ERROR IN DRIVER, IFLAG=  6

 Time =       1.16000000  total FE       3007  delta fe     1
 ERROR IN DRIVER, IFLAG=  6

 Time =       1.18000000  total FE       3008  delta fe     1
 ERROR IN DRIVER, IFLAG=  6

 Time =       1.20000000  total FE       3009  delta fe     1
 ERROR IN DRIVER, IFLAG=  6

 Time =       1.22000000  total FE       3010  delta fe     1
 ERROR IN DRIVER, IFLAG=  6

 Time =       1.24000000  total FE       3011  delta fe     1
 ERROR IN DRIVER, IFLAG=  6

 Time =       1.26000000  total FE       3012  delta fe     1
 ERROR IN DRIVER, IFLAG=  6

 Time =       1.28000000  total FE       3013  delta fe     1
 ERROR IN DRIVER, IFLAG=  6

 Time =       1.30000000  total FE       3014  delta fe     1
 ERROR IN DRIVER, IFLAG=  6

 Time =       1.32000000  total FE       3015  delta fe     1
 ERROR IN DRIVER, IFLAG=  6

 Time =       1.34000000  total FE       3016  delta fe     1
 ERROR IN DRIVER, IFLAG=  6

 Time =       1.36000000  total FE       3017  delta fe     1
 ERROR IN DRIVER, IFLAG=  6

 Time =       1.38000000  total FE       3018  delta fe     1
 ERROR IN DRIVER, IFLAG=  6

 Time =       1.40000000  total FE       3019  delta fe     1
 ERROR IN DRIVER, IFLAG=  6

 Time =       1.42000000  total FE       3020  delta fe     1
 ERROR IN DRIVER, IFLAG=  6

 Time =       1.44000000  total FE       3021  delta fe     1
 ERROR IN DRIVER, IFLAG=  6

 Time =       1.46000000  total FE       3022  delta fe     1
 ERROR IN DRIVER, IFLAG=  6

 Time =       1.48000000  total FE       3023  delta fe     1
 ERROR IN DRIVER, IFLAG=  6

 Time =       1.50000000  total FE       3024  delta fe     1
 ERROR IN DRIVER, IFLAG=  6

 Time =       1.52000000  total FE       3025  delta fe     1
 ERROR IN DRIVER, IFLAG=  6

 Time =       1.54000000  total FE       3026  delta fe     1
 ERROR IN DRIVER, IFLAG=  6

 Time =       1.56000000  total FE       3027  delta fe     1
 ERROR IN DRIVER, IFLAG=  6

 Time =       1.58000000  total FE       3028  delta fe     1
 ERROR IN DRIVER, IFLAG=  6

 Time =       1.60000000  total FE       3029  delta fe     1
 ERROR IN DRIVER, IFLAG=  6

 Time =       1.62000000  total FE       3030  delta fe     1
 ERROR IN DRIVER, IFLAG=  6

 Time =       1.64000000  total FE       3031  delta fe     1
 ERROR IN DRIVER, IFLAG=  6

 Time =       1.66000000  total FE       3032  delta fe     1
 ERROR IN DRIVER, IFLAG=  6

 Time =       1.68000000  total FE       3033  delta fe     1
 ERROR IN DRIVER, IFLAG=  6

 Time =       1.70000000  total FE       3034  delta fe     1
 ERROR IN DRIVER, IFLAG=  6

 Time =       1.72000000  total FE       3035  delta fe     1
 ERROR IN DRIVER, IFLAG=  6

 Time =       1.74000000  total FE       3036  delta fe     1
 ERROR IN DRIVER, IFLAG=  6

 Time =       1.76000000  total FE       3037  delta fe     1
 ERROR IN DRIVER, IFLAG=  6

 Time =       1.78000000  total FE       3038  delta fe     1
 ERROR IN DRIVER, IFLAG=  6

 Time =       1.80000000  total FE       3039  delta fe     1
 ERROR IN DRIVER, IFLAG=  6

 Time =       1.82000000  total FE       3040  delta fe     1
 ERROR IN DRIVER, IFLAG=  6

 Time =       1.84000000  total FE       3041  delta fe     1
 ERROR IN DRIVER, IFLAG=  6

 Time =       1.86000000  total FE       3042  delta fe     1
 ERROR IN DRIVER, IFLAG=  6

 Time =       1.88000000  total FE       3043  delta fe     1
 ERROR IN DRIVER, IFLAG=  6

 Time =       1.90000000  total FE       3044  delta fe     1
 ERROR IN DRIVER, IFLAG=  6

 Time =       1.92000000  total FE       3045  delta fe     1
 ERROR IN DRIVER, IFLAG=  6

 Time =       1.94000000  total FE       3046  delta fe     1
 ERROR IN DRIVER, IFLAG=  6

 Time =       1.96000000  total FE       3047  delta fe     1
 ERROR IN DRIVER, IFLAG=  6

 Time =       1.98000000  total FE       3048  delta fe     1
 ERROR IN DRIVER, IFLAG=  6

 Time =       2.00000000  total FE       3049  delta fe     1
================================================================================
