SPACAR Student  version 14-May-2018 (0061/DP/C300/D120/E60/I12/O25).
(c) Structural Dynamics, Acoustics & ControlUniversity of Twente &
    Department of Engineering MechanicsDelft University of Technology

================================================================================
 Kinematic data

 PLBEAM 1 1 2 3 4
 PLBEAM 2 5 6 7 8
 PLBEAM 3 7 8 9 10
 PLBEAM 4 9 10 11 12
  
 X 1 0. 0.
 X 3 0.5 0
 X 5 0.5 .5303
 X 7 0.8536 0.1768
 X 9 1.2071 -0.1768
 X 11 1.5607 -.5303
  
 FIX 1 2
 FIX 5
 FIX 11 1
 INPUTX 1 1
 DYNX 3 2
 DYNE 1 1 2 3
  
 END

 Elements used in this model:
    No  Type         Element nodes          Deformation parameters (with type)    Max.def.par.
   --- -------- ----------------------- ----------------------------------------------- -----
     1 Plbeam     1   2   3   4          10-M  11-M  12-M                                   3
     2 Plbeam     5   6   7   8           1-O   2-O   3-O                                   3
     3 Plbeam     7   8   9  10           4-O   5-O   6-O                                   3
     4 Plbeam     9  10  11  12           7-O   8-O   9-O                                   3
   --- -------- ----------------------- ----------------------------------------------- -----

 Bending-linked elongation calculated for beam(s):   1   2   3   4

 Nodal point information
  Node   Pos.pars (with type)    Values
  ---- ----------------------- -----------------------------------------------
     1  17-M   1-O                 0.00000     0.00000                        
     2   5-C                       0.00000                                    
     3   6-C  18-M                 0.50000     0.00000                        
     4   7-C                       0.00000                                    
     5   2-O   3-O                 0.50000     0.53030                        
     6   8-C                       0.00000                                    
     7   9-C  10-C                 0.85360     0.17680                        
     8  11-C                       0.00000                                    
     9  12-C  13-C                 1.20710    -0.17680                        
    10  14-C                       0.00000                                    
    11   4-O  15-C                 1.56070    -0.53030                        
    12  16-C                       0.00000                                    
  ---- ----------------------- -----------------------------------------------

 Degree of freedom information:
   DOF PosPar DefPar Type     
   --- ------ ------ ---------
     1     17        Input    
     2     18        -Dynamic 
     3            10 -Dynamic 
     4            11 -Dynamic 
     5            12 -Dynamic 
   --- ------ ------ ---------
 Condition number of Dcc:  0.1041E+02

 Zero order transfer function position parameters
  0.00000E+00  5.00000E-01  5.30300E-01  1.56070E+00  0.00000E+00  5.00000E-01
  0.00000E+00  0.00000E+00  8.53600E-01  1.76800E-01  0.00000E+00  1.20710E+00
 -1.76800E-01  0.00000E+00 -5.30300E-01  0.00000E+00  0.00000E+00  0.00000E+00


 Zero order transfer function deformation parameters
  0.00000E+00  0.00000E+00  0.00000E+00  0.00000E+00  0.00000E+00  0.00000E+00
  0.00000E+00  0.00000E+00  0.00000E+00  0.00000E+00  0.00000E+00  0.00000E+00

================================================================================
 Dynamic data

 HALT
  
 EM 1 0.2225
 EM 2 0.2225
 EM 3 0.2225
 EM 4 0.2225
  
 ESTIFF 1 13.35 13.35
 ESTIFF 2 13.35 13.35
 ESTIFF 3 13.35 13.35
 ESTIFF 4 13.35 13.35
  
 INPUTX 1 1 0 1 0
 TIMESTEP 2 10
 STARTDE 1 1 0 0
 STARTDE 1 2 0 0
 STARTDE 1 3 0 0
 STARTDE 2 1 0 0
* Invalid deformation parameter   1
 STARTDE 2 2 0 0
* Invalid deformation parameter   2
 STARTDE 2 3 0 0
* Invalid deformation parameter   3
 STARTDE 3 1 0 0
* Invalid deformation parameter   1
 STARTDE 3 2 0 0
* Invalid deformation parameter   2
 STARTDE 3 3 0 0
* Invalid deformation parameter   3
 STARTDE 4 1 0 0
* Invalid deformation parameter   1
 STARTDE 4 2 0 0
* Invalid deformation parameter   2
 STARTDE 4 3 0 0
  
* Invalid deformation parameter   3
 END

 NEO =    9, NEMM =    9, NEM =   12, NEC =   12.

 NXO =    4, NXC =   16, NXMM =   17, NXM =   18.
 WITHOUT EULER ELEMENTS, ACCORDING TO THE GRAPHICAL USER INTERFACE
 NX  =   18, NEO  =    9, NXO =    4, NDOF=    5.
 GRAVITY:   0.00000E+00  0.00000E+00  0.00000E+00

 Element data (showing only non-zero values):
    No Type     (K) Stiffness, (D) Damping, (M) Element mass, (S) Pre-stress
   --- -------- -------------------------------------------------------------
     1 Plbeam   K    0.26700E+02    0.10680E+03    0              0          
                M    0.22250E+00
     2 Plbeam   K    0.26700E+02    0.10680E+03    0              0          
                M    0.22250E+00
     3 Plbeam   K    0.26700E+02    0.10680E+03    0              0          
                M    0.22250E+00
     4 Plbeam   K    0.26700E+02    0.10680E+03    0              0          
                M    0.22250E+00
   --- -------- -------------------------------------------------------------

 Nodal point forces
  Node  Pos.par / value pairs
  ---- ------------------------------------------------------------------------
     1  17:  0             1:  0                                              
     2   5:  0                                                                
     3   6:  0            18:  0                                              
     4   7:  0                                                                
     5   2:  0             3:  0                                              
     6   8:  0                                                                
     7   9:  0            10:  0                                              
     8  11:  0                                                                
     9  12:  0            13:  0                                              
    10  14:  0                                                                
    11   4:  0            15:  0                                              
    12  16:  0                                                                
  ---- ------------------------------------------------------------------------

 Nodal point mass
  Node  Value 1           2           3           4           5           6   
  ---- -----------------------------------------------------------------------
     1  0           0           0           0           0           0         
     2  0           0           0           0           0           0         
     3  0           0           0           0           0           0         
     4  0           0           0           0           0           0         
     5  0           0           0           0           0           0         
     6  0           0           0           0           0           0         
     7  0           0           0           0           0           0         
     8  0           0           0           0           0           0         
     9  0           0           0           0           0           0         
    10  0           0           0           0           0           0         
    11  0           0           0           0           0           0         
    12  0           0           0           0           0           0         
  ---- -----------------------------------------------------------------------

 Nodal point gyro
  Node  Value 1           2           3           4           5   
  ---- -----------------------------------------------------------
     1  0           0           0           0           0         
     2  0           0           0           0           0         
     3  0           0           0           0           0         
     4  0           0           0           0           0         
     5  0           0           0           0           0         
     6  0           0           0           0           0         
     7  0           0           0           0           0         
     8  0           0           0           0           0         
     9  0           0           0           0           0         
    10  0           0           0           0           0         
    11  0           0           0           0           0         
    12  0           0           0           0           0         
  ---- -----------------------------------------------------------

 Total mass of the system =   0.4449968E+00
================================================================================

 Zero order transfer function position parameters
  0.00000E+00  5.00000E-01  5.30300E-01  1.56070E+00  0.00000E+00  5.00000E-01
  0.00000E+00  0.00000E+00  8.53600E-01  1.76800E-01  0.00000E+00  1.20710E+00
 -1.76800E-01  0.00000E+00 -5.30300E-01  0.00000E+00  0.00000E+00  0.00000E+00


 Zero order transfer function deformation parameters
  0.00000E+00  0.00000E+00  0.00000E+00  0.00000E+00  0.00000E+00  0.00000E+00
  0.00000E+00  0.00000E+00  0.00000E+00  0.00000E+00  0.00000E+00  0.00000E+00

================================================================================
 Starting integration method "Shampine-Gordon"
 With tolerances: Absolute  0.100E-04 and relative  0.100E-03.
 Finding steady solution in STATIO:
 Iteration number    1, error:   0.00000000E+00
 Convergence OK (<  0.50E-06).
 Iteration number    1, error:   0.00000000E+00
 Convergence OK (<  0.50E-06).
 Iteration number    1, error:   0.00000000E+00
 Convergence OK (<  0.50E-06).
 Iteration number    1, error:   0.00000000E+00
 Convergence OK (<  0.50E-06).
================================================================================

 Zero order transfer function position parameters
  0.00000E+00  5.00000E-01  5.30300E-01  1.56070E+00  0.00000E+00  5.00000E-01
  0.00000E+00  0.00000E+00  8.53600E-01  1.76800E-01  0.00000E+00  1.20710E+00
 -1.76800E-01  0.00000E+00 -5.30300E-01  0.00000E+00  0.00000E+00  0.00000E+00


 Zero order transfer function deformation parameters
  0.00000E+00  0.00000E+00  0.00000E+00  0.00000E+00  0.00000E+00  0.00000E+00
  0.00000E+00  0.00000E+00  0.00000E+00  0.00000E+00  0.00000E+00  0.00000E+00


 MATRICES OF THE LINEARIZED EQUATIONS OF MOTION



 SYSTEM MASSMATRIX M0

  3.70833E-02  0.00000E+00  3.70833E-03  5.56250E-03
  0.00000E+00  4.13214E-02  0.00000E+00  0.00000E+00
  3.70833E-03  0.00000E+00  1.05952E-03  7.94643E-04
  5.56250E-03  0.00000E+00  7.94643E-04  1.05952E-03

 INERTIA FORCE/VELOCITY SENSITIVITYMATRIX C0

  0.00000E+00  0.00000E+00  0.00000E+00  0.00000E+00
  0.00000E+00  0.00000E+00  0.00000E+00  0.00000E+00
  0.00000E+00  0.00000E+00  0.00000E+00  0.00000E+00
  0.00000E+00  0.00000E+00  0.00000E+00  0.00000E+00

 SYSTEM DAMPING MATRIX D0

  0.00000E+00  0.00000E+00  0.00000E+00  0.00000E+00
  0.00000E+00  0.00000E+00  0.00000E+00  0.00000E+00
  0.00000E+00  0.00000E+00  0.00000E+00  0.00000E+00
  0.00000E+00  0.00000E+00  0.00000E+00  0.00000E+00

 SYSTEM STIFFNESSMATRIX K0

  0.00000E+00  0.00000E+00  0.00000E+00  0.00000E+00
  0.00000E+00  2.67000E+01  0.00000E+00  0.00000E+00
  0.00000E+00  0.00000E+00  4.27200E+02 -2.13600E+02
  0.00000E+00  0.00000E+00 -2.13600E+02  4.27200E+02

 DYNAMIC STIFFNESSMATRIX N0

  0.00000E+00  0.00000E+00  0.00000E+00  0.00000E+00
  0.00000E+00  0.00000E+00  0.00000E+00  0.00000E+00
  0.00000E+00  0.00000E+00  0.00000E+00  0.00000E+00
  0.00000E+00  0.00000E+00  0.00000E+00  0.00000E+00

 GEOMETRIC NON-LINEAR STIFFNESSMATRIX G0

  0.00000E+00  0.00000E+00  0.00000E+00  0.00000E+00
  0.00000E+00  0.00000E+00  0.00000E+00  0.00000E+00
  0.00000E+00  0.00000E+00  0.00000E+00  0.00000E+00
  0.00000E+00  0.00000E+00  0.00000E+00  0.00000E+00
 Error in subroutine BUCKLN: Load multiplier   29 does not converge. Buckling modes not computed.
 Load multipliers and normalized buckling modes
 Load multiplier no    1 to    4
        -Infinity        -Infinity        -Infinity        -Infinity
 Buckling mode nro    1 to    4
     0.0000000000     0.0000000000     0.0000000000     0.0000000000
     0.0000000000     0.0000000000     0.0000000000     0.0000000000
     0.0000000000     0.0000000000     0.0000000000     0.0000000000
     0.0000000000     0.0000000000     0.0000000000     0.0000000000
 >>>>> Error or possible error coded: SOLGEN   ITEM:   1
 TIME=  0.00000E+00
 COMPLIANCES
  0.00000E+00  0.00000E+00  0.00000E+00  0.00000E+00  0.00000E+00  0.00000E+00  0.00000E+00  0.00000E+00  0.00000E+00  0.00000E+00
  0.00000E+00  0.00000E+00  0.00000E+00  0.00000E+00  0.00000E+00  0.00000E+00  0.00000E+00  0.00000E+00
================================================================================
 Time =       0.00000000  total FE          0  delta fe     0
================================================================================
