SPACAR Student  version 14-May-2018 (0061/DP/C300/D120/E60/I12/O25).
(c) Structural Dynamics, Acoustics & ControlUniversity of Twente &
    Department of Engineering MechanicsDelft University of Technology

================================================================================
 Kinematic data

 PLBEAM 1 1 2 3 4
 PLBEAM 2 3 4 5 6
 PLBEAM 3 5 6 7 8
 PLBEAM 4 7 8 9 10
 PLBEAM 5 9 10 11 12
  
 PLBEAM 6 13 14 15 16
 PLBEAM 7 15 16 17 18
 PLBEAM 8 17 18 19 20
 PLBEAM 9 19 20 21 22
 PLBEAM 10 21 22 23 24
  
 X 1 0.25 0
 X 3 0.3 -0.005
 X 5 0.35 -0.010
 X 7 0.4 -0.015
 X 9 0.45 -0.020
 X 11 0.5 -0.025
  
 X 13 0.5 -1.0
 X 15 0.75 -1.0
 X 17 1.0 -1.0
 X 19 1.25 -1.0
 X 21 1.5 -1.0
 X 23 1.75 -1.0
  
 FIX 2
 FIX 13
 FIX 23
  
 INPUTX 1
  
 DYNE 1 2 3
 DYNE 2 2 3
 DYNE 3 2 3
 DYNE 4 2 3
 DYNE 5 2 3
 DYNE 6 1 2 3
 DYNE 7 1 2 3
 DYNE 8 1 2 3
 DYNE 9 1 2 3
 DYNE 10 2 3
 RLSE 10 1
  
  
 END

 Elements used in this model:
    No  Type         Element nodes          Deformation parameters (with type)    Max.def.par.
   --- -------- ----------------------- ----------------------------------------------- -----
     1 Plbeam     1   2   3   4           1-O   6-M   7-M                                   3
     2 Plbeam     3   4   5   6           2-O   8-M   9-M                                   3
     3 Plbeam     5   6   7   8           3-O  10-M  11-M                                   3
     4 Plbeam     7   8   9  10           4-O  12-M  13-M                                   3
     5 Plbeam     9  10  11  12           5-O  14-M  15-M                                   3
     6 Plbeam    13  14  15  16          16-M  17-M  18-M                                   3
     7 Plbeam    15  16  17  18          19-M  20-M  21-M                                   3
     8 Plbeam    17  18  19  20          22-M  23-M  24-M                                   3
     9 Plbeam    19  20  21  22          25-M  26-M  27-M                                   3
    10 Plbeam    21  22  23  24          30-C  28-M  29-M                                   3
   --- -------- ----------------------- ----------------------------------------------- -----

 Bending-linked elongation calculated for beam(s):   1   2   3   4   5   6   7   8   9  10

 Nodal point information
  Node   Pos.pars (with type)    Values
  ---- ----------------------- -----------------------------------------------
     1  35-M  36-M                 0.25000     0.00000                        
     2   1-O                       0.00000                                    
     3   6-C   7-C                 0.30000    -0.00500                        
     4   8-C                       0.00000                                    
     5   9-C  10-C                 0.35000    -0.01000                        
     6  11-C                       0.00000                                    
     7  12-C  13-C                 0.40000    -0.01500                        
     8  14-C                       0.00000                                    
     9  15-C  16-C                 0.45000    -0.02000                        
    10  17-C                       0.00000                                    
    11  18-C  19-C                 0.50000    -0.02500                        
    12  20-C                       0.00000                                    
    13   2-O   3-O                 0.50000    -1.00000                        
    14  21-C                       0.00000                                    
    15  22-C  23-C                 0.75000    -1.00000                        
    16  24-C                       0.00000                                    
    17  25-C  26-C                 1.00000    -1.00000                        
    18  27-C                       0.00000                                    
    19  28-C  29-C                 1.25000    -1.00000                        
    20  30-C                       0.00000                                    
    21  31-C  32-C                 1.50000    -1.00000                        
    22  33-C                       0.00000                                    
    23   4-O   5-O                 1.75000    -1.00000                        
    24  34-C                       0.00000                                    
  ---- ----------------------- -----------------------------------------------

 Degree of freedom information:
   DOF PosPar DefPar Type     
   --- ------ ------ ---------
     1     35        Input    
     2     36        Input    
     3             6 -Dynamic 
     4             7 -Dynamic 
     5             8 -Dynamic 
     6             9 -Dynamic 
     7            10 -Dynamic 
     8            11 -Dynamic 
     9            12 -Dynamic 
    10            13 -Dynamic 
    11            14 -Dynamic 
    12            15 -Dynamic 
    13            16 -Dynamic 
    14            17 -Dynamic 
    15            18 -Dynamic 
    16            19 -Dynamic 
    17            20 -Dynamic 
    18            21 -Dynamic 
    19            22 -Dynamic 
    20            23 -Dynamic 
    21            24 -Dynamic 
    22            25 -Dynamic 
    23            26 -Dynamic 
    24            27 -Dynamic 
    25            28 -Dynamic 
    26            29 -Dynamic 
   --- ------ ------ ---------
 Condition number of Dcc:  0.2702E+03

 Zero order transfer function position parameters
  0.00000E+00  5.00000E-01 -1.00000E+00  1.75000E+00 -1.00000E+00  3.00000E-01
 -5.00000E-03  0.00000E+00  3.50000E-01 -1.00000E-02  0.00000E+00  4.00000E-01
 -1.50000E-02  0.00000E+00  4.50000E-01 -2.00000E-02  0.00000E+00  5.00000E-01
 -2.50000E-02  0.00000E+00  0.00000E+00  7.50000E-01 -1.00000E+00  0.00000E+00
  1.00000E+00 -1.00000E+00  0.00000E+00  1.25000E+00 -1.00000E+00  0.00000E+00
  1.50000E+00 -1.00000E+00  0.00000E+00  0.00000E+00  2.50000E-01  0.00000E+00


 Zero order transfer function deformation parameters
  0.00000E+00  0.00000E+00  0.00000E+00  0.00000E+00  0.00000E+00  0.00000E+00
  0.00000E+00  0.00000E+00  0.00000E+00  0.00000E+00  0.00000E+00  0.00000E+00
  0.00000E+00  0.00000E+00  0.00000E+00  0.00000E+00  0.00000E+00  0.00000E+00
  0.00000E+00  0.00000E+00  0.00000E+00  0.00000E+00  0.00000E+00  0.00000E+00
  0.00000E+00  0.00000E+00  0.00000E+00  0.00000E+00  0.00000E+00  0.00000E+00

================================================================================
 Dynamic data

 HALT
 EM 1 0.001532   0.00000000002393
 EM 2 0.001532   0.00000000002393
 EM 3 0.001532   0.00000000002393
 EM 4 0.001532   0.00000000002393
 EM 5 0.001532   0.00000000002393
 EM 6 0.001532   0.00000000002393
 EM 7 0.001532   0.00000000002393
 EM 8 0.001532   0.00000000002393
 EM 9 0.001532   0.00000000002393
 EM 10 0.001532   0.00000000002393
  
  
 ESTIFF 1 69300  0.003614
 ESTIFF 2 69300  0.003614
 ESTIFF 3 69300  0.003614
 ESTIFF 4 69300  0.003614
 ESTIFF 5 69300  0.003614
 ESTIFF 6 59300  0.003614
 ESTIFF 7 59300  0.003614
 ESTIFF 8 59300  0.003614
 ESTIFF 9 59300  0.003614
 ESTIFF 10 59300  0.003614
  
  
 EDAMP 1 0.000001 0.0000001
 EDAMP 2 0.000001 0.0000001
 EDAMP 3 0.000001 0.0000001
 EDAMP 4 0.000001 0.0000001
 EDAMP 5 0.000001 0.0000001
 EDAMP 6 0.000001 0.0000001
 EDAMP 7 0.000001 0.0000001
 EDAMP 8 0.000001 0.0000001
 EDAMP 9 0.000001 0.0000001
 EDAMP 10 0.000001 0.0000001
  
  
 INPUTX 1 1 0 .5 0
 INPUTX 1 2 0 -.1 0
  
 USERSIG CIRC_POT
 USERSIG CIRC_POT
 TIMESTEP 3 15000
  
 %STARTDE 1 1 0 0
 STARTDE 1 2 0 0
 STARTDE 1 3 0 0
 %STARTDE 2 1 0 0
 STARTDE 2 2 0 0
 STARTDE 2 3 0 0
 %STARTDE 3 1 0 0
 STARTDE 3 2 0 0
 STARTDE 3 3 0 0
 %STARTDE 4 1 0 0
 STARTDE 4 2 0 0
 STARTDE 4 3 0 0
 %STARTDE 5 1 0 0
 STARTDE 5 2 0 0
 STARTDE 5 3 0 0
 %STARTDE 6 1 0 0
 STARTDE 6 2 0 0
 STARTDE 6 3 0 0
 %STARTDE 7 1 0 0
 STARTDE 7 2 0 0
 STARTDE 7 3 0 0
 %STARTDE 8 1 0 0
 STARTDE 8 2 0 0
 STARTDE 8 3 0 0
 %STARTDE 9 1 0 0
 STARTDE 9 2 0 0
 STARTDE 9 3 0 0
 %STARTDE 10 1 0 0
 STARTDE 10 2 0 0
 STARTDE 10 3 0 0
  
  
 END

 NEO =    5, NEMM =    5, NEM =   29, NEC =   30.

 NXO =    5, NXC =   34, NXMM =   36, NXM =   36.
 WITHOUT EULER ELEMENTS, ACCORDING TO THE GRAPHICAL USER INTERFACE
 NX  =   36, NEO  =    5, NXO =    5, NDOF=   26.
 GRAVITY:   0.00000E+00  0.00000E+00  0.00000E+00

 Element data (showing only non-zero values):
    No Type     (K) Stiffness, (D) Damping, (M) Element mass, (S) Pre-stress
   --- -------- -------------------------------------------------------------
     1 Plbeam   K    0.13791E+07    0.28484E+02    0              0          
                D    0.19901E-04    0.78815E-03    0              0          
                M    0.15320E-02
     2 Plbeam   K    0.13791E+07    0.28484E+02    0              0          
                D    0.19901E-04    0.78815E-03    0              0          
                M    0.15320E-02
     3 Plbeam   K    0.13791E+07    0.28484E+02    0              0          
                D    0.19901E-04    0.78815E-03    0              0          
                M    0.15320E-02
     4 Plbeam   K    0.13791E+07    0.28484E+02    0              0          
                D    0.19901E-04    0.78815E-03    0              0          
                M    0.15320E-02
     5 Plbeam   K    0.13791E+07    0.28484E+02    0              0          
                D    0.19901E-04    0.78815E-03    0              0          
                M    0.15320E-02
     6 Plbeam   K    0.23720E+06    0.23130E+00    0              0          
                D    0.40000E-05    0.64000E-05    0              0          
                M    0.15320E-02
     7 Plbeam   K    0.23720E+06    0.23130E+00    0              0          
                D    0.40000E-05    0.64000E-05    0              0          
                M    0.15320E-02
     8 Plbeam   K    0.23720E+06    0.23130E+00    0              0          
                D    0.40000E-05    0.64000E-05    0              0          
                M    0.15320E-02
     9 Plbeam   K    0.23720E+06    0.23130E+00    0              0          
                D    0.40000E-05    0.64000E-05    0              0          
                M    0.15320E-02
    10 Plbeam   K    0.23720E+06    0.23130E+00    0              0          
                D    0.40000E-05    0.64000E-05    0              0          
                M    0.15320E-02
   --- -------- -------------------------------------------------------------

 Nodal point forces
  Node  Pos.par / value pairs
  ---- ------------------------------------------------------------------------
     1  35:  0            36:  0                                              
     2   1:  0                                                                
     3   6:  0             7:  0                                              
     4   8:  0                                                                
     5   9:  0            10:  0                                              
     6  11:  0                                                                
     7  12:  0            13:  0                                              
     8  14:  0                                                                
     9  15:  0            16:  0                                              
    10  17:  0                                                                
    11  18:  0            19:  0                                              
    12  20:  0                                                                
    13   2:  0             3:  0                                              
    14  21:  0                                                                
    15  22:  0            23:  0                                              
    16  24:  0                                                                
    17  25:  0            26:  0                                              
    18  27:  0                                                                
    19  28:  0            29:  0                                              
    20  30:  0                                                                
    21  31:  0            32:  0                                              
    22  33:  0                                                                
    23   4:  0             5:  0                                              
    24  34:  0                                                                
  ---- ------------------------------------------------------------------------

 Nodal point mass
  Node  Value 1           2           3           4           5           6   
  ---- -----------------------------------------------------------------------
     1  0           0           0           0           0           0         
     2  0.6012E-12  0           0           0           0           0         
     3  0           0           0           0           0           0         
     4  0.1202E-11  0           0           0           0           0         
     5  0           0           0           0           0           0         
     6  0.1202E-11  0           0           0           0           0         
     7  0           0           0           0           0           0         
     8  0.1202E-11  0           0           0           0           0         
     9  0           0           0           0           0           0         
    10  0.1202E-11  0           0           0           0           0         
    11  0           0           0           0           0           0         
    12  0.6012E-12  0           0           0           0           0         
    13  0           0           0           0           0           0         
    14  0.2991E-11  0           0           0           0           0         
    15  0           0           0           0           0           0         
    16  0.5982E-11  0           0           0           0           0         
    17  0           0           0           0           0           0         
    18  0.5982E-11  0           0           0           0           0         
    19  0           0           0           0           0           0         
    20  0.5982E-11  0           0           0           0           0         
    21  0           0           0           0           0           0         
    22  0.5982E-11  0           0           0           0           0         
    23  0           0           0           0           0           0         
    24  0.2991E-11  0           0           0           0           0         
  ---- -----------------------------------------------------------------------

 Nodal point gyro
  Node  Value 1           2           3           4           5   
  ---- -----------------------------------------------------------
     1  0           0           0           0           0         
     2  0           0           0           0           0         
     3  0           0           0           0           0         
     4  0           0           0           0           0         
     5  0           0           0           0           0         
     6  0           0           0           0           0         
     7  0           0           0           0           0         
     8  0           0           0           0           0         
     9  0           0           0           0           0         
    10  0           0           0           0           0         
    11  0           0           0           0           0         
    12  0           0           0           0           0         
    13  0           0           0           0           0         
    14  0           0           0           0           0         
    15  0           0           0           0           0         
    16  0           0           0           0           0         
    17  0           0           0           0           0         
    18  0           0           0           0           0         
    19  0           0           0           0           0         
    20  0           0           0           0           0         
    21  0           0           0           0           0         
    22  0           0           0           0           0         
    23  0           0           0           0           0         
    24  0           0           0           0           0         
  ---- -----------------------------------------------------------

 Total mass of the system =   0.2299910E-02
================================================================================

 Zero order transfer function position parameters
  0.00000E+00  5.00000E-01 -1.00000E+00  1.75000E+00 -1.00000E+00  5.00000E-02
 -5.00000E-03  0.00000E+00  1.00000E-01 -1.00000E-02  0.00000E+00  1.50000E-01
 -1.50000E-02  0.00000E+00  2.00000E-01 -2.00000E-02  0.00000E+00  2.50000E-01
 -2.50000E-02  0.00000E+00  0.00000E+00  7.50000E-01 -1.00000E+00  0.00000E+00
  1.00000E+00 -1.00000E+00  0.00000E+00  1.25000E+00 -1.00000E+00  0.00000E+00
  1.50000E+00 -1.00000E+00  0.00000E+00  0.00000E+00  0.00000E+00  0.00000E+00


 Zero order transfer function deformation parameters
  0.00000E+00  0.00000E+00  0.00000E+00  0.00000E+00  0.00000E+00  0.00000E+00
  0.00000E+00  0.00000E+00  0.00000E+00  0.00000E+00  0.00000E+00  0.00000E+00
  0.00000E+00  0.00000E+00  0.00000E+00  0.00000E+00  0.00000E+00  0.00000E+00
  0.00000E+00  0.00000E+00  0.00000E+00  0.00000E+00  0.00000E+00  0.00000E+00
  0.00000E+00  0.00000E+00  0.00000E+00  0.00000E+00  0.00000E+00  0.00000E+00

================================================================================
 Starting integration method "Shampine-Gordon"
 With tolerances: Absolute  0.100E-04 and relative  0.100E-03.
