SPACAR Huge     version 17-Jun-2015 (0008/DP/C2000/D700/E600/I40/O40).
(c) Laboratory of Mechanical Automation, University of Twente &
    Department of Engineering Mechanics, Delft University of Technology

================================================================================
 Kinematic data

 # Endoscope
 PLBEAM 1 1 2 3 4
 PLBEAM 2 3 4 5 6
 PLBEAM 3 5 6 7 8
 PLBEAM 4 7 8 9 10
 PLBEAM 5 9 10 11 12
 PLBEAM 6 11 12 13 14
 PLBEAM 7 13 14 15 16
 PLBEAM 8 15 16 17 18
 PLBEAM 9 17 18 19 20
 PLBEAM 10 19 20 21 22
 # Large Intestine
 PLBEAM 11 23 24 25 26
 PLBEAM 12 25 26 27 28
 PLBEAM 13 27 28 29 30
 PLBEAM 14 29 30 31 32
 PLBEAM 15 31 32 33 34
 PLBEAM 16 33 34 35 36
 PLBEAM 17 35 36 37 38
 PLBEAM 18 37 38 39 40
 PLBEAM 19 39 40 41 42
 PLBEAM 20 41 42 43 44
 PLBEAM 21 43 44 45 46
 PLBEAM 22 45 46 47 48
 PLBEAM 23 47 48 49 50
 PLBEAM 24 49 50 51 52
 PLBEAM 25 51 52 53 54
 PLBEAM 26 53 54 55 56
 PLBEAM 27 55 56 57 58
 PLBEAM 28 57 58 59 60
 PLBEAM 29 59 60 61 62
 PLBEAM 30 61 62 63 64
 PLBEAM 31 63 64 65 66
 PLBEAM 32 65 66 67 68
 PLBEAM 33 67 68 69 70
  
 # Fix nodes of Endoscope
 X 1 0.0 -0.3
 X 3 0.0 -0.27
 X 5 0.0 -0.24000000000000005
 X 7 0.0 -0.21000000000000008
 X 9 0.0 -0.1800000000000001
 X 11 0.0 -0.15000000000000013
 X 13 0.0 -0.12000000000000016
 X 15 0.0 -0.09000000000000019
 X 17 0.0 -0.06000000000000022
 X 19 0.0 -0.03000000000000025
 X 21 0.0 -0.0
  
 # Fix nodes of Large Intestine
 X 23 0.0 0.0
 X 25 0.0 0.04
 X 27 0.01620857 0.073341404
 X 29 0.046881641 0.073341404
 X 31 0.075899992 0.044323054
 X 33 0.101059137 0.011481689
 X 35 0.125540516 -0.012999691
 X 37 0.156881622 -0.000759001
 X 39 0.18120854 0.033149104
 X 41 0.209766228 0.1008414
 X 43 0.236208531 0.19074523
 X 45 0.259477757 0.313437516
 X 47 0.266881602 0.394879809
 X 49 0.266881602 0.471033642
 X 51 0.247843144 0.501706713
 X 53 0.203420075 0.522611687
 X 55 0.156881622 0.530015532
 X 57 0.046881641 0.52631361
 X 59 -0.051483726 0.5121592
 X 61 -0.143502941 0.5121592
 X 63 -0.210137544 0.5121592
 X 65 -0.234464463 0.501706713
 X 67 -0.237968152 0.479683523
 X 69 -0.237968152 0.372419406
  
  
 FIX 2
 FIX 23
 FIX 51
 FIX 65
  
 INPUTX 1
  
 DYNE 1 2 3
 DYNE 2 1 2 3
 DYNE 3 1 2 3
 DYNE 4 1 2 3
 DYNE 5 1 2 3
 DYNE 6 1 2 3
 DYNE 7 1 2 3
 DYNE 8 1 2 3
 DYNE 9 1 2 3
 DYNE 10 1 2 3
 DYNE 11 2 3
 RLSE 11 1
 DYNE 12 1 2 3
 DYNE 13 1 2 3
 DYNE 14 1 2 3
 DYNE 15 1 2 3
 DYNE 16 1 2 3
 DYNE 17 1 2 3
 DYNE 18 1 2 3
 DYNE 19 1 2 3
 DYNE 20 1 2 3
 DYNE 21 1 2 3
 DYNE 22 1 2 3
 DYNE 23 1 2 3
 DYNE 24 1 2 3
 DYNE 25 2 3
 RLSE 25 1
 DYNE 26 1 2 3
 DYNE 27 1 2 3
 DYNE 28 1 2 3
 DYNE 29 1 2 3
 DYNE 30 2 3
 RLSE 30 1
 DYNE 31 1 2 3
 DYNE 32 1 2 3
 DYNE 33 1 2 3
  
 END

 Elements used in this model:
    No  Type         Element nodes          Deformation parameters (with type)    Max.def.par.
   --- -------- ----------------------- ----------------------------------------------- -----
     1 Plbeam     1   2   3   4           1-O   2-M   3-M                                   3
     2 Plbeam     3   4   5   6           4-M   5-M   6-M                                   3
     3 Plbeam     5   6   7   8           7-M   8-M   9-M                                   3
     4 Plbeam     7   8   9  10          10-M  11-M  12-M                                   3
     5 Plbeam     9  10  11  12          13-M  14-M  15-M                                   3
     6 Plbeam    11  12  13  14          16-M  17-M  18-M                                   3
     7 Plbeam    13  14  15  16          19-M  20-M  21-M                                   3
     8 Plbeam    15  16  17  18          22-M  23-M  24-M                                   3
     9 Plbeam    17  18  19  20          25-M  26-M  27-M                                   3
    10 Plbeam    19  20  21  22          28-M  29-M  30-M                                   3
    11 Plbeam    23  24  25  26          97-C  31-M  32-M                                   3
    12 Plbeam    25  26  27  28          33-M  34-M  35-M                                   3
    13 Plbeam    27  28  29  30          36-M  37-M  38-M                                   3
    14 Plbeam    29  30  31  32          39-M  40-M  41-M                                   3
    15 Plbeam    31  32  33  34          42-M  43-M  44-M                                   3
    16 Plbeam    33  34  35  36          45-M  46-M  47-M                                   3
    17 Plbeam    35  36  37  38          48-M  49-M  50-M                                   3
    18 Plbeam    37  38  39  40          51-M  52-M  53-M                                   3
    19 Plbeam    39  40  41  42          54-M  55-M  56-M                                   3
    20 Plbeam    41  42  43  44          57-M  58-M  59-M                                   3
    21 Plbeam    43  44  45  46          60-M  61-M  62-M                                   3
    22 Plbeam    45  46  47  48          63-M  64-M  65-M                                   3
    23 Plbeam    47  48  49  50          66-M  67-M  68-M                                   3
    24 Plbeam    49  50  51  52          69-M  70-M  71-M                                   3
    25 Plbeam    51  52  53  54          98-C  72-M  73-M                                   3
    26 Plbeam    53  54  55  56          74-M  75-M  76-M                                   3
    27 Plbeam    55  56  57  58          77-M  78-M  79-M                                   3
    28 Plbeam    57  58  59  60          80-M  81-M  82-M                                   3
    29 Plbeam    59  60  61  62          83-M  84-M  85-M                                   3
    30 Plbeam    61  62  63  64          99-C  86-M  87-M                                   3
    31 Plbeam    63  64  65  66          88-M  89-M  90-M                                   3
    32 Plbeam    65  66  67  68          91-M  92-M  93-M                                   3
    33 Plbeam    67  68  69  70          94-M  95-M  96-M                                   3
   --- -------- ----------------------- ----------------------------------------------- -----

 Bending-linked elongation calculated for beam(s):   1   2   3   4   5   6   7   8   9  10  11  12  13  14  15  16  17  18  19  20

 Bending-linked elongation calculated for beam(s):  21  22  23  24  25  26  27  28  29  30  31  32  33

 Nodal point information
  Node   Pos.pars (with type)    Values
  ---- ----------------------- -----------------------------------------------
     1 104-M 105-M                 0.00000    -0.30000                        
     2   1-O                       0.00000                                    
     3   8-C   9-C                 0.00000    -0.27000                        
     4  10-C                       0.00000                                    
     5  11-C  12-C                 0.00000    -0.24000                        
     6  13-C                       0.00000                                    
     7  14-C  15-C                 0.00000    -0.21000                        
     8  16-C                       0.00000                                    
     9  17-C  18-C                 0.00000    -0.18000                        
    10  19-C                       0.00000                                    
    11  20-C  21-C                 0.00000    -0.15000                        
    12  22-C                       0.00000                                    
    13  23-C  24-C                 0.00000    -0.12000                        
    14  25-C                       0.00000                                    
    15  26-C  27-C                 0.00000    -0.09000                        
    16  28-C                       0.00000                                    
    17  29-C  30-C                 0.00000    -0.06000                        
    18  31-C                       0.00000                                    
    19  32-C  33-C                 0.00000    -0.03000                        
    20  34-C                       0.00000                                    
    21  35-C  36-C                 0.00000     0.00000                        
    22  37-C                       0.00000                                    
    23   2-O   3-O                 0.00000     0.00000                        
    24  38-C                       0.00000                                    
    25  39-C  40-C                 0.00000     0.04000                        
    26  41-C                       0.00000                                    
    27  42-C  43-C                 0.01621     0.07334                        
    28  44-C                       0.00000                                    
    29  45-C  46-C                 0.04688     0.07334                        
    30  47-C                       0.00000                                    
    31  48-C  49-C                 0.07590     0.04432                        
    32  50-C                       0.00000                                    
    33  51-C  52-C                 0.10106     0.01148                        
    34  53-C                       0.00000                                    
    35  54-C  55-C                 0.12554    -0.01300                        
    36  56-C                       0.00000                                    
    37  57-C  58-C                 0.15688    -0.00076                        
    38  59-C                       0.00000                                    
    39  60-C  61-C                 0.18121     0.03315                        
    40  62-C                       0.00000                                    
    41  63-C  64-C                 0.20977     0.10084                        
    42  65-C                       0.00000                                    
    43  66-C  67-C                 0.23621     0.19075                        
    44  68-C                       0.00000                                    
    45  69-C  70-C                 0.25948     0.31344                        
    46  71-C                       0.00000                                    
    47  72-C  73-C                 0.26688     0.39488                        
    48  74-C                       0.00000                                    
    49  75-C  76-C                 0.26688     0.47103                        
    50  77-C                       0.00000                                    
    51   4-O   5-O                 0.24784     0.50171                        
    52  78-C                       0.00000                                    
    53  79-C  80-C                 0.20342     0.52261                        
    54  81-C                       0.00000                                    
    55  82-C  83-C                 0.15688     0.53002                        
    56  84-C                       0.00000                                    
    57  85-C  86-C                 0.04688     0.52631                        
    58  87-C                       0.00000                                    
    59  88-C  89-C                -0.05148     0.51216                        
    60  90-C                       0.00000                                    
    61  91-C  92-C                -0.14350     0.51216                        
    62  93-C                       0.00000                                    
    63  94-C  95-C                -0.21014     0.51216                        
    64  96-C                       0.00000                                    
    65   6-O   7-O                -0.23446     0.50171                        
    66  97-C                       0.00000                                    
    67  98-C  99-C                -0.23797     0.47968                        
    68 100-C                       0.00000                                    
    69 101-C 102-C                -0.23797     0.37242                        
    70 103-C                       0.00000                                    
  ---- ----------------------- -----------------------------------------------

 Degree of freedom information:
   DOF PosPar DefPar Type     
   --- ------ ------ ---------
     1    104        Input    
     2    105        Input    
     3             2 -Dynamic 
     4             3 -Dynamic 
     5             4 -Dynamic 
     6             5 -Dynamic 
     7             6 -Dynamic 
     8             7 -Dynamic 
     9             8 -Dynamic 
    10             9 -Dynamic 
    11            10 -Dynamic 
    12            11 -Dynamic 
    13            12 -Dynamic 
    14            13 -Dynamic 
    15            14 -Dynamic 
    16            15 -Dynamic 
    17            16 -Dynamic 
    18            17 -Dynamic 
    19            18 -Dynamic 
    20            19 -Dynamic 
    21            20 -Dynamic 
    22            21 -Dynamic 
    23            22 -Dynamic 
    24            23 -Dynamic 
    25            24 -Dynamic 
    26            25 -Dynamic 
    27            26 -Dynamic 
    28            27 -Dynamic 
    29            28 -Dynamic 
    30            29 -Dynamic 
    31            30 -Dynamic 
    32            31 -Dynamic 
    33            32 -Dynamic 
    34            33 -Dynamic 
    35            34 -Dynamic 
    36            35 -Dynamic 
    37            36 -Dynamic 
    38            37 -Dynamic 
    39            38 -Dynamic 
    40            39 -Dynamic 
    41            40 -Dynamic 
    42            41 -Dynamic 
    43            42 -Dynamic 
    44            43 -Dynamic 
    45            44 -Dynamic 
    46            45 -Dynamic 
    47            46 -Dynamic 
    48            47 -Dynamic 
    49            48 -Dynamic 
    50            49 -Dynamic 
    51            50 -Dynamic 
    52            51 -Dynamic 
    53            52 -Dynamic 
    54            53 -Dynamic 
    55            54 -Dynamic 
    56            55 -Dynamic 
    57            56 -Dynamic 
    58            57 -Dynamic 
    59            58 -Dynamic 
    60            59 -Dynamic 
    61            60 -Dynamic 
    62            61 -Dynamic 
    63            62 -Dynamic 
    64            63 -Dynamic 
    65            64 -Dynamic 
    66            65 -Dynamic 
    67            66 -Dynamic 
    68            67 -Dynamic 
    69            68 -Dynamic 
    70            69 -Dynamic 
    71            70 -Dynamic 
    72            71 -Dynamic 
    73            72 -Dynamic 
    74            73 -Dynamic 
    75            74 -Dynamic 
    76            75 -Dynamic 
    77            76 -Dynamic 
    78            77 -Dynamic 
    79            78 -Dynamic 
    80            79 -Dynamic 
    81            80 -Dynamic 
    82            81 -Dynamic 
    83            82 -Dynamic 
    84            83 -Dynamic 
    85            84 -Dynamic 
    86            85 -Dynamic 
    87            86 -Dynamic 
    88            87 -Dynamic 
    89            88 -Dynamic 
    90            89 -Dynamic 
    91            90 -Dynamic 
    92            91 -Dynamic 
    93            92 -Dynamic 
    94            93 -Dynamic 
    95            94 -Dynamic 
    96            95 -Dynamic 
    97            96 -Dynamic 
   --- ------ ------ ---------
 Condition number of Dcc:  0.8901E+03

 Zero order transfer function position parameters
  0.00000E+00  0.00000E+00  0.00000E+00  2.47843E-01  5.01707E-01 -2.34464E-01
  5.01707E-01  0.00000E+00 -2.70000E-01  0.00000E+00  0.00000E+00 -2.40000E-01
  0.00000E+00  0.00000E+00 -2.10000E-01  0.00000E+00  0.00000E+00 -1.80000E-01
  0.00000E+00  0.00000E+00 -1.50000E-01  0.00000E+00  0.00000E+00 -1.20000E-01
  0.00000E+00  0.00000E+00 -9.00000E-02  0.00000E+00  0.00000E+00 -6.00000E-02
  0.00000E+00  0.00000E+00 -3.00000E-02  0.00000E+00  0.00000E+00  0.00000E+00
  0.00000E+00  0.00000E+00  0.00000E+00  4.00000E-02  0.00000E+00  1.62086E-02
  7.33414E-02  0.00000E+00  4.68816E-02  7.33414E-02  0.00000E+00  7.59000E-02
  4.43231E-02  0.00000E+00  1.01059E-01  1.14817E-02  0.00000E+00  1.25541E-01
 -1.29997E-02  0.00000E+00  1.56882E-01 -7.59001E-04  0.00000E+00  1.81209E-01
  3.31491E-02  0.00000E+00  2.09766E-01  1.00841E-01  0.00000E+00  2.36209E-01
  1.90745E-01  0.00000E+00  2.59478E-01  3.13438E-01  0.00000E+00  2.66882E-01
  3.94880E-01  0.00000E+00  2.66882E-01  4.71034E-01  0.00000E+00  0.00000E+00
  2.03420E-01  5.22612E-01  0.00000E+00  1.56882E-01  5.30016E-01  0.00000E+00
  4.68816E-02  5.26314E-01  0.00000E+00 -5.14837E-02  5.12159E-01  0.00000E+00
 -1.43503E-01  5.12159E-01  0.00000E+00 -2.10138E-01  5.12159E-01  0.00000E+00

  0.00000E+00 -2.37968E-01  4.79684E-01  0.00000E+00 -2.37968E-01  3.72419E-01
  0.00000E+00  0.00000E+00 -3.00000E-01

 Zero order transfer function deformation parameters
  0.00000E+00  0.00000E+00  0.00000E+00  0.00000E+00  0.00000E+00  0.00000E+00
  0.00000E+00  0.00000E+00  0.00000E+00  0.00000E+00  0.00000E+00  0.00000E+00
  0.00000E+00  0.00000E+00  0.00000E+00  0.00000E+00  0.00000E+00  0.00000E+00
  0.00000E+00  0.00000E+00  0.00000E+00  0.00000E+00  0.00000E+00  0.00000E+00
  0.00000E+00  0.00000E+00  0.00000E+00  0.00000E+00  0.00000E+00  0.00000E+00
  0.00000E+00  0.00000E+00  0.00000E+00  0.00000E+00  0.00000E+00  0.00000E+00
  0.00000E+00  0.00000E+00  0.00000E+00  0.00000E+00  0.00000E+00  0.00000E+00
  0.00000E+00  0.00000E+00  0.00000E+00  0.00000E+00  0.00000E+00  0.00000E+00
  0.00000E+00  0.00000E+00  0.00000E+00  0.00000E+00  0.00000E+00  0.00000E+00
  0.00000E+00  0.00000E+00  0.00000E+00  0.00000E+00  0.00000E+00  0.00000E+00
  0.00000E+00  0.00000E+00  0.00000E+00  0.00000E+00  0.00000E+00  0.00000E+00
  0.00000E+00  0.00000E+00  0.00000E+00  0.00000E+00  0.00000E+00  0.00000E+00
  0.00000E+00  0.00000E+00  0.00000E+00  0.00000E+00  0.00000E+00  0.00000E+00
  0.00000E+00  0.00000E+00  0.00000E+00  0.00000E+00  0.00000E+00  0.00000E+00
  0.00000E+00  0.00000E+00  0.00000E+00  0.00000E+00  0.00000E+00  0.00000E+00
  0.00000E+00  0.00000E+00  0.00000E+00  0.00000E+00  0.00000E+00  0.00000E+00

  1.49976E-35  2.20656E-34  9.99359E-35
================================================================================
 Dynamic data

 HALT
  
 EM 1 0.001532   0.00000000002393
 EM 2 0.001532   0.00000000002393
 EM 3 0.001532   0.00000000002393
 EM 4 0.001532   0.00000000002393
 EM 5 0.001532   0.00000000002393
 EM 6 0.001532   0.00000000002393
 EM 7 0.001532   0.00000000002393
 EM 8 0.001532   0.00000000002393
 EM 9 0.001532   0.00000000002393
 EM 10 0.001532   0.00000000002393
 EM 11 0.001532   0.00000000002393
 EM 12 0.001532   0.00000000002393
 EM 13 0.001532   0.00000000002393
 EM 14 0.001532   0.00000000002393
 EM 15 0.001532   0.00000000002393
 EM 16 0.001532   0.00000000002393
 EM 17 0.001532   0.00000000002393
 EM 18 0.001532   0.00000000002393
 EM 19 0.001532   0.00000000002393
 EM 20 0.001532   0.00000000002393
 EM 21 0.001532   0.00000000002393
 EM 22 0.001532   0.00000000002393
 EM 23 0.001532   0.00000000002393
 EM 24 0.001532   0.00000000002393
 EM 25 0.001532   0.00000000002393
 EM 26 0.001532   0.00000000002393
 EM 27 0.001532   0.00000000002393
 EM 28 0.001532   0.00000000002393
 EM 29 0.001532   0.00000000002393
 EM 30 0.001532   0.00000000002393
 EM 31 0.001532   0.00000000002393
 EM 32 0.001532   0.00000000002393
 EM 33 0.001532   0.00000000002393
  
 ESTIFF 1 300  0.0015
 ESTIFF 2 300  0.0015
 ESTIFF 3 300  0.0015
 ESTIFF 4 300  0.0015
 ESTIFF 5 300  0.0015
 ESTIFF 6 300  0.0015
 ESTIFF 7 300  0.0015
 ESTIFF 8 300  0.0015
 ESTIFF 9 300  0.0015
 ESTIFF 10 300  0.0015
 ESTIFF 11 700 0.003
 ESTIFF 12 700 0.003
 ESTIFF 13 700 0.003
 ESTIFF 14 700 0.003
 ESTIFF 15 700 0.003
 ESTIFF 16 700 0.003
 ESTIFF 17 700 0.003
 ESTIFF 18 700 0.003
 ESTIFF 19 700 0.003
 ESTIFF 20 700 0.003
 ESTIFF 21 700 0.003
 ESTIFF 22 700 0.003
 ESTIFF 23 700 0.003
 ESTIFF 24 700 0.003
 ESTIFF 25 700 0.003
 ESTIFF 26 700 0.003
 ESTIFF 27 700 0.003
 ESTIFF 28 700 0.003
 ESTIFF 29 700 0.003
 ESTIFF 30 700 0.003
 ESTIFF 31 700 0.003
 ESTIFF 32 700 0.003
 ESTIFF 33 700 0.003
  
  
  
 INPUTX 1 1 0.0 0 0
 INPUTX 1 2 -0.3 .1 0
  
 USERSIG CIRC_POT
 USERSIG CIRC_POT
 TIMESTEP 5 20000
  
 STARTDE 1 1 0 0
* Invalid deformation parameter   1
 STARTDE 1 2 0 0
 STARTDE 1 3 0 0
 STARTDE 2 1 0 0
 STARTDE 2 2 0 0
 STARTDE 2 3 0 0
 STARTDE 3 1 0 0
 STARTDE 3 2 0 0
 STARTDE 3 3 0 0
 STARTDE 4 1 0 0
 STARTDE 4 2 0 0
 STARTDE 4 3 0 0
 STARTDE 5 1 0 0
 STARTDE 5 2 0 0
 STARTDE 5 3 0 0
 STARTDE 6 1 0 0
 STARTDE 6 2 0 0
 STARTDE 6 3 0 0
 STARTDE 7 1 0 0
 STARTDE 7 2 0 0
 STARTDE 7 3 0 0
 STARTDE 8 1 0 0
 STARTDE 8 2 0 0
 STARTDE 8 3 0 0
 STARTDE 9 1 0 0
 STARTDE 9 2 0 0
 STARTDE 9 3 0 0
 STARTDE 10 1 0 0
 STARTDE 10 2 0 0
 STARTDE 10 3 0 0
 STARTDE 11 1 0 0
* Invalid deformation parameter   1
 STARTDE 11 2 0 0
 STARTDE 11 3 0 0
 STARTDE 12 1 0 0
 STARTDE 12 2 0 0
 STARTDE 12 3 0 0
 STARTDE 13 1 0 0
 STARTDE 13 2 0 0
 STARTDE 13 3 0 0
 STARTDE 14 1 0 0
 STARTDE 14 2 0 0
 STARTDE 14 3 0 0
 STARTDE 15 1 0 0
 STARTDE 15 2 0 0
 STARTDE 15 3 0 0
 STARTDE 16 1 0 0
 STARTDE 16 2 0 0
 STARTDE 16 3 0 0
 STARTDE 17 1 0 0
 STARTDE 17 2 0 0
 STARTDE 17 3 0 0
 STARTDE 18 1 0 0
 STARTDE 18 2 0 0
 STARTDE 18 3 0 0
 STARTDE 19 1 0 0
 STARTDE 19 2 0 0
 STARTDE 19 3 0 0
 STARTDE 20 1 0 0
 STARTDE 20 2 0 0
 STARTDE 20 3 0 0
 STARTDE 21 1 0 0
 STARTDE 21 2 0 0
 STARTDE 21 3 0 0
 STARTDE 22 1 0 0
 STARTDE 22 2 0 0
 STARTDE 22 3 0 0
 STARTDE 23 1 0 0
 STARTDE 23 2 0 0
 STARTDE 23 3 0 0
 STARTDE 24 1 0 0
 STARTDE 24 2 0 0
 STARTDE 24 3 0 0
 STARTDE 25 1 0 0
* Invalid deformation parameter   1
 STARTDE 25 2 0 0
 STARTDE 25 3 0 0
 STARTDE 26 1 0 0
 STARTDE 26 2 0 0
 STARTDE 26 3 0 0
 STARTDE 27 1 0 0
 STARTDE 27 2 0 0
 STARTDE 27 3 0 0
 STARTDE 28 1 0 0
 STARTDE 28 2 0 0
 STARTDE 28 3 0 0
 STARTDE 29 1 0 0
 STARTDE 29 2 0 0
 STARTDE 29 3 0 0
 STARTDE 30 1 0 0
* Invalid deformation parameter   1
 STARTDE 30 2 0 0
 STARTDE 30 3 0 0
 STARTDE 31 1 0 0
 STARTDE 31 2 0 0
 STARTDE 31 3 0 0
 STARTDE 32 1 0 0
 STARTDE 32 2 0 0
 STARTDE 32 3 0 0
 STARTDE 33 1 0 0
 STARTDE 33 2 0 0
 STARTDE 33 3 0 0
  
  
 END

 NEO =    1, NEMM =    1, NEM =   96, NEC =   99.

 NXO =    7, NXC =  103, NXMM =  105, NXM =  105.
 WITHOUT EULER ELEMENTS, ACCORDING TO THE GRAPHICAL USER INTERFACE
 NX  =  105, NEO  =    1, NXO =    7, NDOF=   97.
 GRAVITY:   0.00000E+00  0.00000E+00  0.00000E+00

 Element data (showing only non-zero values):
    No Type     (K) Stiffness, (D) Damping, (M) Element mass, (S) Pre-stress
   --- -------- -------------------------------------------------------------
     1 Plbeam   K    0.10000E+05    0.55556E+02    0              0          
                M    0.15320E-02
     2 Plbeam   K    0.10000E+05    0.55556E+02    0              0          
                M    0.15320E-02
     3 Plbeam   K    0.10000E+05    0.55556E+02    0              0          
                M    0.15320E-02
     4 Plbeam   K    0.10000E+05    0.55556E+02    0              0          
                M    0.15320E-02
     5 Plbeam   K    0.10000E+05    0.55556E+02    0              0          
                M    0.15320E-02
     6 Plbeam   K    0.10000E+05    0.55556E+02    0              0          
                M    0.15320E-02
     7 Plbeam   K    0.10000E+05    0.55556E+02    0              0          
                M    0.15320E-02
     8 Plbeam   K    0.10000E+05    0.55556E+02    0              0          
                M    0.15320E-02
     9 Plbeam   K    0.10000E+05    0.55556E+02    0              0          
                M    0.15320E-02
    10 Plbeam   K    0.10000E+05    0.55556E+02    0              0          
                M    0.15320E-02
    11 Plbeam   K    0.17500E+05    0.46875E+02    0              0          
                M    0.15320E-02
    12 Plbeam   K    0.18882E+05    0.58880E+02    0              0          
                M    0.15320E-02
    13 Plbeam   K    0.22821E+05    0.10396E+03    0              0          
                M    0.15320E-02
    14 Plbeam   K    0.17057E+05    0.43407E+02    0              0          
                M    0.15320E-02
    15 Plbeam   K    0.16920E+05    0.42368E+02    0              0          
                M    0.15320E-02
    16 Plbeam   K    0.20218E+05    0.72288E+02    0              0          
                M    0.15320E-02
    17 Plbeam   K    0.20804E+05    0.78758E+02    0              0          
                M    0.15320E-02
    18 Plbeam   K    0.16774E+05    0.41278E+02    0              0          
                M    0.15320E-02
    19 Plbeam   K    0.95277E+04    0.75648E+01    0              0          
                M    0.15320E-02
    20 Plbeam   K    0.74697E+04    0.36453E+01    0              0          
                M    0.15320E-02
    21 Plbeam   K    0.56054E+04    0.15405E+01    0              0          
                M    0.15320E-02
    22 Plbeam   K    0.85597E+04    0.54854E+01    0              0          
                M    0.15320E-02
    23 Plbeam   K    0.91919E+04    0.67928E+01    0              0          
                M    0.15320E-02
    24 Plbeam   K    0.19390E+05    0.63761E+02    0              0          
                M    0.15320E-02
    25 Plbeam   K    0.14258E+05    0.25350E+02    0              0          
                M    0.15320E-02
    26 Plbeam   K    0.14855E+05    0.28668E+02    0              0          
                M    0.15320E-02
    27 Plbeam   K    0.63600E+04    0.22501E+01    0              0          
                M    0.15320E-02
    28 Plbeam   K    0.70438E+04    0.30566E+01    0              0          
                M    0.15320E-02
    29 Plbeam   K    0.76071E+04    0.38502E+01    0              0          
                M    0.15320E-02
    30 Plbeam   K    0.10505E+05    0.10140E+02    0              0          
                M    0.15320E-02
    31 Plbeam   K    0.26438E+05    0.16162E+03    0              0          
                M    0.15320E-02
    32 Plbeam   K    0.31390E+05    0.27052E+03    0              0          
                M    0.15320E-02
    33 Plbeam   K    0.65259E+04    0.24308E+01    0              0          
                M    0.15320E-02
   --- -------- -------------------------------------------------------------

 Nodal point forces
  Node  Pos.par / value pairs
  ---- ------------------------------------------------------------------------
     1 104:  0           105:  0                                              
     2   1:  0                                                                
     3   8:  0             9:  0                                              
     4  10:  0                                                                
     5  11:  0            12:  0                                              
     6  13:  0                                                                
     7  14:  0            15:  0                                              
     8  16:  0                                                                
     9  17:  0            18:  0                                              
    10  19:  0                                                                
    11  20:  0            21:  0                                              
    12  22:  0                                                                
    13  23:  0            24:  0                                              
    14  25:  0                                                                
    15  26:  0            27:  0                                              
    16  28:  0                                                                
    17  29:  0            30:  0                                              
    18  31:  0                                                                
    19  32:  0            33:  0                                              
    20  34:  0                                                                
    21  35:  0            36:  0                                              
    22  37:  0                                                                
    23   2:  0             3:  0                                              
    24  38:  0                                                                
    25  39:  0            40:  0                                              
    26  41:  0                                                                
    27  42:  0            43:  0                                              
    28  44:  0                                                                
    29  45:  0            46:  0                                              
    30  47:  0                                                                
    31  48:  0            49:  0                                              
    32  50:  0                                                                
    33  51:  0            52:  0                                              
    34  53:  0                                                                
    35  54:  0            55:  0                                              
    36  56:  0                                                                
    37  57:  0            58:  0                                              
    38  59:  0                                                                
    39  60:  0            61:  0                                              
    40  62:  0                                                                
    41  63:  0            64:  0                                              
    42  65:  0                                                                
    43  66:  0            67:  0                                              
    44  68:  0                                                                
    45  69:  0            70:  0                                              
    46  71:  0                                                                
    47  72:  0            73:  0                                              
    48  74:  0                                                                
    49  75:  0            76:  0                                              
    50  77:  0                                                                
    51   4:  0             5:  0                                              
    52  78:  0                                                                
    53  79:  0            80:  0                                              
    54  81:  0                                                                
    55  82:  0            83:  0                                              
    56  84:  0                                                                
    57  85:  0            86:  0                                              
    58  87:  0                                                                
    59  88:  0            89:  0                                              
    60  90:  0                                                                
    61  91:  0            92:  0                                              
    62  93:  0                                                                
    63  94:  0            95:  0                                              
    64  96:  0                                                                
    65   6:  0             7:  0                                              
    66  97:  0                                                                
    67  98:  0            99:  0                                              
    68 100:  0                                                                
    69 101:  0           102:  0                                              
    70 103:  0                                                                
  ---- ------------------------------------------------------------------------

 Nodal point mass
  Node  Value 1           2           3           4           5           6   
  ---- -----------------------------------------------------------------------
     1  0           0           0           0           0           0         
     2  0.3589E-12  0           0           0           0           0         
     3  0           0           0           0           0           0         
     4  0.7179E-12  0           0           0           0           0         
     5  0           0           0           0           0           0         
     6  0.7179E-12  0           0           0           0           0         
     7  0           0           0           0           0           0         
     8  0.7179E-12  0           0           0           0           0         
     9  0           0           0           0           0           0         
    10  0.7179E-12  0           0           0           0           0         
    11  0           0           0           0           0           0         
    12  0.7179E-12  0           0           0           0           0         
    13  0           0           0           0           0           0         
    14  0.7179E-12  0           0           0           0           0         
    15  0           0           0           0           0           0         
    16  0.7179E-12  0           0           0           0           0         
    17  0           0           0           0           0           0         
    18  0.7179E-12  0           0           0           0           0         
    19  0           0           0           0           0           0         
    20  0.7179E-12  0           0           0           0           0         
    21  0           0           0           0           0           0         
    22  0.3590E-12  0           0           0           0           0         
    23  0           0           0           0           0           0         
    24  0.4786E-12  0           0           0           0           0         
    25  0           0           0           0           0           0         
    26  0.9222E-12  0           0           0           0           0         
    27  0           0           0           0           0           0         
    28  0.8106E-12  0           0           0           0           0         
    29  0           0           0           0           0           0         
    30  0.8580E-12  0           0           0           0           0         
    31  0           0           0           0           0           0         
    32  0.9860E-12  0           0           0           0           0         
    33  0           0           0           0           0           0         
    34  0.9093E-12  0           0           0           0           0         
    35  0           0           0           0           0           0         
    36  0.8168E-12  0           0           0           0           0         
    37  0           0           0           0           0           0         
    38  0.9019E-12  0           0           0           0           0         
    39  0           0           0           0           0           0         
    40  0.1378E-11  0           0           0           0           0         
    41  0           0           0           0           0           0         
    42  0.2000E-11  0           0           0           0           0         
    43  0           0           0           0           0           0         
    44  0.2615E-11  0           0           0           0           0         
    45  0           0           0           0           0           0         
    46  0.2473E-11  0           0           0           0           0         
    47  0           0           0           0           0           0         
    48  0.1890E-11  0           0           0           0           0         
    49  0           0           0           0           0           0         
    50  0.1343E-11  0           0           0           0           0         
    51  0           0           0           0           0           0         
    52  0.1019E-11  0           0           0           0           0         
    53  0           0           0           0           0           0         
    54  0.1151E-11  0           0           0           0           0         
    55  0           0           0           0           0           0         
    56  0.1881E-11  0           0           0           0           0         
    57  0           0           0           0           0           0         
    58  0.2506E-11  0           0           0           0           0         
    59  0           0           0           0           0           0         
    60  0.2290E-11  0           0           0           0           0         
    61  0           0           0           0           0           0         
    62  0.1898E-11  0           0           0           0           0         
    63  0           0           0           0           0           0         
    64  0.1114E-11  0           0           0           0           0         
    65  0           0           0           0           0           0         
    66  0.5836E-12  0           0           0           0           0         
    67  0           0           0           0           0           0         
    68  0.1550E-11  0           0           0           0           0         
    69  0           0           0           0           0           0         
    70  0.1283E-11  0           0           0           0           0         
  ---- -----------------------------------------------------------------------

 Nodal point gyro
  Node  Value 1           2           3           4           5   
  ---- -----------------------------------------------------------
     1  0           0           0           0           0         
     2  0           0           0           0           0         
     3  0           0           0           0           0         
     4  0           0           0           0           0         
     5  0           0           0           0           0         
     6  0           0           0           0           0         
     7  0           0           0           0           0         
     8  0           0           0           0           0         
     9  0           0           0           0           0         
    10  0           0           0           0           0         
    11  0           0           0           0           0         
    12  0           0           0           0           0         
    13  0           0           0           0           0         
    14  0           0           0           0           0         
    15  0           0           0           0           0         
    16  0           0           0           0           0         
    17  0           0           0           0           0         
    18  0           0           0           0           0         
    19  0           0           0           0           0         
    20  0           0           0           0           0         
    21  0           0           0           0           0         
    22  0           0           0           0           0         
    23  0           0           0           0           0         
    24  0           0           0           0           0         
    25  0           0           0           0           0         
    26  0           0           0           0           0         
    27  0           0           0           0           0         
    28  0           0           0           0           0         
    29  0           0           0           0           0         
    30  0           0           0           0           0         
    31  0           0           0           0           0         
    32  0           0           0           0           0         
    33  0           0           0           0           0         
    34  0           0           0           0           0         
    35  0           0           0           0           0         
    36  0           0           0           0           0         
    37  0           0           0           0           0         
    38  0           0           0           0           0         
    39  0           0           0           0           0         
    40  0           0           0           0           0         
    41  0           0           0           0           0         
    42  0           0           0           0           0         
    43  0           0           0           0           0         
    44  0           0           0           0           0         
    45  0           0           0           0           0         
    46  0           0           0           0           0         
    47  0           0           0           0           0         
    48  0           0           0           0           0         
    49  0           0           0           0           0         
    50  0           0           0           0           0         
    51  0           0           0           0           0         
    52  0           0           0           0           0         
    53  0           0           0           0           0         
    54  0           0           0           0           0         
    55  0           0           0           0           0         
    56  0           0           0           0           0         
    57  0           0           0           0           0         
    58  0           0           0           0           0         
    59  0           0           0           0           0         
    60  0           0           0           0           0         
    61  0           0           0           0           0         
    62  0           0           0           0           0         
    63  0           0           0           0           0         
    64  0           0           0           0           0         
    65  0           0           0           0           0         
    66  0           0           0           0           0         
    67  0           0           0           0           0         
    68  0           0           0           0           0         
    69  0           0           0           0           0         
    70  0           0           0           0           0         
  ---- -----------------------------------------------------------

 Total mass of the system =   0.2614519E-02
================================================================================

 Zero order transfer function position parameters
  0.00000E+00  0.00000E+00  0.00000E+00  2.47843E-01  5.01707E-01 -2.34464E-01
  5.01707E-01  0.00000E+00 -2.70000E-01  0.00000E+00  0.00000E+00 -2.40000E-01
  0.00000E+00  0.00000E+00 -2.10000E-01  0.00000E+00  0.00000E+00 -1.80000E-01
  0.00000E+00  0.00000E+00 -1.50000E-01  0.00000E+00  0.00000E+00 -1.20000E-01
  0.00000E+00  0.00000E+00 -9.00000E-02  0.00000E+00  0.00000E+00 -6.00000E-02
  0.00000E+00  0.00000E+00 -3.00000E-02  0.00000E+00  0.00000E+00  0.00000E+00
  0.00000E+00  0.00000E+00  0.00000E+00  4.00000E-02  0.00000E+00  1.62086E-02
  7.33414E-02  0.00000E+00  4.68816E-02  7.33414E-02  0.00000E+00  7.59000E-02
  4.43231E-02  0.00000E+00  1.01059E-01  1.14817E-02  0.00000E+00  1.25541E-01
 -1.29997E-02  0.00000E+00  1.56882E-01 -7.59001E-04  0.00000E+00  1.81209E-01
  3.31491E-02  0.00000E+00  2.09766E-01  1.00841E-01  0.00000E+00  2.36209E-01
  1.90745E-01  0.00000E+00  2.59478E-01  3.13438E-01  0.00000E+00  2.66882E-01
  3.94880E-01  0.00000E+00  2.66882E-01  4.71034E-01  0.00000E+00  0.00000E+00
  2.03420E-01  5.22612E-01  0.00000E+00  1.56882E-01  5.30016E-01  0.00000E+00
  4.68816E-02  5.26314E-01  0.00000E+00 -5.14837E-02  5.12159E-01  0.00000E+00
 -1.43503E-01  5.12159E-01  0.00000E+00 -2.10138E-01  5.12159E-01  0.00000E+00

  0.00000E+00 -2.37968E-01  4.79684E-01  0.00000E+00 -2.37968E-01  3.72419E-01
  0.00000E+00  0.00000E+00 -3.00000E-01

 Zero order transfer function deformation parameters
  0.00000E+00  0.00000E+00  0.00000E+00  0.00000E+00  0.00000E+00  0.00000E+00
  0.00000E+00  0.00000E+00  0.00000E+00  0.00000E+00  0.00000E+00  0.00000E+00
  0.00000E+00  0.00000E+00  0.00000E+00  0.00000E+00  0.00000E+00  0.00000E+00
  0.00000E+00  0.00000E+00  0.00000E+00  0.00000E+00  0.00000E+00  0.00000E+00
  0.00000E+00  0.00000E+00  0.00000E+00  0.00000E+00  0.00000E+00  0.00000E+00
  0.00000E+00  0.00000E+00  0.00000E+00  0.00000E+00  0.00000E+00  0.00000E+00
  0.00000E+00  0.00000E+00  0.00000E+00  0.00000E+00  0.00000E+00  0.00000E+00
  0.00000E+00  0.00000E+00  0.00000E+00  0.00000E+00  0.00000E+00  0.00000E+00
  0.00000E+00  0.00000E+00  0.00000E+00  0.00000E+00  0.00000E+00  0.00000E+00
  0.00000E+00  0.00000E+00  0.00000E+00  0.00000E+00  0.00000E+00  0.00000E+00
  0.00000E+00  0.00000E+00  0.00000E+00  0.00000E+00  0.00000E+00  0.00000E+00
  0.00000E+00  0.00000E+00  0.00000E+00  0.00000E+00  0.00000E+00  0.00000E+00
  0.00000E+00  0.00000E+00  0.00000E+00  0.00000E+00  0.00000E+00  0.00000E+00
  0.00000E+00  0.00000E+00  0.00000E+00  0.00000E+00  0.00000E+00  0.00000E+00
  0.00000E+00  0.00000E+00  0.00000E+00  0.00000E+00  0.00000E+00  0.00000E+00
  0.00000E+00  0.00000E+00  0.00000E+00  0.00000E+00  0.00000E+00  0.00000E+00

  1.49976E-35  2.20656E-34  9.99359E-35
================================================================================
 Starting integration method "Shampine-Gordon"
 With tolerances: Absolute  0.100E-04 and relative  0.100E-03.
 Time =       0.00000000  total FE          0  delta fe     0
 Time =       0.00025000  total FE         97  delta fe    97
 Time =       0.00050000  total FE        158  delta fe    61
 Time =       0.00075000  total FE        225  delta fe    67
 Time =       0.00100000  total FE        297  delta fe    72
 Time =       0.00125000  total FE        374  delta fe    77
 Time =       0.00150000  total FE        451  delta fe    77
 Time =       0.00175000  total FE        526  delta fe    75
 Time =       0.00200000  total FE        603  delta fe    77
 Time =       0.00225000  total FE        680  delta fe    77
 Time =       0.00250000  total FE        757  delta fe    77
 Time =       0.00275000  total FE        834  delta fe    77
 Time =       0.00300000  total FE        911  delta fe    77
 Time =       0.00325000  total FE        986  delta fe    75
 Time =       0.00350000  total FE       1063  delta fe    77
 Time =       0.00375000  total FE       1140  delta fe    77
 Time =       0.00400000  total FE       1217  delta fe    77
 Time =       0.00425000  total FE       1294  delta fe    77
 Time =       0.00450000  total FE       1370  delta fe    76
 Time =       0.00475000  total FE       1449  delta fe    79
 Time =       0.00500000  total FE       1526  delta fe    77
 Time =       0.00525000  total FE       1605  delta fe    79
 Time =       0.00550000  total FE       1682  delta fe    77
 Time =       0.00575000  total FE       1761  delta fe    79
 Time =       0.00600000  total FE       1838  delta fe    77
 Time =       0.00625000  total FE       1917  delta fe    79
 Time =       0.00650000  total FE       1994  delta fe    77
 Time =       0.00675000  total FE       2073  delta fe    79
 Time =       0.00700000  total FE       2150  delta fe    77
 Time =       0.00725000  total FE       2229  delta fe    79
 Time =       0.00750000  total FE       2306  delta fe    77
 Time =       0.00775000  total FE       2373  delta fe    67
 Time =       0.00800000  total FE       2448  delta fe    75
 Time =       0.00825000  total FE       2523  delta fe    75
 Time =       0.00850000  total FE       2598  delta fe    75
 Time =       0.00875000  total FE       2673  delta fe    75
 Time =       0.00900000  total FE       2748  delta fe    75
 Time =       0.00925000  total FE       2823  delta fe    75
 Time =       0.00950000  total FE       2898  delta fe    75
 Time =       0.00975000  total FE       2975  delta fe    77
 Time =       0.01000000  total FE       3050  delta fe    75
 Time =       0.01025000  total FE       3125  delta fe    75
 Time =       0.01050000  total FE       3200  delta fe    75
 Time =       0.01075000  total FE       3275  delta fe    75
 Time =       0.01100000  total FE       3350  delta fe    75
 Time =       0.01125000  total FE       3425  delta fe    75
 Time =       0.01150000  total FE       3500  delta fe    75
 Time =       0.01175000  total FE       3575  delta fe    75
 Time =       0.01200000  total FE       3652  delta fe    77
 Time =       0.01225000  total FE       3727  delta fe    75
 Time =       0.01250000  total FE       3802  delta fe    75
 Time =       0.01275000  total FE       3877  delta fe    75
 Time =       0.01300000  total FE       3952  delta fe    75
 Time =       0.01325000  total FE       4027  delta fe    75
 Time =       0.01350000  total FE       4102  delta fe    75
 Time =       0.01375000  total FE       4177  delta fe    75
 Time =       0.01400000  total FE       4252  delta fe    75
 Time =       0.01425000  total FE       4327  delta fe    75
 Time =       0.01450000  total FE       4404  delta fe    77
 Time =       0.01475000  total FE       4479  delta fe    75
 Time =       0.01500000  total FE       4554  delta fe    75
 Time =       0.01525000  total FE       4621  delta fe    67
 Time =       0.01550000  total FE       4696  delta fe    75
 Time =       0.01575000  total FE       4763  delta fe    67
 Time =       0.01600000  total FE       4834  delta fe    71
 Time =       0.01625000  total FE       4905  delta fe    71
 Time =       0.01650000  total FE       4976  delta fe    71
 Time =       0.01675000  total FE       5048  delta fe    72
 Time =       0.01700000  total FE       5119  delta fe    71
 Time =       0.01725000  total FE       5190  delta fe    71
 Time =       0.01750000  total FE       5261  delta fe    71
 Time =       0.01775000  total FE       5332  delta fe    71
 Time =       0.01800000  total FE       5403  delta fe    71
 Time =       0.01825000  total FE       5474  delta fe    71
 Time =       0.01850000  total FE       5545  delta fe    71
 Time =       0.01875000  total FE       5616  delta fe    71
 Time =       0.01900000  total FE       5687  delta fe    71
 Time =       0.01925000  total FE       5758  delta fe    71
 Time =       0.01950000  total FE       5829  delta fe    71
 Time =       0.01975000  total FE       5898  delta fe    69
 Time =       0.02000000  total FE       5969  delta fe    71
 Time =       0.02025000  total FE       6040  delta fe    71
 Time =       0.02050000  total FE       6111  delta fe    71
 Time =       0.02075000  total FE       6182  delta fe    71
 Time =       0.02100000  total FE       6253  delta fe    71
 Time =       0.02125000  total FE       6324  delta fe    71
 Time =       0.02150000  total FE       6395  delta fe    71
 Time =       0.02175000  total FE       6466  delta fe    71
 Time =       0.02200000  total FE       6537  delta fe    71
 Time =       0.02225000  total FE       6608  delta fe    71
 Time =       0.02250000  total FE       6679  delta fe    71
 Time =       0.02275000  total FE       6748  delta fe    69
 Time =       0.02300000  total FE       6819  delta fe    71
 Time =       0.02325000  total FE       6890  delta fe    71
 Time =       0.02350000  total FE       6961  delta fe    71
 Time =       0.02375000  total FE       7032  delta fe    71
 Time =       0.02400000  total FE       7103  delta fe    71
 Time =       0.02425000  total FE       7174  delta fe    71
 Time =       0.02450000  total FE       7245  delta fe    71
 Time =       0.02475000  total FE       7316  delta fe    71
 Time =       0.02500000  total FE       7387  delta fe    71
 Time =       0.02525000  total FE       7458  delta fe    71
 Time =       0.02550000  total FE       7527  delta fe    69
 Time =       0.02575000  total FE       7598  delta fe    71
 Time =       0.02600000  total FE       7663  delta fe    65
 Time =       0.02625000  total FE       7740  delta fe    77
 Time =       0.02650000  total FE       7811  delta fe    71
 Time =       0.02675000  total FE       7882  delta fe    71
 Time =       0.02700000  total FE       7955  delta fe    73
 Time =       0.02725000  total FE       8026  delta fe    71
 Time =       0.02750000  total FE       8099  delta fe    73
 Time =       0.02775000  total FE       8172  delta fe    73
 Time =       0.02800000  total FE       8245  delta fe    73
 Time =       0.02825000  total FE       8318  delta fe    73
 Time =       0.02850000  total FE       8391  delta fe    73
 Time =       0.02875000  total FE       8462  delta fe    71
 Time =       0.02900000  total FE       8535  delta fe    73
 Time =       0.02925000  total FE       8608  delta fe    73
 Time =       0.02950000  total FE       8681  delta fe    73
 Time =       0.02975000  total FE       8754  delta fe    73
 Time =       0.03000000  total FE       8827  delta fe    73
 Time =       0.03025000  total FE       8898  delta fe    71
 Time =       0.03050000  total FE       8971  delta fe    73
 Time =       0.03075000  total FE       9044  delta fe    73
 Time =       0.03100000  total FE       9117  delta fe    73
 Time =       0.03125000  total FE       9190  delta fe    73
 Time =       0.03150000  total FE       9263  delta fe    73
 Time =       0.03175000  total FE       9334  delta fe    71
 Time =       0.03200000  total FE       9407  delta fe    73
 Time =       0.03225000  total FE       9480  delta fe    73
 Time =       0.03250000  total FE       9553  delta fe    73
 Time =       0.03275000  total FE       9626  delta fe    73
 Time =       0.03300000  total FE       9699  delta fe    73
 Time =       0.03325000  total FE       9770  delta fe    71
 Time =       0.03350000  total FE       9843  delta fe    73
 Time =       0.03375000  total FE       9916  delta fe    73
 Time =       0.03400000  total FE       9989  delta fe    73
 Time =       0.03425000  total FE      10062  delta fe    73
 Time =       0.03450000  total FE      10135  delta fe    73
 Time =       0.03475000  total FE      10206  delta fe    71
 Time =       0.03500000  total FE      10279  delta fe    73
 Time =       0.03525000  total FE      10344  delta fe    65
 Time =       0.03550000  total FE      10411  delta fe    67
 Time =       0.03575000  total FE      10478  delta fe    67
 Time =       0.03600000  total FE      10545  delta fe    67
 Time =       0.03625000  total FE      10614  delta fe    69
 Time =       0.03650000  total FE      10681  delta fe    67
 Time =       0.03675000  total FE      10748  delta fe    67
 Time =       0.03700000  total FE      10815  delta fe    67
 Time =       0.03725000  total FE      10882  delta fe    67
 Time =       0.03750000  total FE      10949  delta fe    67
 Time =       0.03775000  total FE      11016  delta fe    67
 Time =       0.03800000  total FE      11085  delta fe    69
 Time =       0.03825000  total FE      11152  delta fe    67
 Time =       0.03850000  total FE      11219  delta fe    67
 Time =       0.03875000  total FE      11286  delta fe    67
 Time =       0.03900000  total FE      11353  delta fe    67
 Time =       0.03925000  total FE      11420  delta fe    67
 Time =       0.03950000  total FE      11487  delta fe    67
 Time =       0.03975000  total FE      11556  delta fe    69
 Time =       0.04000000  total FE      11623  delta fe    67
 Time =       0.04025000  total FE      11690  delta fe    67
 Time =       0.04050000  total FE      11757  delta fe    67
 Time =       0.04075000  total FE      11824  delta fe    67
