SPACAR Huge     version 17-Jun-2015 (0008/DP/C2000/D700/E600/I40/O40).
(c) Laboratory of Mechanical Automation, University of Twente &
    Department of Engineering Mechanics, Delft University of Technology

================================================================================
 Kinematic data

 # Endoscope
 PLBEAM 1 1 2 3 4
 PLBEAM 2 3 4 5 6
 PLBEAM 3 5 6 7 8
 PLBEAM 4 7 8 9 10
 PLBEAM 5 9 10 11 12
 PLBEAM 6 11 12 13 14
 PLBEAM 7 13 14 15 16
 PLBEAM 8 15 16 17 18
 PLBEAM 9 17 18 19 20
 PLBEAM 10 19 20 21 22
 # Large Intestine
 PLBEAM 11 23 24 25 26
 PLBEAM 12 25 26 27 28
 PLBEAM 13 27 28 29 30
 PLBEAM 14 29 30 31 32
 PLBEAM 15 31 32 33 34
 PLBEAM 16 33 34 35 36
 PLBEAM 17 35 36 37 38
 PLBEAM 18 37 38 39 40
 PLBEAM 19 39 40 41 42
 PLBEAM 20 41 42 43 44
 PLBEAM 21 43 44 45 46
 PLBEAM 22 45 46 47 48
 PLBEAM 23 47 48 49 50
 PLBEAM 24 49 50 51 52
 PLBEAM 25 51 52 53 54
 PLBEAM 26 53 54 55 56
 PLBEAM 27 55 56 57 58
 PLBEAM 28 57 58 59 60
 PLBEAM 29 59 60 61 62
 PLBEAM 30 61 62 63 64
 PLBEAM 31 63 64 65 66
 PLBEAM 32 65 66 67 68
 PLBEAM 33 67 68 69 70
  
 # Fix nodes of Endoscope
 X 1 0.0 -0.1
 X 3 0.0 -0.09000000000000001
 X 5 0.0 -0.08000000000000002
 X 7 0.0 -0.07000000000000002
 X 9 0.0 -0.060000000000000026
 X 11 0.0 -0.05000000000000003
 X 13 0.0 -0.040000000000000036
 X 15 0.0 -0.03000000000000004
 X 17 0.0 -0.020000000000000046
 X 19 0.0 -0.01000000000000005
 X 21 0.0 0
  
 # Fix nodes of Large Intestine
 X 23 0.0 0.0
 X 25 0.0 0.04
 X 27 0.01620857 0.073341404
 X 29 0.046881641 0.073341404
 X 31 0.075899992 0.044323054
 X 33 0.101059137 0.011481689
 X 35 0.125540516 -0.012999691
 X 37 0.156881622 -0.000759001
 X 39 0.18120854 0.033149104
 X 41 0.209766228 0.1008414
 X 43 0.236208531 0.19074523
 X 45 0.259477757 0.313437516
 X 47 0.266881602 0.394879809
 X 49 0.266881602 0.471033642
 X 51 0.247843144 0.501706713
 X 53 0.203420075 0.522611687
 X 55 0.156881622 0.530015532
 X 57 0.046881641 0.52631361
 X 59 -0.051483726 0.5121592
 X 61 -0.143502941 0.5121592
 X 63 -0.210137544 0.5121592
 X 65 -0.234464463 0.501706713
 X 67 -0.237968152 0.479683523
 X 69 -0.237968152 0.372419406
  
  
 FIX 2
 FIX 23
 FIX 69
  
 INPUTX 1
  
 DYNE 1 2 3
 DYNE 2 1 2 3
 DYNE 3 1 2 3
 DYNE 4 1 2 3
 DYNE 5 1 2 3
 DYNE 6 1 2 3
 DYNE 7 1 2 3
 DYNE 8 1 2 3
 DYNE 9 1 2 3
 DYNE 10 1 2 3
 DYNE 11 1 2 3
 DYNE 12 1 2 3
 DYNE 13 1 2 3
 DYNE 14 1 2 3
 DYNE 15 1 2 3
 DYNE 16 1 2 3
 DYNE 17 1 2 3
 DYNE 18 1 2 3
 DYNE 19 1 2 3
 DYNE 20 1 2 3
 DYNE 21 1 2 3
 DYNE 22 1 2 3
 DYNE 23 1 2 3
 DYNE 24 1 2 3
 DYNE 25 1 2 3
 DYNE 26 1 2 3
 DYNE 27 1 2 3
 DYNE 28 1 2 3
 DYNE 29 1 2 3
 DYNE 30 1 2 3
 DYNE 31 1 2 3
 DYNE 32 1 2 3
 DYNE 33 2 3
 RLSE 33 1
  
 END

 Elements used in this model:
    No  Type         Element nodes          Deformation parameters (with type)    Max.def.par.
   --- -------- ----------------------- ----------------------------------------------- -----
     1 Plbeam     1   2   3   4           1-O   2-M   3-M                                   3
     2 Plbeam     3   4   5   6           4-M   5-M   6-M                                   3
     3 Plbeam     5   6   7   8           7-M   8-M   9-M                                   3
     4 Plbeam     7   8   9  10          10-M  11-M  12-M                                   3
     5 Plbeam     9  10  11  12          13-M  14-M  15-M                                   3
     6 Plbeam    11  12  13  14          16-M  17-M  18-M                                   3
     7 Plbeam    13  14  15  16          19-M  20-M  21-M                                   3
     8 Plbeam    15  16  17  18          22-M  23-M  24-M                                   3
     9 Plbeam    17  18  19  20          25-M  26-M  27-M                                   3
    10 Plbeam    19  20  21  22          28-M  29-M  30-M                                   3
    11 Plbeam    23  24  25  26          31-M  32-M  33-M                                   3
    12 Plbeam    25  26  27  28          34-M  35-M  36-M                                   3
    13 Plbeam    27  28  29  30          37-M  38-M  39-M                                   3
    14 Plbeam    29  30  31  32          40-M  41-M  42-M                                   3
    15 Plbeam    31  32  33  34          43-M  44-M  45-M                                   3
    16 Plbeam    33  34  35  36          46-M  47-M  48-M                                   3
    17 Plbeam    35  36  37  38          49-M  50-M  51-M                                   3
    18 Plbeam    37  38  39  40          52-M  53-M  54-M                                   3
    19 Plbeam    39  40  41  42          55-M  56-M  57-M                                   3
    20 Plbeam    41  42  43  44          58-M  59-M  60-M                                   3
    21 Plbeam    43  44  45  46          61-M  62-M  63-M                                   3
    22 Plbeam    45  46  47  48          64-M  65-M  66-M                                   3
    23 Plbeam    47  48  49  50          67-M  68-M  69-M                                   3
    24 Plbeam    49  50  51  52          70-M  71-M  72-M                                   3
    25 Plbeam    51  52  53  54          73-M  74-M  75-M                                   3
    26 Plbeam    53  54  55  56          76-M  77-M  78-M                                   3
    27 Plbeam    55  56  57  58          79-M  80-M  81-M                                   3
    28 Plbeam    57  58  59  60          82-M  83-M  84-M                                   3
    29 Plbeam    59  60  61  62          85-M  86-M  87-M                                   3
    30 Plbeam    61  62  63  64          88-M  89-M  90-M                                   3
    31 Plbeam    63  64  65  66          91-M  92-M  93-M                                   3
    32 Plbeam    65  66  67  68          94-M  95-M  96-M                                   3
    33 Plbeam    67  68  69  70          99-C  97-M  98-M                                   3
   --- -------- ----------------------- ----------------------------------------------- -----

 Bending-linked elongation calculated for beam(s):   1   2   3   4   5   6   7   8   9  10  11  12  13  14  15  16  17  18  19  20

 Bending-linked elongation calculated for beam(s):  21  22  23  24  25  26  27  28  29  30  31  32  33

 Nodal point information
  Node   Pos.pars (with type)    Values
  ---- ----------------------- -----------------------------------------------
     1 104-M 105-M                 0.00000    -0.10000                        
     2   1-O                       0.00000                                    
     3   6-C   7-C                 0.00000    -0.09000                        
     4   8-C                       0.00000                                    
     5   9-C  10-C                 0.00000    -0.08000                        
     6  11-C                       0.00000                                    
     7  12-C  13-C                 0.00000    -0.07000                        
     8  14-C                       0.00000                                    
     9  15-C  16-C                 0.00000    -0.06000                        
    10  17-C                       0.00000                                    
    11  18-C  19-C                 0.00000    -0.05000                        
    12  20-C                       0.00000                                    
    13  21-C  22-C                 0.00000    -0.04000                        
    14  23-C                       0.00000                                    
    15  24-C  25-C                 0.00000    -0.03000                        
    16  26-C                       0.00000                                    
    17  27-C  28-C                 0.00000    -0.02000                        
    18  29-C                       0.00000                                    
    19  30-C  31-C                 0.00000    -0.01000                        
    20  32-C                       0.00000                                    
    21  33-C  34-C                 0.00000     0.00000                        
    22  35-C                       0.00000                                    
    23   2-O   3-O                 0.00000     0.00000                        
    24  36-C                       0.00000                                    
    25  37-C  38-C                 0.00000     0.04000                        
    26  39-C                       0.00000                                    
    27  40-C  41-C                 0.01621     0.07334                        
    28  42-C                       0.00000                                    
    29  43-C  44-C                 0.04688     0.07334                        
    30  45-C                       0.00000                                    
    31  46-C  47-C                 0.07590     0.04432                        
    32  48-C                       0.00000                                    
    33  49-C  50-C                 0.10106     0.01148                        
    34  51-C                       0.00000                                    
    35  52-C  53-C                 0.12554    -0.01300                        
    36  54-C                       0.00000                                    
    37  55-C  56-C                 0.15688    -0.00076                        
    38  57-C                       0.00000                                    
    39  58-C  59-C                 0.18121     0.03315                        
    40  60-C                       0.00000                                    
    41  61-C  62-C                 0.20977     0.10084                        
    42  63-C                       0.00000                                    
    43  64-C  65-C                 0.23621     0.19075                        
    44  66-C                       0.00000                                    
    45  67-C  68-C                 0.25948     0.31344                        
    46  69-C                       0.00000                                    
    47  70-C  71-C                 0.26688     0.39488                        
    48  72-C                       0.00000                                    
    49  73-C  74-C                 0.26688     0.47103                        
    50  75-C                       0.00000                                    
    51  76-C  77-C                 0.24784     0.50171                        
    52  78-C                       0.00000                                    
    53  79-C  80-C                 0.20342     0.52261                        
    54  81-C                       0.00000                                    
    55  82-C  83-C                 0.15688     0.53002                        
    56  84-C                       0.00000                                    
    57  85-C  86-C                 0.04688     0.52631                        
    58  87-C                       0.00000                                    
    59  88-C  89-C                -0.05148     0.51216                        
    60  90-C                       0.00000                                    
    61  91-C  92-C                -0.14350     0.51216                        
    62  93-C                       0.00000                                    
    63  94-C  95-C                -0.21014     0.51216                        
    64  96-C                       0.00000                                    
    65  97-C  98-C                -0.23446     0.50171                        
    66  99-C                       0.00000                                    
    67 100-C 101-C                -0.23797     0.47968                        
    68 102-C                       0.00000                                    
    69   4-O   5-O                -0.23797     0.37242                        
    70 103-C                       0.00000                                    
  ---- ----------------------- -----------------------------------------------

 Degree of freedom information:
   DOF PosPar DefPar Type     
   --- ------ ------ ---------
     1    104        Input    
     2    105        Input    
     3             2 -Dynamic 
     4             3 -Dynamic 
     5             4 -Dynamic 
     6             5 -Dynamic 
     7             6 -Dynamic 
     8             7 -Dynamic 
     9             8 -Dynamic 
    10             9 -Dynamic 
    11            10 -Dynamic 
    12            11 -Dynamic 
    13            12 -Dynamic 
    14            13 -Dynamic 
    15            14 -Dynamic 
    16            15 -Dynamic 
    17            16 -Dynamic 
    18            17 -Dynamic 
    19            18 -Dynamic 
    20            19 -Dynamic 
    21            20 -Dynamic 
    22            21 -Dynamic 
    23            22 -Dynamic 
    24            23 -Dynamic 
    25            24 -Dynamic 
    26            25 -Dynamic 
    27            26 -Dynamic 
    28            27 -Dynamic 
    29            28 -Dynamic 
    30            29 -Dynamic 
    31            30 -Dynamic 
    32            31 -Dynamic 
    33            32 -Dynamic 
    34            33 -Dynamic 
    35            34 -Dynamic 
    36            35 -Dynamic 
    37            36 -Dynamic 
    38            37 -Dynamic 
    39            38 -Dynamic 
    40            39 -Dynamic 
    41            40 -Dynamic 
    42            41 -Dynamic 
    43            42 -Dynamic 
    44            43 -Dynamic 
    45            44 -Dynamic 
    46            45 -Dynamic 
    47            46 -Dynamic 
    48            47 -Dynamic 
    49            48 -Dynamic 
    50            49 -Dynamic 
    51            50 -Dynamic 
    52            51 -Dynamic 
    53            52 -Dynamic 
    54            53 -Dynamic 
    55            54 -Dynamic 
    56            55 -Dynamic 
    57            56 -Dynamic 
    58            57 -Dynamic 
    59            58 -Dynamic 
    60            59 -Dynamic 
    61            60 -Dynamic 
    62            61 -Dynamic 
    63            62 -Dynamic 
    64            63 -Dynamic 
    65            64 -Dynamic 
    66            65 -Dynamic 
    67            66 -Dynamic 
    68            67 -Dynamic 
    69            68 -Dynamic 
    70            69 -Dynamic 
    71            70 -Dynamic 
    72            71 -Dynamic 
    73            72 -Dynamic 
    74            73 -Dynamic 
    75            74 -Dynamic 
    76            75 -Dynamic 
    77            76 -Dynamic 
    78            77 -Dynamic 
    79            78 -Dynamic 
    80            79 -Dynamic 
    81            80 -Dynamic 
    82            81 -Dynamic 
    83            82 -Dynamic 
    84            83 -Dynamic 
    85            84 -Dynamic 
    86            85 -Dynamic 
    87            86 -Dynamic 
    88            87 -Dynamic 
    89            88 -Dynamic 
    90            89 -Dynamic 
    91            90 -Dynamic 
    92            91 -Dynamic 
    93            92 -Dynamic 
    94            93 -Dynamic 
    95            94 -Dynamic 
    96            95 -Dynamic 
    97            96 -Dynamic 
    98            97 -Dynamic 
    99            98 -Dynamic 
   --- ------ ------ ---------
 Condition number of Dcc:  0.2649E+04

 Zero order transfer function position parameters
  0.00000E+00  0.00000E+00  0.00000E+00 -2.37968E-01  3.72419E-01  0.00000E+00
 -9.00000E-02  0.00000E+00  0.00000E+00 -8.00000E-02  0.00000E+00  0.00000E+00
 -7.00000E-02  0.00000E+00  0.00000E+00 -6.00000E-02  0.00000E+00  0.00000E+00
 -5.00000E-02  0.00000E+00  0.00000E+00 -4.00000E-02  0.00000E+00  0.00000E+00
 -3.00000E-02  0.00000E+00  0.00000E+00 -2.00000E-02  0.00000E+00  0.00000E+00
 -1.00000E-02  0.00000E+00  0.00000E+00  0.00000E+00  0.00000E+00  0.00000E+00
  0.00000E+00  4.00000E-02  0.00000E+00  1.62086E-02  7.33414E-02  0.00000E+00
  4.68816E-02  7.33414E-02  0.00000E+00  7.59000E-02  4.43231E-02  0.00000E+00
  1.01059E-01  1.14817E-02  0.00000E+00  1.25541E-01 -1.29997E-02  0.00000E+00
  1.56882E-01 -7.59001E-04  0.00000E+00  1.81209E-01  3.31491E-02  0.00000E+00
  2.09766E-01  1.00841E-01  0.00000E+00  2.36209E-01  1.90745E-01  0.00000E+00
  2.59478E-01  3.13438E-01  0.00000E+00  2.66882E-01  3.94880E-01  0.00000E+00
  2.66882E-01  4.71034E-01  0.00000E+00  2.47843E-01  5.01707E-01  0.00000E+00
  2.03420E-01  5.22612E-01  0.00000E+00  1.56882E-01  5.30016E-01  0.00000E+00
  4.68816E-02  5.26314E-01  0.00000E+00 -5.14837E-02  5.12159E-01  0.00000E+00
 -1.43503E-01  5.12159E-01  0.00000E+00 -2.10138E-01  5.12159E-01  0.00000E+00

 -2.34464E-01  5.01707E-01  0.00000E+00 -2.37968E-01  4.79684E-01  0.00000E+00
  0.00000E+00  0.00000E+00 -1.00000E-01

 Zero order transfer function deformation parameters
  0.00000E+00  0.00000E+00  0.00000E+00  0.00000E+00  0.00000E+00  0.00000E+00
  0.00000E+00  0.00000E+00  0.00000E+00  0.00000E+00  0.00000E+00  0.00000E+00
  0.00000E+00  0.00000E+00  0.00000E+00  0.00000E+00  0.00000E+00  0.00000E+00
  0.00000E+00  0.00000E+00  0.00000E+00  0.00000E+00  0.00000E+00  0.00000E+00
  0.00000E+00  0.00000E+00  0.00000E+00  0.00000E+00  0.00000E+00  0.00000E+00
  0.00000E+00  0.00000E+00  0.00000E+00  0.00000E+00  0.00000E+00  0.00000E+00
  0.00000E+00  0.00000E+00  0.00000E+00  0.00000E+00  0.00000E+00  0.00000E+00
  0.00000E+00  0.00000E+00  0.00000E+00  0.00000E+00  0.00000E+00  0.00000E+00
  0.00000E+00  0.00000E+00  0.00000E+00  0.00000E+00  0.00000E+00  0.00000E+00
  0.00000E+00  0.00000E+00  0.00000E+00  0.00000E+00  0.00000E+00  0.00000E+00
  0.00000E+00  0.00000E+00  0.00000E+00  0.00000E+00  0.00000E+00  0.00000E+00
  0.00000E+00  0.00000E+00  0.00000E+00  0.00000E+00  0.00000E+00  0.00000E+00
  0.00000E+00  0.00000E+00  0.00000E+00  0.00000E+00  0.00000E+00  0.00000E+00
  0.00000E+00  0.00000E+00  0.00000E+00  0.00000E+00  0.00000E+00  0.00000E+00
  0.00000E+00  0.00000E+00  0.00000E+00  0.00000E+00  0.00000E+00  0.00000E+00
  0.00000E+00  0.00000E+00  0.00000E+00  0.00000E+00  0.00000E+00  0.00000E+00

  0.00000E+00  0.00000E+00  4.02176E-35
================================================================================
 Dynamic data

 HALT
  
 EM 1 0.001532   0.00000000002393
 EM 2 0.001532   0.00000000002393
 EM 3 0.001532   0.00000000002393
 EM 4 0.001532   0.00000000002393
 EM 5 0.001532   0.00000000002393
 EM 6 0.001532   0.00000000002393
 EM 7 0.001532   0.00000000002393
 EM 8 0.001532   0.00000000002393
 EM 9 0.001532   0.00000000002393
 EM 10 0.001532   0.00000000002393
 EM 11 0.001532   0.00000000002393
 EM 12 0.001532   0.00000000002393
 EM 13 0.001532   0.00000000002393
 EM 14 0.001532   0.00000000002393
 EM 15 0.001532   0.00000000002393
 EM 16 0.001532   0.00000000002393
 EM 17 0.001532   0.00000000002393
 EM 18 0.001532   0.00000000002393
 EM 19 0.001532   0.00000000002393
 EM 20 0.001532   0.00000000002393
 EM 21 0.001532   0.00000000002393
 EM 22 0.001532   0.00000000002393
 EM 23 0.001532   0.00000000002393
 EM 24 0.001532   0.00000000002393
 EM 25 0.001532   0.00000000002393
 EM 26 0.001532   0.00000000002393
 EM 27 0.001532   0.00000000002393
 EM 28 0.001532   0.00000000002393
 EM 29 0.001532   0.00000000002393
 EM 30 0.001532   0.00000000002393
 EM 31 0.001532   0.00000000002393
 EM 32 0.001532   0.00000000002393
 EM 33 0.001532   0.00000000002393
  
 ESTIFF 1 300  0.00015
 ESTIFF 2 300  0.00015
 ESTIFF 3 300  0.00015
 ESTIFF 4 300  0.00015
 ESTIFF 5 300  0.00015
 ESTIFF 6 300  0.00015
 ESTIFF 7 300  0.00015
 ESTIFF 8 300  0.00015
 ESTIFF 9 300  0.00015
 ESTIFF 10 300  0.00015
 ESTIFF 11 700 0.003
 ESTIFF 12 700 0.003
 ESTIFF 13 700 0.003
 ESTIFF 14 700 0.003
 ESTIFF 15 700 0.003
 ESTIFF 16 700 0.003
 ESTIFF 17 700 0.003
 ESTIFF 18 700 0.003
 ESTIFF 19 700 0.003
 ESTIFF 20 700 0.003
 ESTIFF 21 700 0.003
 ESTIFF 22 700 0.003
 ESTIFF 23 700 0.003
 ESTIFF 24 700 0.003
 ESTIFF 25 700 0.003
 ESTIFF 26 700 0.003
 ESTIFF 27 700 0.003
 ESTIFF 28 700 0.003
 ESTIFF 29 700 0.003
 ESTIFF 30 700 0.003
 ESTIFF 31 700 0.003
 ESTIFF 32 700 0.003
 ESTIFF 33 700 0.003
  
  
  
 INPUTX 1 1 0.0 0 0
 INPUTX 1 2 -0.1 .1 0
  
 USERSIG CIRC_POT
 USERSIG CIRC_POT
 TIMESTEP 10 10000
  
 STARTDE 1 1 0 0
* Invalid deformation parameter   1
 STARTDE 1 2 0 0
 STARTDE 1 3 0 0
 STARTDE 2 1 0 0
 STARTDE 2 2 0 0
 STARTDE 2 3 0 0
 STARTDE 3 1 0 0
 STARTDE 3 2 0 0
 STARTDE 3 3 0 0
 STARTDE 4 1 0 0
 STARTDE 4 2 0 0
 STARTDE 4 3 0 0
 STARTDE 5 1 0 0
 STARTDE 5 2 0 0
 STARTDE 5 3 0 0
 STARTDE 6 1 0 0
 STARTDE 6 2 0 0
 STARTDE 6 3 0 0
 STARTDE 7 1 0 0
 STARTDE 7 2 0 0
 STARTDE 7 3 0 0
 STARTDE 8 1 0 0
 STARTDE 8 2 0 0
 STARTDE 8 3 0 0
 STARTDE 9 1 0 0
 STARTDE 9 2 0 0
 STARTDE 9 3 0 0
 STARTDE 10 1 0 0
 STARTDE 10 2 0 0
 STARTDE 10 3 0 0
 STARTDE 11 1 0 0
 STARTDE 11 2 0 0
 STARTDE 11 3 0 0
 STARTDE 12 1 0 0
 STARTDE 12 2 0 0
 STARTDE 12 3 0 0
 STARTDE 13 1 0 0
 STARTDE 13 2 0 0
 STARTDE 13 3 0 0
 STARTDE 14 1 0 0
 STARTDE 14 2 0 0
 STARTDE 14 3 0 0
 STARTDE 15 1 0 0
 STARTDE 15 2 0 0
 STARTDE 15 3 0 0
 STARTDE 16 1 0 0
 STARTDE 16 2 0 0
 STARTDE 16 3 0 0
 STARTDE 17 1 0 0
 STARTDE 17 2 0 0
 STARTDE 17 3 0 0
 STARTDE 18 1 0 0
 STARTDE 18 2 0 0
 STARTDE 18 3 0 0
 STARTDE 19 1 0 0
 STARTDE 19 2 0 0
 STARTDE 19 3 0 0
 STARTDE 20 1 0 0
 STARTDE 20 2 0 0
 STARTDE 20 3 0 0
 STARTDE 21 1 0 0
 STARTDE 21 2 0 0
 STARTDE 21 3 0 0
 STARTDE 22 1 0 0
 STARTDE 22 2 0 0
 STARTDE 22 3 0 0
 STARTDE 23 1 0 0
 STARTDE 23 2 0 0
 STARTDE 23 3 0 0
 STARTDE 24 1 0 0
 STARTDE 24 2 0 0
 STARTDE 24 3 0 0
 STARTDE 25 1 0 0
 STARTDE 25 2 0 0
 STARTDE 25 3 0 0
 STARTDE 26 1 0 0
 STARTDE 26 2 0 0
 STARTDE 26 3 0 0
 STARTDE 27 1 0 0
 STARTDE 27 2 0 0
 STARTDE 27 3 0 0
 STARTDE 28 1 0 0
 STARTDE 28 2 0 0
 STARTDE 28 3 0 0
 STARTDE 29 1 0 0
 STARTDE 29 2 0 0
 STARTDE 29 3 0 0
 STARTDE 30 1 0 0
 STARTDE 30 2 0 0
 STARTDE 30 3 0 0
 STARTDE 31 1 0 0
 STARTDE 31 2 0 0
 STARTDE 31 3 0 0
 STARTDE 32 1 0 0
 STARTDE 32 2 0 0
 STARTDE 32 3 0 0
 STARTDE 33 1 0 0
* Invalid deformation parameter   1
 STARTDE 33 2 0 0
 STARTDE 33 3 0 0
  
  
 END

 NEO =    1, NEMM =    1, NEM =   98, NEC =   99.

 NXO =    5, NXC =  103, NXMM =  105, NXM =  105.
 WITHOUT EULER ELEMENTS, ACCORDING TO THE GRAPHICAL USER INTERFACE
 NX  =  105, NEO  =    1, NXO =    5, NDOF=   99.
 GRAVITY:   0.00000E+00  0.00000E+00  0.00000E+00

 Element data (showing only non-zero values):
    No Type     (K) Stiffness, (D) Damping, (M) Element mass, (S) Pre-stress
   --- -------- -------------------------------------------------------------
     1 Plbeam   K    0.30000E+05    0.15000E+03    0              0          
                M    0.15320E-02
     2 Plbeam   K    0.30000E+05    0.15000E+03    0              0          
                M    0.15320E-02
     3 Plbeam   K    0.30000E+05    0.15000E+03    0              0          
                M    0.15320E-02
     4 Plbeam   K    0.30000E+05    0.15000E+03    0              0          
                M    0.15320E-02
     5 Plbeam   K    0.30000E+05    0.15000E+03    0              0          
                M    0.15320E-02
     6 Plbeam   K    0.30000E+05    0.15000E+03    0              0          
                M    0.15320E-02
     7 Plbeam   K    0.30000E+05    0.15000E+03    0              0          
                M    0.15320E-02
     8 Plbeam   K    0.30000E+05    0.15000E+03    0              0          
                M    0.15320E-02
     9 Plbeam   K    0.30000E+05    0.15000E+03    0              0          
                M    0.15320E-02
    10 Plbeam   K    0.30000E+05    0.15000E+03    0              0          
                M    0.15320E-02
    11 Plbeam   K    0.17500E+05    0.46875E+02    0              0          
                M    0.15320E-02
    12 Plbeam   K    0.18882E+05    0.58880E+02    0              0          
                M    0.15320E-02
    13 Plbeam   K    0.22821E+05    0.10396E+03    0              0          
                M    0.15320E-02
    14 Plbeam   K    0.17057E+05    0.43407E+02    0              0          
                M    0.15320E-02
    15 Plbeam   K    0.16920E+05    0.42368E+02    0              0          
                M    0.15320E-02
    16 Plbeam   K    0.20218E+05    0.72288E+02    0              0          
                M    0.15320E-02
    17 Plbeam   K    0.20804E+05    0.78758E+02    0              0          
                M    0.15320E-02
    18 Plbeam   K    0.16774E+05    0.41278E+02    0              0          
                M    0.15320E-02
    19 Plbeam   K    0.95277E+04    0.75648E+01    0              0          
                M    0.15320E-02
    20 Plbeam   K    0.74697E+04    0.36453E+01    0              0          
                M    0.15320E-02
    21 Plbeam   K    0.56054E+04    0.15405E+01    0              0          
                M    0.15320E-02
    22 Plbeam   K    0.85597E+04    0.54854E+01    0              0          
                M    0.15320E-02
    23 Plbeam   K    0.91919E+04    0.67928E+01    0              0          
                M    0.15320E-02
    24 Plbeam   K    0.19390E+05    0.63761E+02    0              0          
                M    0.15320E-02
    25 Plbeam   K    0.14258E+05    0.25350E+02    0              0          
                M    0.15320E-02
    26 Plbeam   K    0.14855E+05    0.28668E+02    0              0          
                M    0.15320E-02
    27 Plbeam   K    0.63600E+04    0.22501E+01    0              0          
                M    0.15320E-02
    28 Plbeam   K    0.70438E+04    0.30566E+01    0              0          
                M    0.15320E-02
    29 Plbeam   K    0.76071E+04    0.38502E+01    0              0          
                M    0.15320E-02
    30 Plbeam   K    0.10505E+05    0.10140E+02    0              0          
                M    0.15320E-02
    31 Plbeam   K    0.26438E+05    0.16162E+03    0              0          
                M    0.15320E-02
    32 Plbeam   K    0.31390E+05    0.27052E+03    0              0          
                M    0.15320E-02
    33 Plbeam   K    0.65259E+04    0.24308E+01    0              0          
                M    0.15320E-02
   --- -------- -------------------------------------------------------------

 Nodal point forces
  Node  Pos.par / value pairs
  ---- ------------------------------------------------------------------------
     1 104:  0           105:  0                                              
     2   1:  0                                                                
     3   6:  0             7:  0                                              
     4   8:  0                                                                
     5   9:  0            10:  0                                              
     6  11:  0                                                                
     7  12:  0            13:  0                                              
     8  14:  0                                                                
     9  15:  0            16:  0                                              
    10  17:  0                                                                
    11  18:  0            19:  0                                              
    12  20:  0                                                                
    13  21:  0            22:  0                                              
    14  23:  0                                                                
    15  24:  0            25:  0                                              
    16  26:  0                                                                
    17  27:  0            28:  0                                              
    18  29:  0                                                                
    19  30:  0            31:  0                                              
    20  32:  0                                                                
    21  33:  0            34:  0                                              
    22  35:  0                                                                
    23   2:  0             3:  0                                              
    24  36:  0                                                                
    25  37:  0            38:  0                                              
    26  39:  0                                                                
    27  40:  0            41:  0                                              
    28  42:  0                                                                
    29  43:  0            44:  0                                              
    30  45:  0                                                                
    31  46:  0            47:  0                                              
    32  48:  0                                                                
    33  49:  0            50:  0                                              
    34  51:  0                                                                
    35  52:  0            53:  0                                              
    36  54:  0                                                                
    37  55:  0            56:  0                                              
    38  57:  0                                                                
    39  58:  0            59:  0                                              
    40  60:  0                                                                
    41  61:  0            62:  0                                              
    42  63:  0                                                                
    43  64:  0            65:  0                                              
    44  66:  0                                                                
    45  67:  0            68:  0                                              
    46  69:  0                                                                
    47  70:  0            71:  0                                              
    48  72:  0                                                                
    49  73:  0            74:  0                                              
    50  75:  0                                                                
    51  76:  0            77:  0                                              
    52  78:  0                                                                
    53  79:  0            80:  0                                              
    54  81:  0                                                                
    55  82:  0            83:  0                                              
    56  84:  0                                                                
    57  85:  0            86:  0                                              
    58  87:  0                                                                
    59  88:  0            89:  0                                              
    60  90:  0                                                                
    61  91:  0            92:  0                                              
    62  93:  0                                                                
    63  94:  0            95:  0                                              
    64  96:  0                                                                
    65  97:  0            98:  0                                              
    66  99:  0                                                                
    67 100:  0           101:  0                                              
    68 102:  0                                                                
    69   4:  0             5:  0                                              
    70 103:  0                                                                
  ---- ------------------------------------------------------------------------

 Nodal point mass
  Node  Value 1           2           3           4           5           6   
  ---- -----------------------------------------------------------------------
     1  0           0           0           0           0           0         
     2  0.1196E-12  0           0           0           0           0         
     3  0           0           0           0           0           0         
     4  0.2393E-12  0           0           0           0           0         
     5  0           0           0           0           0           0         
     6  0.2393E-12  0           0           0           0           0         
     7  0           0           0           0           0           0         
     8  0.2393E-12  0           0           0           0           0         
     9  0           0           0           0           0           0         
    10  0.2393E-12  0           0           0           0           0         
    11  0           0           0           0           0           0         
    12  0.2393E-12  0           0           0           0           0         
    13  0           0           0           0           0           0         
    14  0.2393E-12  0           0           0           0           0         
    15  0           0           0           0           0           0         
    16  0.2393E-12  0           0           0           0           0         
    17  0           0           0           0           0           0         
    18  0.2393E-12  0           0           0           0           0         
    19  0           0           0           0           0           0         
    20  0.2393E-12  0           0           0           0           0         
    21  0           0           0           0           0           0         
    22  0.1197E-12  0           0           0           0           0         
    23  0           0           0           0           0           0         
    24  0.4786E-12  0           0           0           0           0         
    25  0           0           0           0           0           0         
    26  0.9222E-12  0           0           0           0           0         
    27  0           0           0           0           0           0         
    28  0.8106E-12  0           0           0           0           0         
    29  0           0           0           0           0           0         
    30  0.8580E-12  0           0           0           0           0         
    31  0           0           0           0           0           0         
    32  0.9860E-12  0           0           0           0           0         
    33  0           0           0           0           0           0         
    34  0.9093E-12  0           0           0           0           0         
    35  0           0           0           0           0           0         
    36  0.8168E-12  0           0           0           0           0         
    37  0           0           0           0           0           0         
    38  0.9019E-12  0           0           0           0           0         
    39  0           0           0           0           0           0         
    40  0.1378E-11  0           0           0           0           0         
    41  0           0           0           0           0           0         
    42  0.2000E-11  0           0           0           0           0         
    43  0           0           0           0           0           0         
    44  0.2615E-11  0           0           0           0           0         
    45  0           0           0           0           0           0         
    46  0.2473E-11  0           0           0           0           0         
    47  0           0           0           0           0           0         
    48  0.1890E-11  0           0           0           0           0         
    49  0           0           0           0           0           0         
    50  0.1343E-11  0           0           0           0           0         
    51  0           0           0           0           0           0         
    52  0.1019E-11  0           0           0           0           0         
    53  0           0           0           0           0           0         
    54  0.1151E-11  0           0           0           0           0         
    55  0           0           0           0           0           0         
    56  0.1881E-11  0           0           0           0           0         
    57  0           0           0           0           0           0         
    58  0.2506E-11  0           0           0           0           0         
    59  0           0           0           0           0           0         
    60  0.2290E-11  0           0           0           0           0         
    61  0           0           0           0           0           0         
    62  0.1898E-11  0           0           0           0           0         
    63  0           0           0           0           0           0         
    64  0.1114E-11  0           0           0           0           0         
    65  0           0           0           0           0           0         
    66  0.5836E-12  0           0           0           0           0         
    67  0           0           0           0           0           0         
    68  0.1550E-11  0           0           0           0           0         
    69  0           0           0           0           0           0         
    70  0.1283E-11  0           0           0           0           0         
  ---- -----------------------------------------------------------------------

 Nodal point gyro
  Node  Value 1           2           3           4           5   
  ---- -----------------------------------------------------------
     1  0           0           0           0           0         
     2  0           0           0           0           0         
     3  0           0           0           0           0         
     4  0           0           0           0           0         
     5  0           0           0           0           0         
     6  0           0           0           0           0         
     7  0           0           0           0           0         
     8  0           0           0           0           0         
     9  0           0           0           0           0         
    10  0           0           0           0           0         
    11  0           0           0           0           0         
    12  0           0           0           0           0         
    13  0           0           0           0           0         
    14  0           0           0           0           0         
    15  0           0           0           0           0         
    16  0           0           0           0           0         
    17  0           0           0           0           0         
    18  0           0           0           0           0         
    19  0           0           0           0           0         
    20  0           0           0           0           0         
    21  0           0           0           0           0         
    22  0           0           0           0           0         
    23  0           0           0           0           0         
    24  0           0           0           0           0         
    25  0           0           0           0           0         
    26  0           0           0           0           0         
    27  0           0           0           0           0         
    28  0           0           0           0           0         
    29  0           0           0           0           0         
    30  0           0           0           0           0         
    31  0           0           0           0           0         
    32  0           0           0           0           0         
    33  0           0           0           0           0         
    34  0           0           0           0           0         
    35  0           0           0           0           0         
    36  0           0           0           0           0         
    37  0           0           0           0           0         
    38  0           0           0           0           0         
    39  0           0           0           0           0         
    40  0           0           0           0           0         
    41  0           0           0           0           0         
    42  0           0           0           0           0         
    43  0           0           0           0           0         
    44  0           0           0           0           0         
    45  0           0           0           0           0         
    46  0           0           0           0           0         
    47  0           0           0           0           0         
    48  0           0           0           0           0         
    49  0           0           0           0           0         
    50  0           0           0           0           0         
    51  0           0           0           0           0         
    52  0           0           0           0           0         
    53  0           0           0           0           0         
    54  0           0           0           0           0         
    55  0           0           0           0           0         
    56  0           0           0           0           0         
    57  0           0           0           0           0         
    58  0           0           0           0           0         
    59  0           0           0           0           0         
    60  0           0           0           0           0         
    61  0           0           0           0           0         
    62  0           0           0           0           0         
    63  0           0           0           0           0         
    64  0           0           0           0           0         
    65  0           0           0           0           0         
    66  0           0           0           0           0         
    67  0           0           0           0           0         
    68  0           0           0           0           0         
    69  0           0           0           0           0         
    70  0           0           0           0           0         
  ---- -----------------------------------------------------------

 Total mass of the system =   0.2308119E-02
================================================================================

 Zero order transfer function position parameters
  0.00000E+00  0.00000E+00  0.00000E+00 -2.37968E-01  3.72419E-01  0.00000E+00
 -9.00000E-02  0.00000E+00  0.00000E+00 -8.00000E-02  0.00000E+00  0.00000E+00
 -7.00000E-02  0.00000E+00  0.00000E+00 -6.00000E-02  0.00000E+00  0.00000E+00
 -5.00000E-02  0.00000E+00  0.00000E+00 -4.00000E-02  0.00000E+00  0.00000E+00
 -3.00000E-02  0.00000E+00  0.00000E+00 -2.00000E-02  0.00000E+00  0.00000E+00
 -1.00000E-02  0.00000E+00  0.00000E+00  0.00000E+00  0.00000E+00  0.00000E+00
  0.00000E+00  4.00000E-02  0.00000E+00  1.62086E-02  7.33414E-02  0.00000E+00
  4.68816E-02  7.33414E-02  0.00000E+00  7.59000E-02  4.43231E-02  0.00000E+00
  1.01059E-01  1.14817E-02  0.00000E+00  1.25541E-01 -1.29997E-02  0.00000E+00
  1.56882E-01 -7.59001E-04  0.00000E+00  1.81209E-01  3.31491E-02  0.00000E+00
  2.09766E-01  1.00841E-01  0.00000E+00  2.36209E-01  1.90745E-01  0.00000E+00
  2.59478E-01  3.13438E-01  0.00000E+00  2.66882E-01  3.94880E-01  0.00000E+00
  2.66882E-01  4.71034E-01  0.00000E+00  2.47843E-01  5.01707E-01  0.00000E+00
  2.03420E-01  5.22612E-01  0.00000E+00  1.56882E-01  5.30016E-01  0.00000E+00
  4.68816E-02  5.26314E-01  0.00000E+00 -5.14837E-02  5.12159E-01  0.00000E+00
 -1.43503E-01  5.12159E-01  0.00000E+00 -2.10138E-01  5.12159E-01  0.00000E+00

 -2.34464E-01  5.01707E-01  0.00000E+00 -2.37968E-01  4.79684E-01  0.00000E+00
  0.00000E+00  0.00000E+00 -1.00000E-01

 Zero order transfer function deformation parameters
  0.00000E+00  0.00000E+00  0.00000E+00  0.00000E+00  0.00000E+00  0.00000E+00
  0.00000E+00  0.00000E+00  0.00000E+00  0.00000E+00  0.00000E+00  0.00000E+00
  0.00000E+00  0.00000E+00  0.00000E+00  0.00000E+00  0.00000E+00  0.00000E+00
  0.00000E+00  0.00000E+00  0.00000E+00  0.00000E+00  0.00000E+00  0.00000E+00
  0.00000E+00  0.00000E+00  0.00000E+00  0.00000E+00  0.00000E+00  0.00000E+00
  0.00000E+00  0.00000E+00  0.00000E+00  0.00000E+00  0.00000E+00  0.00000E+00
  0.00000E+00  0.00000E+00  0.00000E+00  0.00000E+00  0.00000E+00  0.00000E+00
  0.00000E+00  0.00000E+00  0.00000E+00  0.00000E+00  0.00000E+00  0.00000E+00
  0.00000E+00  0.00000E+00  0.00000E+00  0.00000E+00  0.00000E+00  0.00000E+00
  0.00000E+00  0.00000E+00  0.00000E+00  0.00000E+00  0.00000E+00  0.00000E+00
  0.00000E+00  0.00000E+00  0.00000E+00  0.00000E+00  0.00000E+00  0.00000E+00
  0.00000E+00  0.00000E+00  0.00000E+00  0.00000E+00  0.00000E+00  0.00000E+00
  0.00000E+00  0.00000E+00  0.00000E+00  0.00000E+00  0.00000E+00  0.00000E+00
  0.00000E+00  0.00000E+00  0.00000E+00  0.00000E+00  0.00000E+00  0.00000E+00
  0.00000E+00  0.00000E+00  0.00000E+00  0.00000E+00  0.00000E+00  0.00000E+00
  0.00000E+00  0.00000E+00  0.00000E+00  0.00000E+00  0.00000E+00  0.00000E+00

  0.00000E+00  0.00000E+00  4.02176E-35
================================================================================
 Starting integration method "Shampine-Gordon"
 With tolerances: Absolute  0.100E-04 and relative  0.100E-03.
 Time =       0.00000000  total FE          0  delta fe     0
 ERROR IN DRIVER, IFLAG=  4

 ERROR IN DRIVER, IFLAG=  4

 ERROR IN DRIVER, IFLAG=  4

 ERROR IN DRIVER, IFLAG=  4

 ERROR IN DRIVER, IFLAG=  4

 ERROR IN DRIVER, IFLAG=  4

 ERROR IN DRIVER, IFLAG=  4

 Time =       0.00100000  total FE        823  delta fe   823
 ERROR IN DRIVER, IFLAG=  4

 ERROR IN DRIVER, IFLAG=  4

 ERROR IN DRIVER, IFLAG=  4

 ERROR IN DRIVER, IFLAG=  4

 ERROR IN DRIVER, IFLAG=  4

 ERROR IN DRIVER, IFLAG=  4

 ERROR IN DRIVER, IFLAG=  4

 ERROR IN DRIVER, IFLAG=  4

 Time =       0.00200000  total FE       1643  delta fe   820
 ERROR IN DRIVER, IFLAG=  4

 ERROR IN DRIVER, IFLAG=  4

 ERROR IN DRIVER, IFLAG=  4

 ERROR IN DRIVER, IFLAG=  4

 ERROR IN DRIVER, IFLAG=  4

 ERROR IN DRIVER, IFLAG=  4

 ERROR IN DRIVER, IFLAG=  4

 ERROR IN DRIVER, IFLAG=  4

 Time =       0.00300000  total FE       2464  delta fe   821
 ERROR IN DRIVER, IFLAG=  4

 ERROR IN DRIVER, IFLAG=  4

 ERROR IN DRIVER, IFLAG=  4

 ERROR IN DRIVER, IFLAG=  4

 ERROR IN DRIVER, IFLAG=  4

 ERROR IN DRIVER, IFLAG=  4

 ERROR IN DRIVER, IFLAG=  4

 Time =       0.00400000  total FE       3278  delta fe   814
 ERROR IN DRIVER, IFLAG=  4

 ERROR IN DRIVER, IFLAG=  4

 ERROR IN DRIVER, IFLAG=  4

 ERROR IN DRIVER, IFLAG=  4

 ERROR IN DRIVER, IFLAG=  4

 ERROR IN DRIVER, IFLAG=  4

 ERROR IN DRIVER, IFLAG=  4

 ERROR IN DRIVER, IFLAG=  4

 Time =       0.00500000  total FE       4099  delta fe   821
 ERROR IN DRIVER, IFLAG=  4

 ERROR IN DRIVER, IFLAG=  4

 ERROR IN DRIVER, IFLAG=  4

 ERROR IN DRIVER, IFLAG=  4

 ERROR IN DRIVER, IFLAG=  4

 ERROR IN DRIVER, IFLAG=  4

 ERROR IN DRIVER, IFLAG=  4

 ERROR IN DRIVER, IFLAG=  4

 Time =       0.00600000  total FE       4917  delta fe   818
 ERROR IN DRIVER, IFLAG=  4

 ERROR IN DRIVER, IFLAG=  4

 ERROR IN DRIVER, IFLAG=  4

 ERROR IN DRIVER, IFLAG=  4

 ERROR IN DRIVER, IFLAG=  4

 ERROR IN DRIVER, IFLAG=  4

 ERROR IN DRIVER, IFLAG=  4

 ERROR IN DRIVER, IFLAG=  4

 Time =       0.00700000  total FE       5734  delta fe   817
 ERROR IN DRIVER, IFLAG=  4

 ERROR IN DRIVER, IFLAG=  4

 ERROR IN DRIVER, IFLAG=  4

 ERROR IN DRIVER, IFLAG=  4

 ERROR IN DRIVER, IFLAG=  4

 ERROR IN DRIVER, IFLAG=  4

 ERROR IN DRIVER, IFLAG=  4

 Time =       0.00800000  total FE       6450  delta fe   716
 ERROR IN DRIVER, IFLAG=  4

 ERROR IN DRIVER, IFLAG=  4

 ERROR IN DRIVER, IFLAG=  4

 ERROR IN DRIVER, IFLAG=  4

 ERROR IN DRIVER, IFLAG=  4

 ERROR IN DRIVER, IFLAG=  4

 ERROR IN DRIVER, IFLAG=  4

 Time =       0.00900000  total FE       7201  delta fe   751
 ERROR IN DRIVER, IFLAG=  4

 ERROR IN DRIVER, IFLAG=  4

 ERROR IN DRIVER, IFLAG=  4

 ERROR IN DRIVER, IFLAG=  4

 ERROR IN DRIVER, IFLAG=  4

 ERROR IN DRIVER, IFLAG=  4

 ERROR IN DRIVER, IFLAG=  4

 Time =       0.01000000  total FE       7953  delta fe   752
 ERROR IN DRIVER, IFLAG=  4

 ERROR IN DRIVER, IFLAG=  4

 ERROR IN DRIVER, IFLAG=  4

 ERROR IN DRIVER, IFLAG=  4

 ERROR IN DRIVER, IFLAG=  4

 ERROR IN DRIVER, IFLAG=  4

 ERROR IN DRIVER, IFLAG=  4

 Time =       0.01100000  total FE       8698  delta fe   745
 ERROR IN DRIVER, IFLAG=  4

 ERROR IN DRIVER, IFLAG=  4

 ERROR IN DRIVER, IFLAG=  4

 ERROR IN DRIVER, IFLAG=  4

 ERROR IN DRIVER, IFLAG=  4

 ERROR IN DRIVER, IFLAG=  4

 ERROR IN DRIVER, IFLAG=  4

 Time =       0.01200000  total FE       9445  delta fe   747
 ERROR IN DRIVER, IFLAG=  4

 ERROR IN DRIVER, IFLAG=  4

 ERROR IN DRIVER, IFLAG=  4

 ERROR IN DRIVER, IFLAG=  4

 ERROR IN DRIVER, IFLAG=  4

 ERROR IN DRIVER, IFLAG=  4

 Time =       0.01300000  total FE      10143  delta fe   698
 ERROR IN DRIVER, IFLAG=  4

 ERROR IN DRIVER, IFLAG=  4

 ERROR IN DRIVER, IFLAG=  4

 ERROR IN DRIVER, IFLAG=  4

 ERROR IN DRIVER, IFLAG=  4

 ERROR IN DRIVER, IFLAG=  4

 Time =       0.01400000  total FE      10845  delta fe   702
 ERROR IN DRIVER, IFLAG=  4

 ERROR IN DRIVER, IFLAG=  4

 ERROR IN DRIVER, IFLAG=  4

 ERROR IN DRIVER, IFLAG=  4

 ERROR IN DRIVER, IFLAG=  4

 ERROR IN DRIVER, IFLAG=  4

 Time =       0.01500000  total FE      11544  delta fe   699
 ERROR IN DRIVER, IFLAG=  4

 ERROR IN DRIVER, IFLAG=  4

 ERROR IN DRIVER, IFLAG=  4

 ERROR IN DRIVER, IFLAG=  4

 ERROR IN DRIVER, IFLAG=  4

 ERROR IN DRIVER, IFLAG=  4

 Time =       0.01600000  total FE      12195  delta fe   651
 ERROR IN DRIVER, IFLAG=  4

 ERROR IN DRIVER, IFLAG=  4

 ERROR IN DRIVER, IFLAG=  4

 ERROR IN DRIVER, IFLAG=  4

 ERROR IN DRIVER, IFLAG=  4

 ERROR IN DRIVER, IFLAG=  4

 Time =       0.01700000  total FE      12895  delta fe   700
 ERROR IN DRIVER, IFLAG=  4

 ERROR IN DRIVER, IFLAG=  4

 ERROR IN DRIVER, IFLAG=  4

 ERROR IN DRIVER, IFLAG=  4

 ERROR IN DRIVER, IFLAG=  4

 ERROR IN DRIVER, IFLAG=  4

 Time =       0.01800000  total FE      13565  delta fe   670
 ERROR IN DRIVER, IFLAG=  4

 ERROR IN DRIVER, IFLAG=  4

 ERROR IN DRIVER, IFLAG=  4

 ERROR IN DRIVER, IFLAG=  4

 ERROR IN DRIVER, IFLAG=  4

 ERROR IN DRIVER, IFLAG=  4

 Time =       0.01900000  total FE      14234  delta fe   669
 ERROR IN DRIVER, IFLAG=  4

 ERROR IN DRIVER, IFLAG=  4

 ERROR IN DRIVER, IFLAG=  4

 ERROR IN DRIVER, IFLAG=  4

 ERROR IN DRIVER, IFLAG=  4

 ERROR IN DRIVER, IFLAG=  4

 Time =       0.02000000  total FE      14898  delta fe   664
 ERROR IN DRIVER, IFLAG=  4

 ERROR IN DRIVER, IFLAG=  4

 ERROR IN DRIVER, IFLAG=  4

 ERROR IN DRIVER, IFLAG=  4

 ERROR IN DRIVER, IFLAG=  4

 ERROR IN DRIVER, IFLAG=  4

 Time =       0.02100000  total FE      15602  delta fe   704
 ERROR IN DRIVER, IFLAG=  4

 ERROR IN DRIVER, IFLAG=  4

 ERROR IN DRIVER, IFLAG=  4

 ERROR IN DRIVER, IFLAG=  4

 ERROR IN DRIVER, IFLAG=  4

 ERROR IN DRIVER, IFLAG=  4

 Time =       0.02200000  total FE      16285  delta fe   683
 ERROR IN DRIVER, IFLAG=  4

 ERROR IN DRIVER, IFLAG=  4

 ERROR IN DRIVER, IFLAG=  4

 ERROR IN DRIVER, IFLAG=  4

 ERROR IN DRIVER, IFLAG=  4

 ERROR IN DRIVER, IFLAG=  4

 Time =       0.02300000  total FE      16989  delta fe   704
 ERROR IN DRIVER, IFLAG=  4

 ERROR IN DRIVER, IFLAG=  4

 ERROR IN DRIVER, IFLAG=  4

 ERROR IN DRIVER, IFLAG=  4

 ERROR IN DRIVER, IFLAG=  4

 ERROR IN DRIVER, IFLAG=  4

 Time =       0.02400000  total FE      17701  delta fe   712
 ERROR IN DRIVER, IFLAG=  4

 ERROR IN DRIVER, IFLAG=  4

 ERROR IN DRIVER, IFLAG=  4

 ERROR IN DRIVER, IFLAG=  4

 ERROR IN DRIVER, IFLAG=  4

 ERROR IN DRIVER, IFLAG=  4

 Time =       0.02500000  total FE      18412  delta fe   711
 ERROR IN DRIVER, IFLAG=  4

 ERROR IN DRIVER, IFLAG=  4

 ERROR IN DRIVER, IFLAG=  4

 ERROR IN DRIVER, IFLAG=  4

 ERROR IN DRIVER, IFLAG=  4

 ERROR IN DRIVER, IFLAG=  4

 ERROR IN DRIVER, IFLAG=  4

 Time =       0.02600000  total FE      19136  delta fe   724
 ERROR IN DRIVER, IFLAG=  4

 ERROR IN DRIVER, IFLAG=  4

 ERROR IN DRIVER, IFLAG=  4

 ERROR IN DRIVER, IFLAG=  4

 ERROR IN DRIVER, IFLAG=  4

 ERROR IN DRIVER, IFLAG=  4

 ERROR IN DRIVER, IFLAG=  4

 Time =       0.02700000  total FE      19866  delta fe   730
 ERROR IN DRIVER, IFLAG=  4

 ERROR IN DRIVER, IFLAG=  4

 ERROR IN DRIVER, IFLAG=  4

 ERROR IN DRIVER, IFLAG=  4

 ERROR IN DRIVER, IFLAG=  4

 ERROR IN DRIVER, IFLAG=  4

 ERROR IN DRIVER, IFLAG=  4

 Time =       0.02800000  total FE      20623  delta fe   757
 ERROR IN DRIVER, IFLAG=  4

 ERROR IN DRIVER, IFLAG=  4

 ERROR IN DRIVER, IFLAG=  4

 ERROR IN DRIVER, IFLAG=  4

 ERROR IN DRIVER, IFLAG=  4

 ERROR IN DRIVER, IFLAG=  4

 ERROR IN DRIVER, IFLAG=  4

 Time =       0.02900000  total FE      21377  delta fe   754
 ERROR IN DRIVER, IFLAG=  4

 ERROR IN DRIVER, IFLAG=  4

 ERROR IN DRIVER, IFLAG=  4

 ERROR IN DRIVER, IFLAG=  4

 ERROR IN DRIVER, IFLAG=  4

 ERROR IN DRIVER, IFLAG=  4

 ERROR IN DRIVER, IFLAG=  4

 Time =       0.03000000  total FE      22125  delta fe   748
 ERROR IN DRIVER, IFLAG=  4

 ERROR IN DRIVER, IFLAG=  4

 ERROR IN DRIVER, IFLAG=  4

 ERROR IN DRIVER, IFLAG=  4

 ERROR IN DRIVER, IFLAG=  4

 ERROR IN DRIVER, IFLAG=  4

 ERROR IN DRIVER, IFLAG=  4

 Time =       0.03100000  total FE      22865  delta fe   740
 ERROR IN DRIVER, IFLAG=  4

 ERROR IN DRIVER, IFLAG=  4

 ERROR IN DRIVER, IFLAG=  4

 ERROR IN DRIVER, IFLAG=  4

 ERROR IN DRIVER, IFLAG=  4

 ERROR IN DRIVER, IFLAG=  4

 ERROR IN DRIVER, IFLAG=  4

 Time =       0.03200000  total FE      23623  delta fe   758
 ERROR IN DRIVER, IFLAG=  4

 ERROR IN DRIVER, IFLAG=  4

 ERROR IN DRIVER, IFLAG=  4

 ERROR IN DRIVER, IFLAG=  4

 ERROR IN DRIVER, IFLAG=  4

 ERROR IN DRIVER, IFLAG=  4

 ERROR IN DRIVER, IFLAG=  4

 Time =       0.03300000  total FE      24389  delta fe   766
 ERROR IN DRIVER, IFLAG=  4

 ERROR IN DRIVER, IFLAG=  4

 ERROR IN DRIVER, IFLAG=  4

 ERROR IN DRIVER, IFLAG=  4

 ERROR IN DRIVER, IFLAG=  4

 ERROR IN DRIVER, IFLAG=  4

 ERROR IN DRIVER, IFLAG=  4

 Time =       0.03400000  total FE      25144  delta fe   755
 ERROR IN DRIVER, IFLAG=  4

 ERROR IN DRIVER, IFLAG=  4

 ERROR IN DRIVER, IFLAG=  4

 ERROR IN DRIVER, IFLAG=  4

 ERROR IN DRIVER, IFLAG=  4

 ERROR IN DRIVER, IFLAG=  4

 ERROR IN DRIVER, IFLAG=  4

 Time =       0.03500000  total FE      25913  delta fe   769
 ERROR IN DRIVER, IFLAG=  4

 ERROR IN DRIVER, IFLAG=  4

 ERROR IN DRIVER, IFLAG=  4

 ERROR IN DRIVER, IFLAG=  4

 ERROR IN DRIVER, IFLAG=  4

 ERROR IN DRIVER, IFLAG=  4

 ERROR IN DRIVER, IFLAG=  4

 Time =       0.03600000  total FE      26693  delta fe   780
 ERROR IN DRIVER, IFLAG=  4

 ERROR IN DRIVER, IFLAG=  4

 ERROR IN DRIVER, IFLAG=  4

 ERROR IN DRIVER, IFLAG=  4

 ERROR IN DRIVER, IFLAG=  4

 ERROR IN DRIVER, IFLAG=  4

 ERROR IN DRIVER, IFLAG=  4

 Time =       0.03700000  total FE      27467  delta fe   774
 ERROR IN DRIVER, IFLAG=  4

 ERROR IN DRIVER, IFLAG=  4

 ERROR IN DRIVER, IFLAG=  4

 ERROR IN DRIVER, IFLAG=  4

 ERROR IN DRIVER, IFLAG=  4

 ERROR IN DRIVER, IFLAG=  4

 ERROR IN DRIVER, IFLAG=  4

 Time =       0.03800000  total FE      28227  delta fe   760
 ERROR IN DRIVER, IFLAG=  4

 ERROR IN DRIVER, IFLAG=  4

 ERROR IN DRIVER, IFLAG=  4

 ERROR IN DRIVER, IFLAG=  4

 ERROR IN DRIVER, IFLAG=  4

 ERROR IN DRIVER, IFLAG=  4

 ERROR IN DRIVER, IFLAG=  4

 Time =       0.03900000  total FE      29018  delta fe   791
 ERROR IN DRIVER, IFLAG=  4

 ERROR IN DRIVER, IFLAG=  4

 ERROR IN DRIVER, IFLAG=  4

 ERROR IN DRIVER, IFLAG=  4

 ERROR IN DRIVER, IFLAG=  4

 ERROR IN DRIVER, IFLAG=  4

 ERROR IN DRIVER, IFLAG=  4

 Time =       0.04000000  total FE      29810  delta fe   792
 ERROR IN DRIVER, IFLAG=  4

 ERROR IN DRIVER, IFLAG=  4

 ERROR IN DRIVER, IFLAG=  4

 ERROR IN DRIVER, IFLAG=  4

 ERROR IN DRIVER, IFLAG=  4

 ERROR IN DRIVER, IFLAG=  4

 ERROR IN DRIVER, IFLAG=  4

 Time =       0.04100000  total FE      30611  delta fe   801
 ERROR IN DRIVER, IFLAG=  4

 ERROR IN DRIVER, IFLAG=  4

 ERROR IN DRIVER, IFLAG=  4

 ERROR IN DRIVER, IFLAG=  4

 ERROR IN DRIVER, IFLAG=  4

 ERROR IN DRIVER, IFLAG=  4

 ERROR IN DRIVER, IFLAG=  4

 Time =       0.04200000  total FE      31411  delta fe   800
 ERROR IN DRIVER, IFLAG=  4

 ERROR IN DRIVER, IFLAG=  4

 ERROR IN DRIVER, IFLAG=  4

 ERROR IN DRIVER, IFLAG=  4

 ERROR IN DRIVER, IFLAG=  4

 ERROR IN DRIVER, IFLAG=  4

 ERROR IN DRIVER, IFLAG=  4

 Time =       0.04300000  total FE      32195  delta fe   784
 ERROR IN DRIVER, IFLAG=  4

 ERROR IN DRIVER, IFLAG=  4

 ERROR IN DRIVER, IFLAG=  4

 ERROR IN DRIVER, IFLAG=  4

 ERROR IN DRIVER, IFLAG=  4

 ERROR IN DRIVER, IFLAG=  4

 ERROR IN DRIVER, IFLAG=  4

 Time =       0.04400000  total FE      32972  delta fe   777
 ERROR IN DRIVER, IFLAG=  4

 ERROR IN DRIVER, IFLAG=  4

 ERROR IN DRIVER, IFLAG=  4

 ERROR IN DRIVER, IFLAG=  4

 ERROR IN DRIVER, IFLAG=  4

 ERROR IN DRIVER, IFLAG=  4

 ERROR IN DRIVER, IFLAG=  4

 Time =       0.04500000  total FE      33784  delta fe   812
 ERROR IN DRIVER, IFLAG=  4

 ERROR IN DRIVER, IFLAG=  4

 ERROR IN DRIVER, IFLAG=  4

 ERROR IN DRIVER, IFLAG=  4

 ERROR IN DRIVER, IFLAG=  4

 ERROR IN DRIVER, IFLAG=  4

 ERROR IN DRIVER, IFLAG=  4

 Time =       0.04600000  total FE      34573  delta fe   789
 ERROR IN DRIVER, IFLAG=  4

 ERROR IN DRIVER, IFLAG=  4

 ERROR IN DRIVER, IFLAG=  4

 ERROR IN DRIVER, IFLAG=  4

 ERROR IN DRIVER, IFLAG=  4

 ERROR IN DRIVER, IFLAG=  4

 ERROR IN DRIVER, IFLAG=  4

 Time =       0.04700000  total FE      35370  delta fe   797
 ERROR IN DRIVER, IFLAG=  4

 ERROR IN DRIVER, IFLAG=  4

 ERROR IN DRIVER, IFLAG=  4

 ERROR IN DRIVER, IFLAG=  4

 ERROR IN DRIVER, IFLAG=  4

 ERROR IN DRIVER, IFLAG=  4

 ERROR IN DRIVER, IFLAG=  4

 Time =       0.04800000  total FE      36167  delta fe   797
 ERROR IN DRIVER, IFLAG=  4

 ERROR IN DRIVER, IFLAG=  4

 ERROR IN DRIVER, IFLAG=  4

 ERROR IN DRIVER, IFLAG=  4

 ERROR IN DRIVER, IFLAG=  4

 ERROR IN DRIVER, IFLAG=  4

 ERROR IN DRIVER, IFLAG=  4

 ERROR IN DRIVER, IFLAG=  4

 Time =       0.04900000  total FE      36999  delta fe   832
 ERROR IN DRIVER, IFLAG=  4

 ERROR IN DRIVER, IFLAG=  4

 ERROR IN DRIVER, IFLAG=  4

 ERROR IN DRIVER, IFLAG=  4

 ERROR IN DRIVER, IFLAG=  4

 ERROR IN DRIVER, IFLAG=  4

 ERROR IN DRIVER, IFLAG=  4

 Time =       0.05000000  total FE      37807  delta fe   808
 ERROR IN DRIVER, IFLAG=  4

 ERROR IN DRIVER, IFLAG=  4

 ERROR IN DRIVER, IFLAG=  4

 ERROR IN DRIVER, IFLAG=  4

 ERROR IN DRIVER, IFLAG=  4

 ERROR IN DRIVER, IFLAG=  4

 ERROR IN DRIVER, IFLAG=  4

 Time =       0.05100000  total FE      38620  delta fe   813
 ERROR IN DRIVER, IFLAG=  4

 ERROR IN DRIVER, IFLAG=  4

 ERROR IN DRIVER, IFLAG=  4

 ERROR IN DRIVER, IFLAG=  4

 ERROR IN DRIVER, IFLAG=  4

 ERROR IN DRIVER, IFLAG=  4

 ERROR IN DRIVER, IFLAG=  4

 Time =       0.05200000  total FE      39416  delta fe   796
 ERROR IN DRIVER, IFLAG=  4

 ERROR IN DRIVER, IFLAG=  4

 ERROR IN DRIVER, IFLAG=  4

 ERROR IN DRIVER, IFLAG=  4

 ERROR IN DRIVER, IFLAG=  4

 ERROR IN DRIVER, IFLAG=  4

 ERROR IN DRIVER, IFLAG=  4

 Time =       0.05300000  total FE      40226  delta fe   810
 ERROR IN DRIVER, IFLAG=  4

 ERROR IN DRIVER, IFLAG=  4

 ERROR IN DRIVER, IFLAG=  4

 ERROR IN DRIVER, IFLAG=  4

 ERROR IN DRIVER, IFLAG=  4

 ERROR IN DRIVER, IFLAG=  4

 ERROR IN DRIVER, IFLAG=  4

 ERROR IN DRIVER, IFLAG=  4

 Time =       0.05400000  total FE      41061  delta fe   835
 ERROR IN DRIVER, IFLAG=  4

 ERROR IN DRIVER, IFLAG=  4

 ERROR IN DRIVER, IFLAG=  4

 ERROR IN DRIVER, IFLAG=  4

 ERROR IN DRIVER, IFLAG=  4

 ERROR IN DRIVER, IFLAG=  4

 ERROR IN DRIVER, IFLAG=  4

 Time =       0.05500000  total FE      41871  delta fe   810
 ERROR IN DRIVER, IFLAG=  4

 ERROR IN DRIVER, IFLAG=  4

 ERROR IN DRIVER, IFLAG=  4

 ERROR IN DRIVER, IFLAG=  4

 ERROR IN DRIVER, IFLAG=  4

 ERROR IN DRIVER, IFLAG=  4

 ERROR IN DRIVER, IFLAG=  4

 ERROR IN DRIVER, IFLAG=  4

 Time =       0.05600000  total FE      42715  delta fe   844
 ERROR IN DRIVER, IFLAG=  4

 ERROR IN DRIVER, IFLAG=  4

 ERROR IN DRIVER, IFLAG=  4

 ERROR IN DRIVER, IFLAG=  4

 ERROR IN DRIVER, IFLAG=  4

 ERROR IN DRIVER, IFLAG=  4

 ERROR IN DRIVER, IFLAG=  4

 Time =       0.05700000  total FE      43516  delta fe   801
 ERROR IN DRIVER, IFLAG=  4

 ERROR IN DRIVER, IFLAG=  4

 ERROR IN DRIVER, IFLAG=  4

 ERROR IN DRIVER, IFLAG=  4

 ERROR IN DRIVER, IFLAG=  4

 ERROR IN DRIVER, IFLAG=  4

 ERROR IN DRIVER, IFLAG=  4

 Time =       0.05800000  total FE      44321  delta fe   805
 ERROR IN DRIVER, IFLAG=  4

 ERROR IN DRIVER, IFLAG=  4

 ERROR IN DRIVER, IFLAG=  4

 ERROR IN DRIVER, IFLAG=  4

 ERROR IN DRIVER, IFLAG=  4

 ERROR IN DRIVER, IFLAG=  4

 ERROR IN DRIVER, IFLAG=  4

 Time =       0.05900000  total FE      45116  delta fe   795
 ERROR IN DRIVER, IFLAG=  4

 ERROR IN DRIVER, IFLAG=  4

 ERROR IN DRIVER, IFLAG=  4

 ERROR IN DRIVER, IFLAG=  4

 ERROR IN DRIVER, IFLAG=  4

 ERROR IN DRIVER, IFLAG=  4

 ERROR IN DRIVER, IFLAG=  4

 Time =       0.06000000  total FE      45938  delta fe   822
 ERROR IN DRIVER, IFLAG=  4

 ERROR IN DRIVER, IFLAG=  4

 ERROR IN DRIVER, IFLAG=  4

 ERROR IN DRIVER, IFLAG=  4

 ERROR IN DRIVER, IFLAG=  4

 ERROR IN DRIVER, IFLAG=  4

 ERROR IN DRIVER, IFLAG=  4

 ERROR IN DRIVER, IFLAG=  4

 Time =       0.06100000  total FE      46773  delta fe   835
 ERROR IN DRIVER, IFLAG=  4

 ERROR IN DRIVER, IFLAG=  4

 ERROR IN DRIVER, IFLAG=  4

 ERROR IN DRIVER, IFLAG=  4

 ERROR IN DRIVER, IFLAG=  4

 ERROR IN DRIVER, IFLAG=  4

 ERROR IN DRIVER, IFLAG=  4

 Time =       0.06200000  total FE      47594  delta fe   821
 ERROR IN DRIVER, IFLAG=  4

 ERROR IN DRIVER, IFLAG=  4

 ERROR IN DRIVER, IFLAG=  4

 ERROR IN DRIVER, IFLAG=  4

 ERROR IN DRIVER, IFLAG=  4

 ERROR IN DRIVER, IFLAG=  4

 ERROR IN DRIVER, IFLAG=  4

 ERROR IN DRIVER, IFLAG=  4

 Time =       0.06300000  total FE      48422  delta fe   828
 ERROR IN DRIVER, IFLAG=  4

 ERROR IN DRIVER, IFLAG=  4

 ERROR IN DRIVER, IFLAG=  4

 ERROR IN DRIVER, IFLAG=  4

 ERROR IN DRIVER, IFLAG=  4

 ERROR IN DRIVER, IFLAG=  4

 ERROR IN DRIVER, IFLAG=  4

 Time =       0.06400000  total FE      49233  delta fe   811
 ERROR IN DRIVER, IFLAG=  4

 ERROR IN DRIVER, IFLAG=  4

 ERROR IN DRIVER, IFLAG=  4

 ERROR IN DRIVER, IFLAG=  4

 ERROR IN DRIVER, IFLAG=  4

 ERROR IN DRIVER, IFLAG=  4

 ERROR IN DRIVER, IFLAG=  4

 Time =       0.06500000  total FE      50051  delta fe   818
 ERROR IN DRIVER, IFLAG=  4

 ERROR IN DRIVER, IFLAG=  4

 ERROR IN DRIVER, IFLAG=  4

 ERROR IN DRIVER, IFLAG=  4

 ERROR IN DRIVER, IFLAG=  4

 ERROR IN DRIVER, IFLAG=  4

 ERROR IN DRIVER, IFLAG=  4

 Time =       0.06600000  total FE      50851  delta fe   800
 ERROR IN DRIVER, IFLAG=  4

 ERROR IN DRIVER, IFLAG=  4

 ERROR IN DRIVER, IFLAG=  4

 ERROR IN DRIVER, IFLAG=  4

 ERROR IN DRIVER, IFLAG=  4

 ERROR IN DRIVER, IFLAG=  4

 ERROR IN DRIVER, IFLAG=  4

 ERROR IN DRIVER, IFLAG=  4

 Time =       0.06700000  total FE      51696  delta fe   845
 ERROR IN DRIVER, IFLAG=  4

 ERROR IN DRIVER, IFLAG=  4

 ERROR IN DRIVER, IFLAG=  4

 ERROR IN DRIVER, IFLAG=  4

 ERROR IN DRIVER, IFLAG=  4

 ERROR IN DRIVER, IFLAG=  4

 ERROR IN DRIVER, IFLAG=  4

 Time =       0.06800000  total FE      52514  delta fe   818
 ERROR IN DRIVER, IFLAG=  4

 ERROR IN DRIVER, IFLAG=  4

 ERROR IN DRIVER, IFLAG=  4

 ERROR IN DRIVER, IFLAG=  4

 ERROR IN DRIVER, IFLAG=  4

 ERROR IN DRIVER, IFLAG=  4

 ERROR IN DRIVER, IFLAG=  4

 Time =       0.06900000  total FE      53331  delta fe   817
 ERROR IN DRIVER, IFLAG=  4

 ERROR IN DRIVER, IFLAG=  4

 ERROR IN DRIVER, IFLAG=  4

 ERROR IN DRIVER, IFLAG=  4

 ERROR IN DRIVER, IFLAG=  4

 ERROR IN DRIVER, IFLAG=  4

 ERROR IN DRIVER, IFLAG=  4

 ERROR IN DRIVER, IFLAG=  4

 Time =       0.07000000  total FE      54158  delta fe   827
 ERROR IN DRIVER, IFLAG=  4

 ERROR IN DRIVER, IFLAG=  4

 ERROR IN DRIVER, IFLAG=  4

 ERROR IN DRIVER, IFLAG=  4

 ERROR IN DRIVER, IFLAG=  4

 ERROR IN DRIVER, IFLAG=  4

 ERROR IN DRIVER, IFLAG=  4

 Time =       0.07100000  total FE      54975  delta fe   817
 ERROR IN DRIVER, IFLAG=  4

 ERROR IN DRIVER, IFLAG=  4

 ERROR IN DRIVER, IFLAG=  4

 ERROR IN DRIVER, IFLAG=  4

 ERROR IN DRIVER, IFLAG=  4

 ERROR IN DRIVER, IFLAG=  4

 ERROR IN DRIVER, IFLAG=  4

 Time =       0.07200000  total FE      55793  delta fe   818
 ERROR IN DRIVER, IFLAG=  4

 ERROR IN DRIVER, IFLAG=  4

 ERROR IN DRIVER, IFLAG=  4

 ERROR IN DRIVER, IFLAG=  4

 ERROR IN DRIVER, IFLAG=  4

 ERROR IN DRIVER, IFLAG=  4

 ERROR IN DRIVER, IFLAG=  4

 ERROR IN DRIVER, IFLAG=  4

 Time =       0.07300000  total FE      56623  delta fe   830
 ERROR IN DRIVER, IFLAG=  4

 ERROR IN DRIVER, IFLAG=  4

 ERROR IN DRIVER, IFLAG=  4

 ERROR IN DRIVER, IFLAG=  4

 ERROR IN DRIVER, IFLAG=  4

 ERROR IN DRIVER, IFLAG=  4

 ERROR IN DRIVER, IFLAG=  4

 Time =       0.07400000  total FE      57443  delta fe   820
 ERROR IN DRIVER, IFLAG=  4

 ERROR IN DRIVER, IFLAG=  4

 ERROR IN DRIVER, IFLAG=  4

 ERROR IN DRIVER, IFLAG=  4

 ERROR IN DRIVER, IFLAG=  4

 ERROR IN DRIVER, IFLAG=  4

 ERROR IN DRIVER, IFLAG=  4

 ERROR IN DRIVER, IFLAG=  4

 Time =       0.07500000  total FE      58277  delta fe   834
 ERROR IN DRIVER, IFLAG=  4

 ERROR IN DRIVER, IFLAG=  4

 ERROR IN DRIVER, IFLAG=  4

 ERROR IN DRIVER, IFLAG=  4

 ERROR IN DRIVER, IFLAG=  4

 ERROR IN DRIVER, IFLAG=  4

 ERROR IN DRIVER, IFLAG=  4

 ERROR IN DRIVER, IFLAG=  4

 Time =       0.07600000  total FE      59125  delta fe   848
 ERROR IN DRIVER, IFLAG=  4

 ERROR IN DRIVER, IFLAG=  4

 ERROR IN DRIVER, IFLAG=  4

 ERROR IN DRIVER, IFLAG=  4

 ERROR IN DRIVER, IFLAG=  4

 ERROR IN DRIVER, IFLAG=  4

 ERROR IN DRIVER, IFLAG=  4

 Time =       0.07700000  total FE      59926  delta fe   801
 ERROR IN DRIVER, IFLAG=  4

 ERROR IN DRIVER, IFLAG=  4

 ERROR IN DRIVER, IFLAG=  4

 ERROR IN DRIVER, IFLAG=  4

 ERROR IN DRIVER, IFLAG=  4

 ERROR IN DRIVER, IFLAG=  4

 ERROR IN DRIVER, IFLAG=  4

 Time =       0.07800000  total FE      60748  delta fe   822
 ERROR IN DRIVER, IFLAG=  4

 ERROR IN DRIVER, IFLAG=  4

 ERROR IN DRIVER, IFLAG=  4

 ERROR IN DRIVER, IFLAG=  4

 ERROR IN DRIVER, IFLAG=  4

 ERROR IN DRIVER, IFLAG=  4

 ERROR IN DRIVER, IFLAG=  4

 ERROR IN DRIVER, IFLAG=  4

 Time =       0.07900000  total FE      61589  delta fe   841
 ERROR IN DRIVER, IFLAG=  4

 ERROR IN DRIVER, IFLAG=  4

 ERROR IN DRIVER, IFLAG=  4

 ERROR IN DRIVER, IFLAG=  4

 ERROR IN DRIVER, IFLAG=  4

 ERROR IN DRIVER, IFLAG=  4

 ERROR IN DRIVER, IFLAG=  4

 ERROR IN DRIVER, IFLAG=  4

 Time =       0.08000000  total FE      62423  delta fe   834
 ERROR IN DRIVER, IFLAG=  4

 ERROR IN DRIVER, IFLAG=  4

 ERROR IN DRIVER, IFLAG=  4

 ERROR IN DRIVER, IFLAG=  4

 ERROR IN DRIVER, IFLAG=  4

 ERROR IN DRIVER, IFLAG=  4

 ERROR IN DRIVER, IFLAG=  4

 Time =       0.08100000  total FE      63239  delta fe   816
 ERROR IN DRIVER, IFLAG=  4

 ERROR IN DRIVER, IFLAG=  4

 ERROR IN DRIVER, IFLAG=  4

 ERROR IN DRIVER, IFLAG=  4

 ERROR IN DRIVER, IFLAG=  4

 ERROR IN DRIVER, IFLAG=  4

 ERROR IN DRIVER, IFLAG=  4

 Time =       0.08200000  total FE      64044  delta fe   805
 ERROR IN DRIVER, IFLAG=  4

 ERROR IN DRIVER, IFLAG=  4

 ERROR IN DRIVER, IFLAG=  4

 ERROR IN DRIVER, IFLAG=  4

 ERROR IN DRIVER, IFLAG=  4

 ERROR IN DRIVER, IFLAG=  4

 ERROR IN DRIVER, IFLAG=  4

 ERROR IN DRIVER, IFLAG=  4

 Time =       0.08300000  total FE      64898  delta fe   854
 ERROR IN DRIVER, IFLAG=  4

 ERROR IN DRIVER, IFLAG=  4

 ERROR IN DRIVER, IFLAG=  4

 ERROR IN DRIVER, IFLAG=  4

 ERROR IN DRIVER, IFLAG=  4

 ERROR IN DRIVER, IFLAG=  4

 ERROR IN DRIVER, IFLAG=  4

 ERROR IN DRIVER, IFLAG=  4

 Time =       0.08400000  total FE      65726  delta fe   828
 ERROR IN DRIVER, IFLAG=  4

 ERROR IN DRIVER, IFLAG=  4

 ERROR IN DRIVER, IFLAG=  4

 ERROR IN DRIVER, IFLAG=  4

 ERROR IN DRIVER, IFLAG=  4

 ERROR IN DRIVER, IFLAG=  4

 ERROR IN DRIVER, IFLAG=  4

 ERROR IN DRIVER, IFLAG=  4

 Time =       0.08500000  total FE      66553  delta fe   827
 ERROR IN DRIVER, IFLAG=  4

 ERROR IN DRIVER, IFLAG=  4

 ERROR IN DRIVER, IFLAG=  4

 ERROR IN DRIVER, IFLAG=  4

 ERROR IN DRIVER, IFLAG=  4

 ERROR IN DRIVER, IFLAG=  4

 ERROR IN DRIVER, IFLAG=  4

 Time =       0.08600000  total FE      67369  delta fe   816
 ERROR IN DRIVER, IFLAG=  4

 ERROR IN DRIVER, IFLAG=  4

 ERROR IN DRIVER, IFLAG=  4

 ERROR IN DRIVER, IFLAG=  4

 ERROR IN DRIVER, IFLAG=  4

 ERROR IN DRIVER, IFLAG=  4

 ERROR IN DRIVER, IFLAG=  4

 ERROR IN DRIVER, IFLAG=  4

 Time =       0.08700000  total FE      68215  delta fe   846
 ERROR IN DRIVER, IFLAG=  4

 ERROR IN DRIVER, IFLAG=  4

 ERROR IN DRIVER, IFLAG=  4

 ERROR IN DRIVER, IFLAG=  4

 ERROR IN DRIVER, IFLAG=  4

 ERROR IN DRIVER, IFLAG=  4

 ERROR IN DRIVER, IFLAG=  4

 ERROR IN DRIVER, IFLAG=  4

 Time =       0.08800000  total FE      69054  delta fe   839
 ERROR IN DRIVER, IFLAG=  4

 ERROR IN DRIVER, IFLAG=  4

 ERROR IN DRIVER, IFLAG=  4

 ERROR IN DRIVER, IFLAG=  4

 ERROR IN DRIVER, IFLAG=  4

 ERROR IN DRIVER, IFLAG=  4

 ERROR IN DRIVER, IFLAG=  4

 ERROR IN DRIVER, IFLAG=  4

 Time =       0.08900000  total FE      69884  delta fe   830
 ERROR IN DRIVER, IFLAG=  4

 ERROR IN DRIVER, IFLAG=  4

 ERROR IN DRIVER, IFLAG=  4

 ERROR IN DRIVER, IFLAG=  4

 ERROR IN DRIVER, IFLAG=  4

 ERROR IN DRIVER, IFLAG=  4

 ERROR IN DRIVER, IFLAG=  4

 Time =       0.09000000  total FE      70706  delta fe   822
 ERROR IN DRIVER, IFLAG=  4

 ERROR IN DRIVER, IFLAG=  4

 ERROR IN DRIVER, IFLAG=  4

 ERROR IN DRIVER, IFLAG=  4

 ERROR IN DRIVER, IFLAG=  4

 ERROR IN DRIVER, IFLAG=  4

 ERROR IN DRIVER, IFLAG=  4

 ERROR IN DRIVER, IFLAG=  4

 Time =       0.09100000  total FE      71538  delta fe   832
 ERROR IN DRIVER, IFLAG=  4

 ERROR IN DRIVER, IFLAG=  4

 ERROR IN DRIVER, IFLAG=  4

 ERROR IN DRIVER, IFLAG=  4

 ERROR IN DRIVER, IFLAG=  4

 ERROR IN DRIVER, IFLAG=  4

 ERROR IN DRIVER, IFLAG=  4

 ERROR IN DRIVER, IFLAG=  4

 Time =       0.09200000  total FE      72379  delta fe   841
 ERROR IN DRIVER, IFLAG=  4

 ERROR IN DRIVER, IFLAG=  4

 ERROR IN DRIVER, IFLAG=  4

 ERROR IN DRIVER, IFLAG=  4

 ERROR IN DRIVER, IFLAG=  4

 ERROR IN DRIVER, IFLAG=  4

 ERROR IN DRIVER, IFLAG=  4

 ERROR IN DRIVER, IFLAG=  4

 Time =       0.09300000  total FE      73232  delta fe   853
 ERROR IN DRIVER, IFLAG=  4

 ERROR IN DRIVER, IFLAG=  4

 ERROR IN DRIVER, IFLAG=  4

 ERROR IN DRIVER, IFLAG=  4

 ERROR IN DRIVER, IFLAG=  4

 ERROR IN DRIVER, IFLAG=  4

 ERROR IN DRIVER, IFLAG=  4

 ERROR IN DRIVER, IFLAG=  4

 Time =       0.09400000  total FE      74073  delta fe   841
 ERROR IN DRIVER, IFLAG=  4

 ERROR IN DRIVER, IFLAG=  4

 ERROR IN DRIVER, IFLAG=  4

 ERROR IN DRIVER, IFLAG=  4

 ERROR IN DRIVER, IFLAG=  4

 ERROR IN DRIVER, IFLAG=  4

 ERROR IN DRIVER, IFLAG=  4

 ERROR IN DRIVER, IFLAG=  4

 Time =       0.09500000  total FE      74921  delta fe   848
 ERROR IN DRIVER, IFLAG=  4

 ERROR IN DRIVER, IFLAG=  4

 ERROR IN DRIVER, IFLAG=  4

 ERROR IN DRIVER, IFLAG=  4

 ERROR IN DRIVER, IFLAG=  4

 ERROR IN DRIVER, IFLAG=  4

 ERROR IN DRIVER, IFLAG=  4

 Time =       0.09600000  total FE      75739  delta fe   818
 ERROR IN DRIVER, IFLAG=  4

 ERROR IN DRIVER, IFLAG=  4

 ERROR IN DRIVER, IFLAG=  4

 ERROR IN DRIVER, IFLAG=  4

 ERROR IN DRIVER, IFLAG=  4

 ERROR IN DRIVER, IFLAG=  4

 ERROR IN DRIVER, IFLAG=  4

 Time =       0.09700000  total FE      76558  delta fe   819
 ERROR IN DRIVER, IFLAG=  4

 ERROR IN DRIVER, IFLAG=  4

 ERROR IN DRIVER, IFLAG=  4

 ERROR IN DRIVER, IFLAG=  4

 ERROR IN DRIVER, IFLAG=  4

 ERROR IN DRIVER, IFLAG=  4

 ERROR IN DRIVER, IFLAG=  4

 ERROR IN DRIVER, IFLAG=  4

 Time =       0.09800000  total FE      77409  delta fe   851
 ERROR IN DRIVER, IFLAG=  4

 ERROR IN DRIVER, IFLAG=  4

 ERROR IN DRIVER, IFLAG=  4

 ERROR IN DRIVER, IFLAG=  4

 ERROR IN DRIVER, IFLAG=  4

 ERROR IN DRIVER, IFLAG=  4

 ERROR IN DRIVER, IFLAG=  4

 Time =       0.09900000  total FE      78229  delta fe   820
 ERROR IN DRIVER, IFLAG=  4

 ERROR IN DRIVER, IFLAG=  4

 ERROR IN DRIVER, IFLAG=  4

 ERROR IN DRIVER, IFLAG=  4

 ERROR IN DRIVER, IFLAG=  4

 ERROR IN DRIVER, IFLAG=  4

 ERROR IN DRIVER, IFLAG=  4

 ERROR IN DRIVER, IFLAG=  4

 ERROR IN DRIVER, IFLAG=  4

 Time =       0.10000000  total FE      79251  delta fe  1022
 ERROR IN DRIVER, IFLAG=  4

 ERROR IN DRIVER, IFLAG=  4

 ERROR IN DRIVER, IFLAG=  4

 ERROR IN DRIVER, IFLAG=  4

 ERROR IN DRIVER, IFLAG=  4

 ERROR IN DRIVER, IFLAG=  4

 ERROR IN DRIVER, IFLAG=  4

 ERROR IN DRIVER, IFLAG=  4

 ERROR IN DRIVER, IFLAG=  4

 ERROR IN DRIVER, IFLAG=  4

 Time =       0.10100000  total FE      80330  delta fe  1079
 ERROR IN DRIVER, IFLAG=  6

 Time =       0.10200000  total FE      80331  delta fe     1
 ERROR IN DRIVER, IFLAG=  6

 Time =       0.10300000  total FE      80332  delta fe     1
 ERROR IN DRIVER, IFLAG=  6

 Time =       0.10400000  total FE      80333  delta fe     1
 ERROR IN DRIVER, IFLAG=  6

 Time =       0.10500000  total FE      80334  delta fe     1
 ERROR IN DRIVER, IFLAG=  6

 Time =       0.10600000  total FE      80335  delta fe     1
 ERROR IN DRIVER, IFLAG=  6

 Time =       0.10700000  total FE      80336  delta fe     1
